[0.792s] Invoking command in '/home/abhinand/Envisage/catatron_ws/src/catatron_description': PYTHONPATH=/home/abhinand/Envisage/catatron_ws/build/catatron_description/prefix_override:/usr/lib/python3/dist-packages/colcon_core/task/python/colcon_distutils_commands:/home/abhinand/Envisage/catatron_ws/install/catatron_description/lib/python3.10/site-packages:${PYTHONPATH} /usr/bin/python3 -W ignore:setup.py install is deprecated setup.py egg_info --egg-base ../../build/catatron_description build --build-base /home/abhinand/Envisage/catatron_ws/build/catatron_description/build install --record /home/abhinand/Envisage/catatron_ws/build/catatron_description/install.log --single-version-externally-managed install_data
[1.055s] running egg_info
[1.055s] writing ../../build/catatron_description/catatron_description.egg-info/PKG-INFO
[1.055s] writing dependency_links to ../../build/catatron_description/catatron_description.egg-info/dependency_links.txt
[1.056s] writing entry points to ../../build/catatron_description/catatron_description.egg-info/entry_points.txt
[1.056s] writing requirements to ../../build/catatron_description/catatron_description.egg-info/requires.txt
[1.056s] writing top-level names to ../../build/catatron_description/catatron_description.egg-info/top_level.txt
[1.057s] reading manifest file '../../build/catatron_description/catatron_description.egg-info/SOURCES.txt'
[1.058s] writing manifest file '../../build/catatron_description/catatron_description.egg-info/SOURCES.txt'
[1.058s] running build
[1.058s] running build_py
[1.059s] running install
[1.059s] running install_lib
[1.059s] running install_data
[1.060s] copying scripts/inv_kin.py -> /home/abhinand/Envisage/catatron_ws/install/catatron_description/share/catatron_description/scripts
[1.060s] running install_egg_info
[1.061s] removing '/home/abhinand/Envisage/catatron_ws/install/catatron_description/lib/python3.10/site-packages/catatron_description-0.1.0-py3.10.egg-info' (and everything under it)
[1.061s] Copying ../../build/catatron_description/catatron_description.egg-info to /home/abhinand/Envisage/catatron_ws/install/catatron_description/lib/python3.10/site-packages/catatron_description-0.1.0-py3.10.egg-info
[1.062s] running install_scripts
[1.078s] Installing controller script to /home/abhinand/Envisage/catatron_ws/install/catatron_description/lib/catatron_description
[1.079s] Installing inv_kin script to /home/abhinand/Envisage/catatron_ws/install/catatron_description/lib/catatron_description
[1.079s] Installing robot_launch script to /home/abhinand/Envisage/catatron_ws/install/catatron_description/lib/catatron_description
[1.079s] writing list of installed files to '/home/abhinand/Envisage/catatron_ws/build/catatron_description/install.log'
[1.107s] Invoked command in '/home/abhinand/Envisage/catatron_ws/src/catatron_description' returned '0': PYTHONPATH=/home/abhinand/Envisage/catatron_ws/build/catatron_description/prefix_override:/usr/lib/python3/dist-packages/colcon_core/task/python/colcon_distutils_commands:/home/abhinand/Envisage/catatron_ws/install/catatron_description/lib/python3.10/site-packages:${PYTHONPATH} /usr/bin/python3 -W ignore:setup.py install is deprecated setup.py egg_info --egg-base ../../build/catatron_description build --build-base /home/abhinand/Envisage/catatron_ws/build/catatron_description/build install --record /home/abhinand/Envisage/catatron_ws/build/catatron_description/install.log --single-version-externally-managed install_data
