[0.637s] Invoking command in '/home/abhinand/Envisage/catatron_ws/src/catatron_description': PYTHONPATH=/home/abhinand/Envisage/catatron_ws/build/catatron_description/prefix_override:/usr/lib/python3/dist-packages/colcon_core/task/python/colcon_distutils_commands:/home/abhinand/Envisage/catatron_ws/install/catatron_description/lib/python3.10/site-packages:${PYTHONPATH} /usr/bin/python3 -W ignore:setup.py install is deprecated setup.py egg_info --egg-base ../../build/catatron_description build --build-base /home/abhinand/Envisage/catatron_ws/build/catatron_description/build install --record /home/abhinand/Envisage/catatron_ws/build/catatron_description/install.log --single-version-externally-managed install_data
[0.888s] running egg_info
[0.889s] writing ../../build/catatron_description/catatron_description.egg-info/PKG-INFO
[0.889s] writing dependency_links to ../../build/catatron_description/catatron_description.egg-info/dependency_links.txt
[0.889s] writing entry points to ../../build/catatron_description/catatron_description.egg-info/entry_points.txt
[0.889s] writing requirements to ../../build/catatron_description/catatron_description.egg-info/requires.txt
[0.889s] writing top-level names to ../../build/catatron_description/catatron_description.egg-info/top_level.txt
[0.891s] reading manifest file '../../build/catatron_description/catatron_description.egg-info/SOURCES.txt'
[0.892s] writing manifest file '../../build/catatron_description/catatron_description.egg-info/SOURCES.txt'
[0.892s] running build
[0.892s] running build_py
[0.892s] copying catatron_description/inv_kin_node.py -> /home/abhinand/Envisage/catatron_ws/build/catatron_description/build/lib/catatron_description
[0.892s] running install
[0.893s] running install_lib
[0.893s] copying /home/abhinand/Envisage/catatron_ws/build/catatron_description/build/lib/catatron_description/inv_kin_node.py -> /home/abhinand/Envisage/catatron_ws/install/catatron_description/lib/python3.10/site-packages/catatron_description
[0.894s] byte-compiling /home/abhinand/Envisage/catatron_ws/install/catatron_description/lib/python3.10/site-packages/catatron_description/inv_kin_node.py to inv_kin_node.cpython-310.pyc
[0.895s] running install_data
[0.896s] copying catatron_description/inv_kin_node.py -> /home/abhinand/Envisage/catatron_ws/install/catatron_description/share/catatron_description/catatron_description
[0.896s] running install_egg_info
[0.897s] removing '/home/abhinand/Envisage/catatron_ws/install/catatron_description/lib/python3.10/site-packages/catatron_description-0.1.0-py3.10.egg-info' (and everything under it)
[0.897s] Copying ../../build/catatron_description/catatron_description.egg-info to /home/abhinand/Envisage/catatron_ws/install/catatron_description/lib/python3.10/site-packages/catatron_description-0.1.0-py3.10.egg-info
[0.898s] running install_scripts
[0.914s] Installing controller script to /home/abhinand/Envisage/catatron_ws/install/catatron_description/lib/catatron_description
[0.914s] Installing inv_kin_node script to /home/abhinand/Envisage/catatron_ws/install/catatron_description/lib/catatron_description
[0.915s] Installing joint_angles_check script to /home/abhinand/Envisage/catatron_ws/install/catatron_description/lib/catatron_description
[0.915s] Installing joint_angles_param script to /home/abhinand/Envisage/catatron_ws/install/catatron_description/lib/catatron_description
[0.915s] Installing robot_launch script to /home/abhinand/Envisage/catatron_ws/install/catatron_description/lib/catatron_description
[0.915s] writing list of installed files to '/home/abhinand/Envisage/catatron_ws/build/catatron_description/install.log'
[0.945s] Invoked command in '/home/abhinand/Envisage/catatron_ws/src/catatron_description' returned '0': PYTHONPATH=/home/abhinand/Envisage/catatron_ws/build/catatron_description/prefix_override:/usr/lib/python3/dist-packages/colcon_core/task/python/colcon_distutils_commands:/home/abhinand/Envisage/catatron_ws/install/catatron_description/lib/python3.10/site-packages:${PYTHONPATH} /usr/bin/python3 -W ignore:setup.py install is deprecated setup.py egg_info --egg-base ../../build/catatron_description build --build-base /home/abhinand/Envisage/catatron_ws/build/catatron_description/build install --record /home/abhinand/Envisage/catatron_ws/build/catatron_description/install.log --single-version-externally-managed install_data
