[0.754s] Invoking command in '/home/ajoymathew07/Catatron/Catatron/src/catatron_description': PYTHONPATH=/home/ajoymathew07/Catatron/Catatron/build/catatron_description/prefix_override:/usr/lib/python3/dist-packages/colcon_core/task/python/colcon_distutils_commands:/home/ajoymathew07/Catatron/Catatron/install/catatron_description/lib/python3.10/site-packages:${PYTHONPATH} /usr/bin/python3 -W ignore:setup.py install is deprecated -W ignore:easy_install command is deprecated setup.py egg_info --egg-base ../../build/catatron_description build --build-base /home/ajoymathew07/Catatron/Catatron/build/catatron_description/build install --record /home/ajoymathew07/Catatron/Catatron/build/catatron_description/install.log --single-version-externally-managed install_data
[0.937s] running egg_info
[0.949s] writing ../../build/catatron_description/catatron_description.egg-info/PKG-INFO
[0.950s] writing dependency_links to ../../build/catatron_description/catatron_description.egg-info/dependency_links.txt
[0.950s] writing entry points to ../../build/catatron_description/catatron_description.egg-info/entry_points.txt
[0.950s] writing requirements to ../../build/catatron_description/catatron_description.egg-info/requires.txt
[0.950s] writing top-level names to ../../build/catatron_description/catatron_description.egg-info/top_level.txt
[0.975s] reading manifest file '../../build/catatron_description/catatron_description.egg-info/SOURCES.txt'
[0.977s] writing manifest file '../../build/catatron_description/catatron_description.egg-info/SOURCES.txt'
[0.977s] running build
[0.977s] running build_py
[0.977s] copying catatron_description/controller.py -> /home/ajoymathew07/Catatron/Catatron/build/catatron_description/build/lib/catatron_description
[0.977s] copying catatron_description/inv_kin_dual.py -> /home/ajoymathew07/Catatron/Catatron/build/catatron_description/build/lib/catatron_description
[0.977s] copying catatron_description/__init__.py -> /home/ajoymathew07/Catatron/Catatron/build/catatron_description/build/lib/catatron_description
[0.978s] copying catatron_description/joint_angles_param.py -> /home/ajoymathew07/Catatron/Catatron/build/catatron_description/build/lib/catatron_description
[0.978s] copying catatron_description/joint_angles_check.py -> /home/ajoymathew07/Catatron/Catatron/build/catatron_description/build/lib/catatron_description
[0.978s] copying catatron_description/inv_kin_node.py -> /home/ajoymathew07/Catatron/Catatron/build/catatron_description/build/lib/catatron_description
[0.978s] running install
[0.981s] running install_lib
[0.994s] running install_data
[0.994s] copying resource/catatron_description -> /home/ajoymathew07/Catatron/Catatron/install/catatron_description/share/ament_index/resource_index/packages
[0.994s] copying package.xml -> /home/ajoymathew07/Catatron/Catatron/install/catatron_description/share/catatron_description
[0.995s] copying launch/robot.launch.py -> /home/ajoymathew07/Catatron/Catatron/install/catatron_description/share/catatron_description/launch
[0.995s] copying launch/pushup.launch.py -> /home/ajoymathew07/Catatron/Catatron/install/catatron_description/share/catatron_description/launch
[0.995s] copying urdf/catatron.urdf -> /home/ajoymathew07/Catatron/Catatron/install/catatron_description/share/catatron_description/urdf
[0.995s] copying mesh_files/FR1_obj.obj -> /home/ajoymathew07/Catatron/Catatron/install/catatron_description/share/catatron_description/mesh_files
[1.002s] copying mesh_files/FL1_obj.mtl -> /home/ajoymathew07/Catatron/Catatron/install/catatron_description/share/catatron_description/mesh_files
[1.002s] copying mesh_files/thread.jpg -> /home/ajoymathew07/Catatron/Catatron/install/catatron_description/share/catatron_description/mesh_files
[1.002s] copying mesh_files/L2_obj.mtl -> /home/ajoymathew07/Catatron/Catatron/install/catatron_description/share/catatron_description/mesh_files
[1.002s] copying mesh_files/L3_obj.obj -> /home/ajoymathew07/Catatron/Catatron/install/catatron_description/share/catatron_description/mesh_files
[1.007s] copying mesh_files/R3_obj.mtl -> /home/ajoymathew07/Catatron/Catatron/install/catatron_description/share/catatron_description/mesh_files
[1.007s] copying mesh_files/body_obj.obj -> /home/ajoymathew07/Catatron/Catatron/install/catatron_description/share/catatron_description/mesh_files
[1.085s] copying mesh_files/FR1_obj.mtl -> /home/ajoymathew07/Catatron/Catatron/install/catatron_description/share/catatron_description/mesh_files
[1.085s] copying mesh_files/FL1_obj.obj -> /home/ajoymathew07/Catatron/Catatron/install/catatron_description/share/catatron_description/mesh_files
[1.092s] copying mesh_files/RR1_obj.obj -> /home/ajoymathew07/Catatron/Catatron/install/catatron_description/share/catatron_description/mesh_files
[1.099s] copying mesh_files/RL1_obj.mtl -> /home/ajoymathew07/Catatron/Catatron/install/catatron_description/share/catatron_description/mesh_files
[1.099s] copying mesh_files/RL1_obj.obj -> /home/ajoymathew07/Catatron/Catatron/install/catatron_description/share/catatron_description/mesh_files
[1.107s] copying mesh_files/RR1_obj.mtl -> /home/ajoymathew07/Catatron/Catatron/install/catatron_description/share/catatron_description/mesh_files
[1.107s] copying mesh_files/L2_obj.obj -> /home/ajoymathew07/Catatron/Catatron/install/catatron_description/share/catatron_description/mesh_files
[1.112s] copying mesh_files/R2_obj.mtl -> /home/ajoymathew07/Catatron/Catatron/install/catatron_description/share/catatron_description/mesh_files
[1.113s] copying mesh_files/R2_obj.obj -> /home/ajoymathew07/Catatron/Catatron/install/catatron_description/share/catatron_description/mesh_files
[1.118s] copying mesh_files/L3_obj.mtl -> /home/ajoymathew07/Catatron/Catatron/install/catatron_description/share/catatron_description/mesh_files
[1.118s] copying mesh_files/R3_obj.obj -> /home/ajoymathew07/Catatron/Catatron/install/catatron_description/share/catatron_description/mesh_files
[1.122s] copying mesh_files/body_obj.mtl -> /home/ajoymathew07/Catatron/Catatron/install/catatron_description/share/catatron_description/mesh_files
[1.122s] copying config/joint_controller.yaml -> /home/ajoymathew07/Catatron/Catatron/install/catatron_description/share/catatron_description/config
[1.123s] copying catatron_description/controller.py -> /home/ajoymathew07/Catatron/Catatron/install/catatron_description/share/catatron_description/catatron_description
[1.123s] copying catatron_description/inv_kin_dual.py -> /home/ajoymathew07/Catatron/Catatron/install/catatron_description/share/catatron_description/catatron_description
[1.123s] copying catatron_description/__init__.py -> /home/ajoymathew07/Catatron/Catatron/install/catatron_description/share/catatron_description/catatron_description
[1.123s] copying catatron_description/joint_angles_param.py -> /home/ajoymathew07/Catatron/Catatron/install/catatron_description/share/catatron_description/catatron_description
[1.123s] copying catatron_description/joint_angles_check.py -> /home/ajoymathew07/Catatron/Catatron/install/catatron_description/share/catatron_description/catatron_description
[1.123s] copying catatron_description/inv_kin_node.py -> /home/ajoymathew07/Catatron/Catatron/install/catatron_description/share/catatron_description/catatron_description
[1.124s] copying worlds/empty_world.world -> /home/ajoymathew07/Catatron/Catatron/install/catatron_description/share/catatron_description/worlds
[1.124s] running install_egg_info
[1.138s] removing '/home/ajoymathew07/Catatron/Catatron/install/catatron_description/lib/python3.10/site-packages/catatron_description-0.1.0-py3.10.egg-info' (and everything under it)
[1.139s] Copying ../../build/catatron_description/catatron_description.egg-info to /home/ajoymathew07/Catatron/Catatron/install/catatron_description/lib/python3.10/site-packages/catatron_description-0.1.0-py3.10.egg-info
[1.140s] running install_scripts
[1.251s] Installing controller script to /home/ajoymathew07/Catatron/Catatron/install/catatron_description/lib/catatron_description
[1.251s] Installing inv_kin_node script to /home/ajoymathew07/Catatron/Catatron/install/catatron_description/lib/catatron_description
[1.252s] Installing joint_angles_check script to /home/ajoymathew07/Catatron/Catatron/install/catatron_description/lib/catatron_description
[1.252s] Installing joint_angles_param script to /home/ajoymathew07/Catatron/Catatron/install/catatron_description/lib/catatron_description
[1.252s] Installing robot_launch script to /home/ajoymathew07/Catatron/Catatron/install/catatron_description/lib/catatron_description
[1.252s] writing list of installed files to '/home/ajoymathew07/Catatron/Catatron/build/catatron_description/install.log'
[1.271s] Invoked command in '/home/ajoymathew07/Catatron/Catatron/src/catatron_description' returned '0': PYTHONPATH=/home/ajoymathew07/Catatron/Catatron/build/catatron_description/prefix_override:/usr/lib/python3/dist-packages/colcon_core/task/python/colcon_distutils_commands:/home/ajoymathew07/Catatron/Catatron/install/catatron_description/lib/python3.10/site-packages:${PYTHONPATH} /usr/bin/python3 -W ignore:setup.py install is deprecated -W ignore:easy_install command is deprecated setup.py egg_info --egg-base ../../build/catatron_description build --build-base /home/ajoymathew07/Catatron/Catatron/build/catatron_description/build install --record /home/ajoymathew07/Catatron/Catatron/build/catatron_description/install.log --single-version-externally-managed install_data
