[0.964s] Invoking command in '/home/abhinand/Envisage/catatron_ws/src/catatron_gait_control': PYTHONPATH=/home/abhinand/Envisage/catatron_ws/build/catatron_gait_control/prefix_override:/usr/lib/python3/dist-packages/colcon_core/task/python/colcon_distutils_commands:/home/abhinand/Envisage/catatron_ws/install/catatron_gait_control/lib/python3.10/site-packages:${PYTHONPATH} /usr/bin/python3 -W ignore:setup.py install is deprecated setup.py egg_info --egg-base ../../build/catatron_gait_control build --build-base /home/abhinand/Envisage/catatron_ws/build/catatron_gait_control/build install --record /home/abhinand/Envisage/catatron_ws/build/catatron_gait_control/install.log --single-version-externally-managed install_data
[1.224s] running egg_info
[1.225s] writing ../../build/catatron_gait_control/catatron_gait_control.egg-info/PKG-INFO
[1.225s] writing dependency_links to ../../build/catatron_gait_control/catatron_gait_control.egg-info/dependency_links.txt
[1.225s] writing entry points to ../../build/catatron_gait_control/catatron_gait_control.egg-info/entry_points.txt
[1.225s] writing requirements to ../../build/catatron_gait_control/catatron_gait_control.egg-info/requires.txt
[1.226s] writing top-level names to ../../build/catatron_gait_control/catatron_gait_control.egg-info/top_level.txt
[1.227s] reading manifest file '../../build/catatron_gait_control/catatron_gait_control.egg-info/SOURCES.txt'
[1.228s] writing manifest file '../../build/catatron_gait_control/catatron_gait_control.egg-info/SOURCES.txt'
[1.228s] running build
[1.228s] running build_py
[1.229s] copying catatron_gait_control/CatatronMainControl.py -> /home/abhinand/Envisage/catatron_ws/build/catatron_gait_control/build/lib/catatron_gait_control
[1.229s] running install
[1.229s] running install_lib
[1.230s] copying /home/abhinand/Envisage/catatron_ws/build/catatron_gait_control/build/lib/catatron_gait_control/CatatronMainControl.py -> /home/abhinand/Envisage/catatron_ws/install/catatron_gait_control/lib/python3.10/site-packages/catatron_gait_control
[1.231s] byte-compiling /home/abhinand/Envisage/catatron_ws/install/catatron_gait_control/lib/python3.10/site-packages/catatron_gait_control/CatatronMainControl.py to CatatronMainControl.cpython-310.pyc
[1.232s] running install_data
[1.232s] copying catatron_gait_control/CatatronMainControl.py -> /home/abhinand/Envisage/catatron_ws/install/catatron_gait_control/share/catatron_gait_control/catatron_gait_control
[1.233s] running install_egg_info
[1.234s] removing '/home/abhinand/Envisage/catatron_ws/install/catatron_gait_control/lib/python3.10/site-packages/catatron_gait_control-0.0.0-py3.10.egg-info' (and everything under it)
[1.234s] Copying ../../build/catatron_gait_control/catatron_gait_control.egg-info to /home/abhinand/Envisage/catatron_ws/install/catatron_gait_control/lib/python3.10/site-packages/catatron_gait_control-0.0.0-py3.10.egg-info
[1.235s] running install_scripts
[1.252s] Installing joy script to /home/abhinand/Envisage/catatron_ws/install/catatron_gait_control/lib/catatron_gait_control
[1.252s] Installing joystick_controller script to /home/abhinand/Envisage/catatron_ws/install/catatron_gait_control/lib/catatron_gait_control
[1.252s] Installing main_control script to /home/abhinand/Envisage/catatron_ws/install/catatron_gait_control/lib/catatron_gait_control
[1.252s] writing list of installed files to '/home/abhinand/Envisage/catatron_ws/build/catatron_gait_control/install.log'
[1.283s] Invoked command in '/home/abhinand/Envisage/catatron_ws/src/catatron_gait_control' returned '0': PYTHONPATH=/home/abhinand/Envisage/catatron_ws/build/catatron_gait_control/prefix_override:/usr/lib/python3/dist-packages/colcon_core/task/python/colcon_distutils_commands:/home/abhinand/Envisage/catatron_ws/install/catatron_gait_control/lib/python3.10/site-packages:${PYTHONPATH} /usr/bin/python3 -W ignore:setup.py install is deprecated setup.py egg_info --egg-base ../../build/catatron_gait_control build --build-base /home/abhinand/Envisage/catatron_ws/build/catatron_gait_control/build install --record /home/abhinand/Envisage/catatron_ws/build/catatron_gait_control/install.log --single-version-externally-managed install_data
