running egg_info
writing ../../build/catatron_description/catatron_description.egg-info/PKG-INFO
writing dependency_links to ../../build/catatron_description/catatron_description.egg-info/dependency_links.txt
writing entry points to ../../build/catatron_description/catatron_description.egg-info/entry_points.txt
writing requirements to ../../build/catatron_description/catatron_description.egg-info/requires.txt
writing top-level names to ../../build/catatron_description/catatron_description.egg-info/top_level.txt
reading manifest file '../../build/catatron_description/catatron_description.egg-info/SOURCES.txt'
writing manifest file '../../build/catatron_description/catatron_description.egg-info/SOURCES.txt'
running build
running build_py
running install
running install_lib
running install_data
copying launch/pushup.launch.py -> /home/ajoymathew07/Catatron/Catatron/install/catatron_description/share/catatron_description/launch
running install_egg_info
removing '/home/ajoymathew07/Catatron/Catatron/install/catatron_description/lib/python3.10/site-packages/catatron_description-0.1.0-py3.10.egg-info' (and everything under it)
Copying ../../build/catatron_description/catatron_description.egg-info to /home/ajoymathew07/Catatron/Catatron/install/catatron_description/lib/python3.10/site-packages/catatron_description-0.1.0-py3.10.egg-info
running install_scripts
Installing controller script to /home/ajoymathew07/Catatron/Catatron/install/catatron_description/lib/catatron_description
Installing inv_kin_node script to /home/ajoymathew07/Catatron/Catatron/install/catatron_description/lib/catatron_description
Installing joint_angles_check script to /home/ajoymathew07/Catatron/Catatron/install/catatron_description/lib/catatron_description
Installing joint_angles_param script to /home/ajoymathew07/Catatron/Catatron/install/catatron_description/lib/catatron_description
Installing robot_launch script to /home/ajoymathew07/Catatron/Catatron/install/catatron_description/lib/catatron_description
writing list of installed files to '/home/ajoymathew07/Catatron/Catatron/build/catatron_description/install.log'
