[0.915s] Invoking command in '/home/ajoymathew07/Catatron/Catatron/src/catatron_gait_control': PYTHONPATH=/home/ajoymathew07/Catatron/Catatron/build/catatron_gait_control/prefix_override:/usr/lib/python3/dist-packages/colcon_core/task/python/colcon_distutils_commands:/home/ajoymathew07/Catatron/Catatron/install/catatron_gait_control/lib/python3.10/site-packages:${PYTHONPATH} /usr/bin/python3 -W ignore:setup.py install is deprecated -W ignore:easy_install command is deprecated setup.py egg_info --egg-base ../../build/catatron_gait_control build --build-base /home/ajoymathew07/Catatron/Catatron/build/catatron_gait_control/build install --record /home/ajoymathew07/Catatron/Catatron/build/catatron_gait_control/install.log --single-version-externally-managed install_data
[1.095s] running egg_info
[1.095s] writing ../../build/catatron_gait_control/catatron_gait_control.egg-info/PKG-INFO
[1.095s] writing dependency_links to ../../build/catatron_gait_control/catatron_gait_control.egg-info/dependency_links.txt
[1.095s] writing entry points to ../../build/catatron_gait_control/catatron_gait_control.egg-info/entry_points.txt
[1.096s] writing requirements to ../../build/catatron_gait_control/catatron_gait_control.egg-info/requires.txt
[1.096s] writing top-level names to ../../build/catatron_gait_control/catatron_gait_control.egg-info/top_level.txt
[1.098s] reading manifest file '../../build/catatron_gait_control/catatron_gait_control.egg-info/SOURCES.txt'
[1.099s] writing manifest file '../../build/catatron_gait_control/catatron_gait_control.egg-info/SOURCES.txt'
[1.099s] running build
[1.099s] running build_py
[1.099s] copying catatron_gait_control/CatatronMainControl.py -> /home/ajoymathew07/Catatron/Catatron/build/catatron_gait_control/build/lib/catatron_gait_control
[1.100s] running install
[1.100s] running install_lib
[1.101s] copying /home/ajoymathew07/Catatron/Catatron/build/catatron_gait_control/build/lib/catatron_gait_control/CatatronMainControl.py -> /home/ajoymathew07/Catatron/Catatron/install/catatron_gait_control/lib/python3.10/site-packages/catatron_gait_control
[1.101s] byte-compiling /home/ajoymathew07/Catatron/Catatron/install/catatron_gait_control/lib/python3.10/site-packages/catatron_gait_control/CatatronMainControl.py to CatatronMainControl.cpython-310.pyc
[1.103s] running install_data
[1.103s] running install_egg_info
[1.104s] removing '/home/ajoymathew07/Catatron/Catatron/install/catatron_gait_control/lib/python3.10/site-packages/catatron_gait_control-0.0.0-py3.10.egg-info' (and everything under it)
[1.105s] Copying ../../build/catatron_gait_control/catatron_gait_control.egg-info to /home/ajoymathew07/Catatron/Catatron/install/catatron_gait_control/lib/python3.10/site-packages/catatron_gait_control-0.0.0-py3.10.egg-info
[1.105s] running install_scripts
[1.122s] Installing joy script to /home/ajoymathew07/Catatron/Catatron/install/catatron_gait_control/lib/catatron_gait_control
[1.123s] Installing joystick_controller script to /home/ajoymathew07/Catatron/Catatron/install/catatron_gait_control/lib/catatron_gait_control
[1.123s] Installing main_control script to /home/ajoymathew07/Catatron/Catatron/install/catatron_gait_control/lib/catatron_gait_control
[1.124s] writing list of installed files to '/home/ajoymathew07/Catatron/Catatron/build/catatron_gait_control/install.log'
[1.152s] Invoked command in '/home/ajoymathew07/Catatron/Catatron/src/catatron_gait_control' returned '0': PYTHONPATH=/home/ajoymathew07/Catatron/Catatron/build/catatron_gait_control/prefix_override:/usr/lib/python3/dist-packages/colcon_core/task/python/colcon_distutils_commands:/home/ajoymathew07/Catatron/Catatron/install/catatron_gait_control/lib/python3.10/site-packages:${PYTHONPATH} /usr/bin/python3 -W ignore:setup.py install is deprecated -W ignore:easy_install command is deprecated setup.py egg_info --egg-base ../../build/catatron_gait_control build --build-base /home/ajoymathew07/Catatron/Catatron/build/catatron_gait_control/build install --record /home/ajoymathew07/Catatron/Catatron/build/catatron_gait_control/install.log --single-version-externally-managed install_data
