[0.784s] Invoking command in '/home/ajoymathew07/Catatron/Catatron/src/catatron_gait_control': PYTHONPATH=/home/ajoymathew07/Catatron/Catatron/build/catatron_gait_control/prefix_override:/usr/lib/python3/dist-packages/colcon_core/task/python/colcon_distutils_commands:/home/ajoymathew07/Catatron/Catatron/install/catatron_gait_control/lib/python3.10/site-packages:${PYTHONPATH} /usr/bin/python3 -W ignore:setup.py install is deprecated -W ignore:easy_install command is deprecated setup.py egg_info --egg-base ../../build/catatron_gait_control build --build-base /home/ajoymathew07/Catatron/Catatron/build/catatron_gait_control/build install --record /home/ajoymathew07/Catatron/Catatron/build/catatron_gait_control/install.log --single-version-externally-managed install_data
[0.977s] running egg_info
[0.990s] writing ../../build/catatron_gait_control/catatron_gait_control.egg-info/PKG-INFO
[0.991s] writing dependency_links to ../../build/catatron_gait_control/catatron_gait_control.egg-info/dependency_links.txt
[0.991s] writing entry points to ../../build/catatron_gait_control/catatron_gait_control.egg-info/entry_points.txt
[0.991s] writing requirements to ../../build/catatron_gait_control/catatron_gait_control.egg-info/requires.txt
[0.991s] writing top-level names to ../../build/catatron_gait_control/catatron_gait_control.egg-info/top_level.txt
[1.020s] reading manifest file '../../build/catatron_gait_control/catatron_gait_control.egg-info/SOURCES.txt'
[1.021s] writing manifest file '../../build/catatron_gait_control/catatron_gait_control.egg-info/SOURCES.txt'
[1.021s] running build
[1.021s] running build_py
[1.022s] copying catatron_gait_control/IK.py -> /home/ajoymathew07/Catatron/Catatron/build/catatron_gait_control/build/lib/catatron_gait_control
[1.022s] copying catatron_gait_control/CatatronCrawl.py -> /home/ajoymathew07/Catatron/Catatron/build/catatron_gait_control/build/lib/catatron_gait_control
[1.022s] copying catatron_gait_control/CatatronRest.py -> /home/ajoymathew07/Catatron/Catatron/build/catatron_gait_control/build/lib/catatron_gait_control
[1.022s] copying catatron_gait_control/CatatronStand.py -> /home/ajoymathew07/Catatron/Catatron/build/catatron_gait_control/build/lib/catatron_gait_control
[1.022s] copying catatron_gait_control/__init__.py -> /home/ajoymathew07/Catatron/Catatron/build/catatron_gait_control/build/lib/catatron_gait_control
[1.022s] copying catatron_gait_control/PID.py -> /home/ajoymathew07/Catatron/Catatron/build/catatron_gait_control/build/lib/catatron_gait_control
[1.022s] copying catatron_gait_control/tempCodeRunnerFile.py -> /home/ajoymathew07/Catatron/Catatron/build/catatron_gait_control/build/lib/catatron_gait_control
[1.023s] copying catatron_gait_control/State.py -> /home/ajoymathew07/Catatron/Catatron/build/catatron_gait_control/build/lib/catatron_gait_control
[1.023s] copying catatron_gait_control/Transformations.py -> /home/ajoymathew07/Catatron/Catatron/build/catatron_gait_control/build/lib/catatron_gait_control
[1.023s] copying catatron_gait_control/ArgJoy.py -> /home/ajoymathew07/Catatron/Catatron/build/catatron_gait_control/build/lib/catatron_gait_control
[1.023s] copying catatron_gait_control/GaitProperties.py -> /home/ajoymathew07/Catatron/Catatron/build/catatron_gait_control/build/lib/catatron_gait_control
[1.023s] copying catatron_gait_control/CatatronGaitControl.py -> /home/ajoymathew07/Catatron/Catatron/build/catatron_gait_control/build/lib/catatron_gait_control
[1.023s] copying catatron_gait_control/CatatronTrot.py -> /home/ajoymathew07/Catatron/Catatron/build/catatron_gait_control/build/lib/catatron_gait_control
[1.024s] copying catatron_gait_control/CatatronMainControl.py -> /home/ajoymathew07/Catatron/Catatron/build/catatron_gait_control/build/lib/catatron_gait_control
[1.024s] copying catatron_gait_control/JoystickController.py -> /home/ajoymathew07/Catatron/Catatron/build/catatron_gait_control/build/lib/catatron_gait_control
[1.024s] running install
[1.028s] running install_lib
[1.042s] copying /home/ajoymathew07/Catatron/Catatron/build/catatron_gait_control/build/lib/catatron_gait_control/CatatronMainControl.py -> /home/ajoymathew07/Catatron/Catatron/install/catatron_gait_control/lib/python3.10/site-packages/catatron_gait_control
[1.042s] byte-compiling /home/ajoymathew07/Catatron/Catatron/install/catatron_gait_control/lib/python3.10/site-packages/catatron_gait_control/CatatronMainControl.py to CatatronMainControl.cpython-310.pyc
[1.044s] running install_data
[1.044s] copying resource/catatron_gait_control -> /home/ajoymathew07/Catatron/Catatron/install/catatron_gait_control/share/ament_index/resource_index/packages
[1.044s] copying package.xml -> /home/ajoymathew07/Catatron/Catatron/install/catatron_gait_control/share/catatron_gait_control
[1.044s] copying launch/CatatronGait.launch.py -> /home/ajoymathew07/Catatron/Catatron/install/catatron_gait_control/share/catatron_gait_control/launch
[1.044s] running install_egg_info
[1.061s] removing '/home/ajoymathew07/Catatron/Catatron/install/catatron_gait_control/lib/python3.10/site-packages/catatron_gait_control-0.0.0-py3.10.egg-info' (and everything under it)
[1.061s] Copying ../../build/catatron_gait_control/catatron_gait_control.egg-info to /home/ajoymathew07/Catatron/Catatron/install/catatron_gait_control/lib/python3.10/site-packages/catatron_gait_control-0.0.0-py3.10.egg-info
[1.062s] running install_scripts
[1.183s] Installing joy script to /home/ajoymathew07/Catatron/Catatron/install/catatron_gait_control/lib/catatron_gait_control
[1.183s] Installing joystick_controller script to /home/ajoymathew07/Catatron/Catatron/install/catatron_gait_control/lib/catatron_gait_control
[1.184s] Installing main_control script to /home/ajoymathew07/Catatron/Catatron/install/catatron_gait_control/lib/catatron_gait_control
[1.184s] writing list of installed files to '/home/ajoymathew07/Catatron/Catatron/build/catatron_gait_control/install.log'
[1.206s] Invoked command in '/home/ajoymathew07/Catatron/Catatron/src/catatron_gait_control' returned '0': PYTHONPATH=/home/ajoymathew07/Catatron/Catatron/build/catatron_gait_control/prefix_override:/usr/lib/python3/dist-packages/colcon_core/task/python/colcon_distutils_commands:/home/ajoymathew07/Catatron/Catatron/install/catatron_gait_control/lib/python3.10/site-packages:${PYTHONPATH} /usr/bin/python3 -W ignore:setup.py install is deprecated -W ignore:easy_install command is deprecated setup.py egg_info --egg-base ../../build/catatron_gait_control build --build-base /home/ajoymathew07/Catatron/Catatron/build/catatron_gait_control/build install --record /home/ajoymathew07/Catatron/Catatron/build/catatron_gait_control/install.log --single-version-externally-managed install_data
