[0.635s] Invoking command in '/home/abhinand/Envisage/catatron_ws/src/catatron_description': PYTHONPATH=/home/abhinand/Envisage/catatron_ws/build/catatron_description/prefix_override:/usr/lib/python3/dist-packages/colcon_core/task/python/colcon_distutils_commands:/home/abhinand/Envisage/catatron_ws/install/catatron_description/lib/python3.10/site-packages:${PYTHONPATH} /usr/bin/python3 -W ignore:setup.py install is deprecated setup.py egg_info --egg-base ../../build/catatron_description build --build-base /home/abhinand/Envisage/catatron_ws/build/catatron_description/build install --record /home/abhinand/Envisage/catatron_ws/build/catatron_description/install.log --single-version-externally-managed install_data
[0.882s] running egg_info
[0.882s] creating ../../build/catatron_description/catatron_description.egg-info
[0.883s] writing ../../build/catatron_description/catatron_description.egg-info/PKG-INFO
[0.883s] writing dependency_links to ../../build/catatron_description/catatron_description.egg-info/dependency_links.txt
[0.883s] writing entry points to ../../build/catatron_description/catatron_description.egg-info/entry_points.txt
[0.883s] writing requirements to ../../build/catatron_description/catatron_description.egg-info/requires.txt
[0.883s] writing top-level names to ../../build/catatron_description/catatron_description.egg-info/top_level.txt
[0.883s] writing manifest file '../../build/catatron_description/catatron_description.egg-info/SOURCES.txt'
[0.885s] reading manifest file '../../build/catatron_description/catatron_description.egg-info/SOURCES.txt'
[0.885s] writing manifest file '../../build/catatron_description/catatron_description.egg-info/SOURCES.txt'
[0.886s] running build
[0.886s] running build_py
[0.886s] creating /home/abhinand/Envisage/catatron_ws/build/catatron_description/build
[0.886s] creating /home/abhinand/Envisage/catatron_ws/build/catatron_description/build/lib
[0.886s] creating /home/abhinand/Envisage/catatron_ws/build/catatron_description/build/lib/catatron_description
[0.886s] copying catatron_description/inv_kin_mono.py -> /home/abhinand/Envisage/catatron_ws/build/catatron_description/build/lib/catatron_description
[0.887s] copying catatron_description/joint_angles_check.py -> /home/abhinand/Envisage/catatron_ws/build/catatron_description/build/lib/catatron_description
[0.887s] copying catatron_description/controller.py -> /home/abhinand/Envisage/catatron_ws/build/catatron_description/build/lib/catatron_description
[0.887s] copying catatron_description/inv_kin_node.py -> /home/abhinand/Envisage/catatron_ws/build/catatron_description/build/lib/catatron_description
[0.887s] copying catatron_description/inv_kin_dual.py -> /home/abhinand/Envisage/catatron_ws/build/catatron_description/build/lib/catatron_description
[0.887s] copying catatron_description/__init__.py -> /home/abhinand/Envisage/catatron_ws/build/catatron_description/build/lib/catatron_description
[0.887s] copying catatron_description/joint_angles_param.py -> /home/abhinand/Envisage/catatron_ws/build/catatron_description/build/lib/catatron_description
[0.887s] running install
[0.888s] running install_lib
[0.888s] creating /home/abhinand/Envisage/catatron_ws/install/catatron_description/lib/python3.10/site-packages/catatron_description
[0.888s] copying /home/abhinand/Envisage/catatron_ws/build/catatron_description/build/lib/catatron_description/inv_kin_mono.py -> /home/abhinand/Envisage/catatron_ws/install/catatron_description/lib/python3.10/site-packages/catatron_description
[0.888s] copying /home/abhinand/Envisage/catatron_ws/build/catatron_description/build/lib/catatron_description/joint_angles_check.py -> /home/abhinand/Envisage/catatron_ws/install/catatron_description/lib/python3.10/site-packages/catatron_description
[0.888s] copying /home/abhinand/Envisage/catatron_ws/build/catatron_description/build/lib/catatron_description/controller.py -> /home/abhinand/Envisage/catatron_ws/install/catatron_description/lib/python3.10/site-packages/catatron_description
[0.888s] copying /home/abhinand/Envisage/catatron_ws/build/catatron_description/build/lib/catatron_description/inv_kin_node.py -> /home/abhinand/Envisage/catatron_ws/install/catatron_description/lib/python3.10/site-packages/catatron_description
[0.888s] copying /home/abhinand/Envisage/catatron_ws/build/catatron_description/build/lib/catatron_description/inv_kin_dual.py -> /home/abhinand/Envisage/catatron_ws/install/catatron_description/lib/python3.10/site-packages/catatron_description
[0.888s] copying /home/abhinand/Envisage/catatron_ws/build/catatron_description/build/lib/catatron_description/__init__.py -> /home/abhinand/Envisage/catatron_ws/install/catatron_description/lib/python3.10/site-packages/catatron_description
[0.889s] copying /home/abhinand/Envisage/catatron_ws/build/catatron_description/build/lib/catatron_description/joint_angles_param.py -> /home/abhinand/Envisage/catatron_ws/install/catatron_description/lib/python3.10/site-packages/catatron_description
[0.889s] byte-compiling /home/abhinand/Envisage/catatron_ws/install/catatron_description/lib/python3.10/site-packages/catatron_description/inv_kin_mono.py to inv_kin_mono.cpython-310.pyc
[0.890s] byte-compiling /home/abhinand/Envisage/catatron_ws/install/catatron_description/lib/python3.10/site-packages/catatron_description/joint_angles_check.py to joint_angles_check.cpython-310.pyc
[0.890s] byte-compiling /home/abhinand/Envisage/catatron_ws/install/catatron_description/lib/python3.10/site-packages/catatron_description/controller.py to controller.cpython-310.pyc
[0.890s] byte-compiling /home/abhinand/Envisage/catatron_ws/install/catatron_description/lib/python3.10/site-packages/catatron_description/inv_kin_node.py to inv_kin_node.cpython-310.pyc
[0.892s] byte-compiling /home/abhinand/Envisage/catatron_ws/install/catatron_description/lib/python3.10/site-packages/catatron_description/inv_kin_dual.py to inv_kin_dual.cpython-310.pyc
[0.893s] byte-compiling /home/abhinand/Envisage/catatron_ws/install/catatron_description/lib/python3.10/site-packages/catatron_description/__init__.py to __init__.cpython-310.pyc
[0.893s] byte-compiling /home/abhinand/Envisage/catatron_ws/install/catatron_description/lib/python3.10/site-packages/catatron_description/joint_angles_param.py to joint_angles_param.cpython-310.pyc
[0.893s] running install_data
[0.893s] creating /home/abhinand/Envisage/catatron_ws/install/catatron_description/share/ament_index
[0.894s] creating /home/abhinand/Envisage/catatron_ws/install/catatron_description/share/ament_index/resource_index
[0.894s] creating /home/abhinand/Envisage/catatron_ws/install/catatron_description/share/ament_index/resource_index/packages
[0.894s] copying resource/catatron_description -> /home/abhinand/Envisage/catatron_ws/install/catatron_description/share/ament_index/resource_index/packages
[0.894s] copying package.xml -> /home/abhinand/Envisage/catatron_ws/install/catatron_description/share/catatron_description
[0.894s] creating /home/abhinand/Envisage/catatron_ws/install/catatron_description/share/catatron_description/launch
[0.894s] copying launch/robot.launch.py -> /home/abhinand/Envisage/catatron_ws/install/catatron_description/share/catatron_description/launch
[0.895s] creating /home/abhinand/Envisage/catatron_ws/install/catatron_description/share/catatron_description/urdf
[0.895s] copying urdf/catatron.urdf -> /home/abhinand/Envisage/catatron_ws/install/catatron_description/share/catatron_description/urdf
[0.895s] creating /home/abhinand/Envisage/catatron_ws/install/catatron_description/share/catatron_description/mesh_files
[0.895s] creating /home/abhinand/Envisage/catatron_ws/install/catatron_description/share/catatron_description/mesh_files/dae_files
[0.895s] creating /home/abhinand/Envisage/catatron_ws/install/catatron_description/share/catatron_description/config
[0.895s] copying config/joint_controller.yaml -> /home/abhinand/Envisage/catatron_ws/install/catatron_description/share/catatron_description/config
[0.895s] creating /home/abhinand/Envisage/catatron_ws/install/catatron_description/share/catatron_description/catatron_description
[0.895s] copying catatron_description/inv_kin_mono.py -> /home/abhinand/Envisage/catatron_ws/install/catatron_description/share/catatron_description/catatron_description
[0.896s] copying catatron_description/joint_angles_check.py -> /home/abhinand/Envisage/catatron_ws/install/catatron_description/share/catatron_description/catatron_description
[0.896s] copying catatron_description/controller.py -> /home/abhinand/Envisage/catatron_ws/install/catatron_description/share/catatron_description/catatron_description
[0.896s] copying catatron_description/inv_kin_node.py -> /home/abhinand/Envisage/catatron_ws/install/catatron_description/share/catatron_description/catatron_description
[0.896s] copying catatron_description/inv_kin_dual.py -> /home/abhinand/Envisage/catatron_ws/install/catatron_description/share/catatron_description/catatron_description
[0.896s] copying catatron_description/__init__.py -> /home/abhinand/Envisage/catatron_ws/install/catatron_description/share/catatron_description/catatron_description
[0.896s] copying catatron_description/joint_angles_param.py -> /home/abhinand/Envisage/catatron_ws/install/catatron_description/share/catatron_description/catatron_description
[0.896s] creating /home/abhinand/Envisage/catatron_ws/install/catatron_description/share/catatron_description/worlds
[0.896s] copying worlds/empty_world.world -> /home/abhinand/Envisage/catatron_ws/install/catatron_description/share/catatron_description/worlds
[0.896s] running install_egg_info
[0.897s] Copying ../../build/catatron_description/catatron_description.egg-info to /home/abhinand/Envisage/catatron_ws/install/catatron_description/lib/python3.10/site-packages/catatron_description-0.1.0-py3.10.egg-info
[0.897s] running install_scripts
[0.913s] Installing controller script to /home/abhinand/Envisage/catatron_ws/install/catatron_description/lib/catatron_description
[0.913s] Installing inv_kin_node script to /home/abhinand/Envisage/catatron_ws/install/catatron_description/lib/catatron_description
[0.913s] Installing joint_angles_check script to /home/abhinand/Envisage/catatron_ws/install/catatron_description/lib/catatron_description
[0.913s] Installing robot_launch script to /home/abhinand/Envisage/catatron_ws/install/catatron_description/lib/catatron_description
[0.913s] writing list of installed files to '/home/abhinand/Envisage/catatron_ws/build/catatron_description/install.log'
[0.942s] Invoked command in '/home/abhinand/Envisage/catatron_ws/src/catatron_description' returned '0': PYTHONPATH=/home/abhinand/Envisage/catatron_ws/build/catatron_description/prefix_override:/usr/lib/python3/dist-packages/colcon_core/task/python/colcon_distutils_commands:/home/abhinand/Envisage/catatron_ws/install/catatron_description/lib/python3.10/site-packages:${PYTHONPATH} /usr/bin/python3 -W ignore:setup.py install is deprecated setup.py egg_info --egg-base ../../build/catatron_description build --build-base /home/abhinand/Envisage/catatron_ws/build/catatron_description/build install --record /home/abhinand/Envisage/catatron_ws/build/catatron_description/install.log --single-version-externally-managed install_data
