[0.977s] Invoking command in '/home/ajoymathew07/Catatron/Catatron/src/catatron_gait_control': PYTHONPATH=/home/ajoymathew07/Catatron/Catatron/build/catatron_gait_control/prefix_override:/usr/lib/python3/dist-packages/colcon_core/task/python/colcon_distutils_commands:/home/ajoymathew07/Catatron/Catatron/install/catatron_gait_control/lib/python3.10/site-packages:${PYTHONPATH} /usr/bin/python3 -W ignore:setup.py install is deprecated -W ignore:easy_install command is deprecated setup.py egg_info --egg-base ../../build/catatron_gait_control build --build-base /home/ajoymathew07/Catatron/Catatron/build/catatron_gait_control/build install --record /home/ajoymathew07/Catatron/Catatron/build/catatron_gait_control/install.log --single-version-externally-managed install_data
[1.099s] /home/ajoymathew07/.local/lib/python3.10/site-packages/setuptools/_distutils/dist.py:261: UserWarning: Unknown distribution option: 'tests_require'
[1.099s]   warnings.warn(msg)
[1.171s] running egg_info
[1.184s] writing ../../build/catatron_gait_control/catatron_gait_control.egg-info/PKG-INFO
[1.184s] writing dependency_links to ../../build/catatron_gait_control/catatron_gait_control.egg-info/dependency_links.txt
[1.184s] writing entry points to ../../build/catatron_gait_control/catatron_gait_control.egg-info/entry_points.txt
[1.184s] writing requirements to ../../build/catatron_gait_control/catatron_gait_control.egg-info/requires.txt
[1.184s] writing top-level names to ../../build/catatron_gait_control/catatron_gait_control.egg-info/top_level.txt
[1.209s] reading manifest file '../../build/catatron_gait_control/catatron_gait_control.egg-info/SOURCES.txt'
[1.210s] Traceback (most recent call last):
[1.210s]   File "/home/ajoymathew07/Catatron/Catatron/src/catatron_gait_control/setup.py", line 7, in <module>
[1.210s]     setup(
[1.210s]   File "/home/ajoymathew07/.local/lib/python3.10/site-packages/setuptools/__init__.py", line 117, in setup
[1.211s]     return distutils.core.setup(**attrs)
[1.211s]   File "/home/ajoymathew07/.local/lib/python3.10/site-packages/setuptools/_distutils/core.py", line 183, in setup
[1.211s]     return run_commands(dist)
[1.211s]   File "/home/ajoymathew07/.local/lib/python3.10/site-packages/setuptools/_distutils/core.py", line 199, in run_commands
[1.211s]     dist.run_commands()
[1.211s]   File "/home/ajoymathew07/.local/lib/python3.10/site-packages/setuptools/_distutils/dist.py", line 954, in run_commands
[1.211s]     self.run_command(cmd)
[1.211s]   File "/home/ajoymathew07/.local/lib/python3.10/site-packages/setuptools/dist.py", line 995, in run_command
[1.211s]     super().run_command(command)
[1.211s]   File "/home/ajoymathew07/.local/lib/python3.10/site-packages/setuptools/_distutils/dist.py", line 973, in run_command
[1.211s]     cmd_obj.run()
[1.211s]   File "/home/ajoymathew07/.local/lib/python3.10/site-packages/setuptools/command/egg_info.py", line 313, in run
[1.211s]     self.find_sources()
[1.211s]   File "/home/ajoymathew07/.local/lib/python3.10/site-packages/setuptools/command/egg_info.py", line 321, in find_sources
[1.212s]     mm.run()
[1.212s]   File "/home/ajoymathew07/.local/lib/python3.10/site-packages/setuptools/command/egg_info.py", line 549, in run
[1.212s]     self.prune_file_list()
[1.212s]   File "/home/ajoymathew07/.local/lib/python3.10/site-packages/setuptools/command/sdist.py", line 162, in prune_file_list
[1.212s]     super().prune_file_list()
[1.212s]   File "/home/ajoymathew07/.local/lib/python3.10/site-packages/setuptools/_distutils/command/sdist.py", line 380, in prune_file_list
[1.212s]     base_dir = self.distribution.get_fullname()
[1.212s]   File "/home/ajoymathew07/.local/lib/python3.10/site-packages/setuptools/_core_metadata.py", line 267, in get_fullname
[1.212s]     return _distribution_fullname(self.get_name(), self.get_version())
[1.212s]   File "/home/ajoymathew07/.local/lib/python3.10/site-packages/setuptools/_core_metadata.py", line 285, in _distribution_fullname
[1.212s]     canonicalize_version(version, strip_trailing_zero=False),
[1.212s] TypeError: canonicalize_version() got an unexpected keyword argument 'strip_trailing_zero'
