[0.916s] Invoking command in '/home/ajoymathew07/Catatron/Catatron/src/urdf_parser_py': PYTHONPATH=/home/ajoymathew07/Catatron/Catatron/build/urdfdom_py/prefix_override:/usr/lib/python3/dist-packages/colcon_core/task/python/colcon_distutils_commands:/home/ajoymathew07/Catatron/Catatron/install/urdfdom_py/lib/python3.10/site-packages:${PYTHONPATH} /usr/bin/python3 -W ignore:setup.py install is deprecated -W ignore:easy_install command is deprecated setup.py egg_info --egg-base ../../build/urdfdom_py build --build-base /home/ajoymathew07/Catatron/Catatron/build/urdfdom_py/build install --record /home/ajoymathew07/Catatron/Catatron/build/urdfdom_py/install.log --single-version-externally-managed install_data
[1.102s] running egg_info
[1.114s] creating ../../build/urdfdom_py/urdfdom_py.egg-info
[1.114s] writing ../../build/urdfdom_py/urdfdom_py.egg-info/PKG-INFO
[1.114s] writing dependency_links to ../../build/urdfdom_py/urdfdom_py.egg-info/dependency_links.txt
[1.114s] writing entry points to ../../build/urdfdom_py/urdfdom_py.egg-info/entry_points.txt
[1.114s] writing requirements to ../../build/urdfdom_py/urdfdom_py.egg-info/requires.txt
[1.115s] writing top-level names to ../../build/urdfdom_py/urdfdom_py.egg-info/top_level.txt
[1.115s] writing manifest file '../../build/urdfdom_py/urdfdom_py.egg-info/SOURCES.txt'
[1.139s] reading manifest file '../../build/urdfdom_py/urdfdom_py.egg-info/SOURCES.txt'
[1.140s] adding license file 'LICENSE'
[1.140s] writing manifest file '../../build/urdfdom_py/urdfdom_py.egg-info/SOURCES.txt'
[1.140s] running build
[1.141s] running build_py
[1.141s] creating /home/ajoymathew07/Catatron/Catatron/build/urdfdom_py/build/lib/urdf_parser_py
[1.141s] copying src/urdf_parser_py/__init__.py -> /home/ajoymathew07/Catatron/Catatron/build/urdfdom_py/build/lib/urdf_parser_py
[1.141s] copying src/urdf_parser_py/display_urdf.py -> /home/ajoymathew07/Catatron/Catatron/build/urdfdom_py/build/lib/urdf_parser_py
[1.141s] copying src/urdf_parser_py/sdf.py -> /home/ajoymathew07/Catatron/Catatron/build/urdfdom_py/build/lib/urdf_parser_py
[1.141s] copying src/urdf_parser_py/urdf.py -> /home/ajoymathew07/Catatron/Catatron/build/urdfdom_py/build/lib/urdf_parser_py
[1.141s] creating /home/ajoymathew07/Catatron/Catatron/build/urdfdom_py/build/lib/urdf_parser_py/xml_reflection
[1.141s] copying src/urdf_parser_py/xml_reflection/core.py -> /home/ajoymathew07/Catatron/Catatron/build/urdfdom_py/build/lib/urdf_parser_py/xml_reflection
[1.141s] copying src/urdf_parser_py/xml_reflection/__init__.py -> /home/ajoymathew07/Catatron/Catatron/build/urdfdom_py/build/lib/urdf_parser_py/xml_reflection
[1.142s] copying src/urdf_parser_py/xml_reflection/basics.py -> /home/ajoymathew07/Catatron/Catatron/build/urdfdom_py/build/lib/urdf_parser_py/xml_reflection
[1.142s] running install
[1.145s] running install_lib
[1.157s] creating /home/ajoymathew07/Catatron/Catatron/install/urdfdom_py/lib/python3.10/site-packages/urdf_parser_py
[1.157s] copying /home/ajoymathew07/Catatron/Catatron/build/urdfdom_py/build/lib/urdf_parser_py/__init__.py -> /home/ajoymathew07/Catatron/Catatron/install/urdfdom_py/lib/python3.10/site-packages/urdf_parser_py
[1.157s] copying /home/ajoymathew07/Catatron/Catatron/build/urdfdom_py/build/lib/urdf_parser_py/display_urdf.py -> /home/ajoymathew07/Catatron/Catatron/install/urdfdom_py/lib/python3.10/site-packages/urdf_parser_py
[1.158s] copying /home/ajoymathew07/Catatron/Catatron/build/urdfdom_py/build/lib/urdf_parser_py/sdf.py -> /home/ajoymathew07/Catatron/Catatron/install/urdfdom_py/lib/python3.10/site-packages/urdf_parser_py
[1.158s] creating /home/ajoymathew07/Catatron/Catatron/install/urdfdom_py/lib/python3.10/site-packages/urdf_parser_py/xml_reflection
[1.158s] copying /home/ajoymathew07/Catatron/Catatron/build/urdfdom_py/build/lib/urdf_parser_py/xml_reflection/core.py -> /home/ajoymathew07/Catatron/Catatron/install/urdfdom_py/lib/python3.10/site-packages/urdf_parser_py/xml_reflection
[1.158s] copying /home/ajoymathew07/Catatron/Catatron/build/urdfdom_py/build/lib/urdf_parser_py/xml_reflection/__init__.py -> /home/ajoymathew07/Catatron/Catatron/install/urdfdom_py/lib/python3.10/site-packages/urdf_parser_py/xml_reflection
[1.158s] copying /home/ajoymathew07/Catatron/Catatron/build/urdfdom_py/build/lib/urdf_parser_py/xml_reflection/basics.py -> /home/ajoymathew07/Catatron/Catatron/install/urdfdom_py/lib/python3.10/site-packages/urdf_parser_py/xml_reflection
[1.158s] copying /home/ajoymathew07/Catatron/Catatron/build/urdfdom_py/build/lib/urdf_parser_py/urdf.py -> /home/ajoymathew07/Catatron/Catatron/install/urdfdom_py/lib/python3.10/site-packages/urdf_parser_py
[1.159s] byte-compiling /home/ajoymathew07/Catatron/Catatron/install/urdfdom_py/lib/python3.10/site-packages/urdf_parser_py/__init__.py to __init__.cpython-310.pyc
[1.159s] byte-compiling /home/ajoymathew07/Catatron/Catatron/install/urdfdom_py/lib/python3.10/site-packages/urdf_parser_py/display_urdf.py to display_urdf.cpython-310.pyc
[1.159s] byte-compiling /home/ajoymathew07/Catatron/Catatron/install/urdfdom_py/lib/python3.10/site-packages/urdf_parser_py/sdf.py to sdf.cpython-310.pyc
[1.160s] byte-compiling /home/ajoymathew07/Catatron/Catatron/install/urdfdom_py/lib/python3.10/site-packages/urdf_parser_py/xml_reflection/core.py to core.cpython-310.pyc
[1.163s] byte-compiling /home/ajoymathew07/Catatron/Catatron/install/urdfdom_py/lib/python3.10/site-packages/urdf_parser_py/xml_reflection/__init__.py to __init__.cpython-310.pyc
[1.163s] byte-compiling /home/ajoymathew07/Catatron/Catatron/install/urdfdom_py/lib/python3.10/site-packages/urdf_parser_py/xml_reflection/basics.py to basics.cpython-310.pyc
[1.164s] byte-compiling /home/ajoymathew07/Catatron/Catatron/install/urdfdom_py/lib/python3.10/site-packages/urdf_parser_py/urdf.py to urdf.cpython-310.pyc
[1.166s] running install_data
[1.166s] creating /home/ajoymathew07/Catatron/Catatron/install/urdfdom_py/share/ament_index/resource_index/packages
[1.166s] copying resource/urdfdom_py -> /home/ajoymathew07/Catatron/Catatron/install/urdfdom_py/share/ament_index/resource_index/packages
[1.167s] copying package.xml -> /home/ajoymathew07/Catatron/Catatron/install/urdfdom_py/share/urdfdom_py
[1.167s] running install_egg_info
[1.180s] Copying ../../build/urdfdom_py/urdfdom_py.egg-info to /home/ajoymathew07/Catatron/Catatron/install/urdfdom_py/lib/python3.10/site-packages/urdfdom_py-1.2.1-py3.10.egg-info
[1.181s] running install_scripts
[1.282s] Installing display_urdf script to /home/ajoymathew07/Catatron/Catatron/install/urdfdom_py/lib/urdfdom_py
[1.282s] writing list of installed files to '/home/ajoymathew07/Catatron/Catatron/build/urdfdom_py/install.log'
[1.313s] Invoked command in '/home/ajoymathew07/Catatron/Catatron/src/urdf_parser_py' returned '0': PYTHONPATH=/home/ajoymathew07/Catatron/Catatron/build/urdfdom_py/prefix_override:/usr/lib/python3/dist-packages/colcon_core/task/python/colcon_distutils_commands:/home/ajoymathew07/Catatron/Catatron/install/urdfdom_py/lib/python3.10/site-packages:${PYTHONPATH} /usr/bin/python3 -W ignore:setup.py install is deprecated -W ignore:easy_install command is deprecated setup.py egg_info --egg-base ../../build/urdfdom_py build --build-base /home/ajoymathew07/Catatron/Catatron/build/urdfdom_py/build install --record /home/ajoymathew07/Catatron/Catatron/build/urdfdom_py/install.log --single-version-externally-managed install_data
