[1.048s] Invoking command in '/home/abhinand/Envisage/catatron_ws/src/catatron_description': PYTHONPATH=/home/abhinand/Envisage/catatron_ws/build/catatron_description/prefix_override:/usr/lib/python3/dist-packages/colcon_core/task/python/colcon_distutils_commands:/home/abhinand/Envisage/catatron_ws/install/catatron_description/lib/python3.10/site-packages:${PYTHONPATH} /usr/bin/python3 -W ignore:setup.py install is deprecated setup.py egg_info --egg-base ../../build/catatron_description build --build-base /home/abhinand/Envisage/catatron_ws/build/catatron_description/build install --record /home/abhinand/Envisage/catatron_ws/build/catatron_description/install.log --single-version-externally-managed install_data
[1.303s] running egg_info
[1.303s] writing ../../build/catatron_description/catatron_description.egg-info/PKG-INFO
[1.304s] writing dependency_links to ../../build/catatron_description/catatron_description.egg-info/dependency_links.txt
[1.304s] writing entry points to ../../build/catatron_description/catatron_description.egg-info/entry_points.txt
[1.305s] writing requirements to ../../build/catatron_description/catatron_description.egg-info/requires.txt
[1.305s] writing top-level names to ../../build/catatron_description/catatron_description.egg-info/top_level.txt
[1.305s] reading manifest file '../../build/catatron_description/catatron_description.egg-info/SOURCES.txt'
[1.306s] writing manifest file '../../build/catatron_description/catatron_description.egg-info/SOURCES.txt'
[1.306s] running build
[1.306s] running build_py
[1.307s] running install
[1.307s] running install_lib
[1.308s] creating /home/abhinand/Envisage/catatron_ws/install/catatron_description/lib/python3.10/site-packages/catatron_description
[1.308s] copying /home/abhinand/Envisage/catatron_ws/build/catatron_description/build/lib/catatron_description/joint_angles_check.py -> /home/abhinand/Envisage/catatron_ws/install/catatron_description/lib/python3.10/site-packages/catatron_description
[1.308s] copying /home/abhinand/Envisage/catatron_ws/build/catatron_description/build/lib/catatron_description/controller.py -> /home/abhinand/Envisage/catatron_ws/install/catatron_description/lib/python3.10/site-packages/catatron_description
[1.308s] copying /home/abhinand/Envisage/catatron_ws/build/catatron_description/build/lib/catatron_description/inv_kin_node.py -> /home/abhinand/Envisage/catatron_ws/install/catatron_description/lib/python3.10/site-packages/catatron_description
[1.308s] copying /home/abhinand/Envisage/catatron_ws/build/catatron_description/build/lib/catatron_description/inv_kin_dual.py -> /home/abhinand/Envisage/catatron_ws/install/catatron_description/lib/python3.10/site-packages/catatron_description
[1.308s] copying /home/abhinand/Envisage/catatron_ws/build/catatron_description/build/lib/catatron_description/__init__.py -> /home/abhinand/Envisage/catatron_ws/install/catatron_description/lib/python3.10/site-packages/catatron_description
[1.308s] copying /home/abhinand/Envisage/catatron_ws/build/catatron_description/build/lib/catatron_description/joint_angles_param.py -> /home/abhinand/Envisage/catatron_ws/install/catatron_description/lib/python3.10/site-packages/catatron_description
[1.309s] byte-compiling /home/abhinand/Envisage/catatron_ws/install/catatron_description/lib/python3.10/site-packages/catatron_description/joint_angles_check.py to joint_angles_check.cpython-310.pyc
[1.309s] byte-compiling /home/abhinand/Envisage/catatron_ws/install/catatron_description/lib/python3.10/site-packages/catatron_description/controller.py to controller.cpython-310.pyc
[1.310s] byte-compiling /home/abhinand/Envisage/catatron_ws/install/catatron_description/lib/python3.10/site-packages/catatron_description/inv_kin_node.py to inv_kin_node.cpython-310.pyc
[1.311s] byte-compiling /home/abhinand/Envisage/catatron_ws/install/catatron_description/lib/python3.10/site-packages/catatron_description/inv_kin_dual.py to inv_kin_dual.cpython-310.pyc
[1.313s] byte-compiling /home/abhinand/Envisage/catatron_ws/install/catatron_description/lib/python3.10/site-packages/catatron_description/__init__.py to __init__.cpython-310.pyc
[1.313s] byte-compiling /home/abhinand/Envisage/catatron_ws/install/catatron_description/lib/python3.10/site-packages/catatron_description/joint_angles_param.py to joint_angles_param.cpython-310.pyc
[1.313s] running install_data
[1.313s] creating /home/abhinand/Envisage/catatron_ws/install/catatron_description/share/ament_index
[1.313s] creating /home/abhinand/Envisage/catatron_ws/install/catatron_description/share/ament_index/resource_index
[1.313s] creating /home/abhinand/Envisage/catatron_ws/install/catatron_description/share/ament_index/resource_index/packages
[1.314s] copying resource/catatron_description -> /home/abhinand/Envisage/catatron_ws/install/catatron_description/share/ament_index/resource_index/packages
[1.314s] copying package.xml -> /home/abhinand/Envisage/catatron_ws/install/catatron_description/share/catatron_description
[1.314s] creating /home/abhinand/Envisage/catatron_ws/install/catatron_description/share/catatron_description/launch
[1.314s] copying launch/robot.launch.py -> /home/abhinand/Envisage/catatron_ws/install/catatron_description/share/catatron_description/launch
[1.314s] copying launch/pushup.launch.py -> /home/abhinand/Envisage/catatron_ws/install/catatron_description/share/catatron_description/launch
[1.314s] creating /home/abhinand/Envisage/catatron_ws/install/catatron_description/share/catatron_description/urdf
[1.315s] copying urdf/catatron.urdf -> /home/abhinand/Envisage/catatron_ws/install/catatron_description/share/catatron_description/urdf
[1.315s] creating /home/abhinand/Envisage/catatron_ws/install/catatron_description/share/catatron_description/mesh_files
[1.315s] creating /home/abhinand/Envisage/catatron_ws/install/catatron_description/share/catatron_description/mesh_files/dae_files
[1.315s] creating /home/abhinand/Envisage/catatron_ws/install/catatron_description/share/catatron_description/config
[1.315s] copying config/joint_controller.yaml -> /home/abhinand/Envisage/catatron_ws/install/catatron_description/share/catatron_description/config
[1.315s] creating /home/abhinand/Envisage/catatron_ws/install/catatron_description/share/catatron_description/catatron_description
[1.315s] copying catatron_description/joint_angles_check.py -> /home/abhinand/Envisage/catatron_ws/install/catatron_description/share/catatron_description/catatron_description
[1.316s] copying catatron_description/controller.py -> /home/abhinand/Envisage/catatron_ws/install/catatron_description/share/catatron_description/catatron_description
[1.316s] copying catatron_description/inv_kin_node.py -> /home/abhinand/Envisage/catatron_ws/install/catatron_description/share/catatron_description/catatron_description
[1.316s] copying catatron_description/inv_kin_dual.py -> /home/abhinand/Envisage/catatron_ws/install/catatron_description/share/catatron_description/catatron_description
[1.316s] copying catatron_description/__init__.py -> /home/abhinand/Envisage/catatron_ws/install/catatron_description/share/catatron_description/catatron_description
[1.316s] copying catatron_description/joint_angles_param.py -> /home/abhinand/Envisage/catatron_ws/install/catatron_description/share/catatron_description/catatron_description
[1.316s] creating /home/abhinand/Envisage/catatron_ws/install/catatron_description/share/catatron_description/worlds
[1.316s] copying worlds/empty_world.world -> /home/abhinand/Envisage/catatron_ws/install/catatron_description/share/catatron_description/worlds
[1.316s] running install_egg_info
[1.317s] Copying ../../build/catatron_description/catatron_description.egg-info to /home/abhinand/Envisage/catatron_ws/install/catatron_description/lib/python3.10/site-packages/catatron_description-0.1.0-py3.10.egg-info
[1.317s] running install_scripts
[1.334s] Installing controller script to /home/abhinand/Envisage/catatron_ws/install/catatron_description/lib/catatron_description
[1.334s] Installing inv_kin_node script to /home/abhinand/Envisage/catatron_ws/install/catatron_description/lib/catatron_description
[1.335s] Installing joint_angles_check script to /home/abhinand/Envisage/catatron_ws/install/catatron_description/lib/catatron_description
[1.335s] Installing joint_angles_param script to /home/abhinand/Envisage/catatron_ws/install/catatron_description/lib/catatron_description
[1.335s] Installing robot_launch script to /home/abhinand/Envisage/catatron_ws/install/catatron_description/lib/catatron_description
[1.335s] writing list of installed files to '/home/abhinand/Envisage/catatron_ws/build/catatron_description/install.log'
[1.368s] Invoked command in '/home/abhinand/Envisage/catatron_ws/src/catatron_description' returned '0': PYTHONPATH=/home/abhinand/Envisage/catatron_ws/build/catatron_description/prefix_override:/usr/lib/python3/dist-packages/colcon_core/task/python/colcon_distutils_commands:/home/abhinand/Envisage/catatron_ws/install/catatron_description/lib/python3.10/site-packages:${PYTHONPATH} /usr/bin/python3 -W ignore:setup.py install is deprecated setup.py egg_info --egg-base ../../build/catatron_description build --build-base /home/abhinand/Envisage/catatron_ws/build/catatron_description/build install --record /home/abhinand/Envisage/catatron_ws/build/catatron_description/install.log --single-version-externally-managed install_data
