[1.033s] Invoking command in '/home/abhinand/Envisage/catatron_ws/src/catatron_gait_control': PYTHONPATH=/home/abhinand/Envisage/catatron_ws/build/catatron_gait_control/prefix_override:/usr/lib/python3/dist-packages/colcon_core/task/python/colcon_distutils_commands:/home/abhinand/Envisage/catatron_ws/install/catatron_gait_control/lib/python3.10/site-packages:${PYTHONPATH} /usr/bin/python3 -W ignore:setup.py install is deprecated setup.py egg_info --egg-base ../../build/catatron_gait_control build --build-base /home/abhinand/Envisage/catatron_ws/build/catatron_gait_control/build install --record /home/abhinand/Envisage/catatron_ws/build/catatron_gait_control/install.log --single-version-externally-managed install_data
[1.294s] running egg_info
[1.295s] writing ../../build/catatron_gait_control/catatron_gait_control.egg-info/PKG-INFO
[1.295s] writing dependency_links to ../../build/catatron_gait_control/catatron_gait_control.egg-info/dependency_links.txt
[1.295s] writing entry points to ../../build/catatron_gait_control/catatron_gait_control.egg-info/entry_points.txt
[1.295s] writing requirements to ../../build/catatron_gait_control/catatron_gait_control.egg-info/requires.txt
[1.295s] writing top-level names to ../../build/catatron_gait_control/catatron_gait_control.egg-info/top_level.txt
[1.296s] reading manifest file '../../build/catatron_gait_control/catatron_gait_control.egg-info/SOURCES.txt'
[1.298s] writing manifest file '../../build/catatron_gait_control/catatron_gait_control.egg-info/SOURCES.txt'
[1.298s] running build
[1.298s] running build_py
[1.298s] copying catatron_gait_control/ArgJoy.py -> /home/abhinand/Envisage/catatron_ws/build/catatron_gait_control/build/lib/catatron_gait_control
[1.299s] running install
[1.299s] running install_lib
[1.300s] creating /home/abhinand/Envisage/catatron_ws/install/catatron_gait_control/lib/python3.10/site-packages/catatron_gait_control
[1.300s] copying /home/abhinand/Envisage/catatron_ws/build/catatron_gait_control/build/lib/catatron_gait_control/CatatronCrawl.py -> /home/abhinand/Envisage/catatron_ws/install/catatron_gait_control/lib/python3.10/site-packages/catatron_gait_control
[1.300s] copying /home/abhinand/Envisage/catatron_ws/build/catatron_gait_control/build/lib/catatron_gait_control/IK.py -> /home/abhinand/Envisage/catatron_ws/install/catatron_gait_control/lib/python3.10/site-packages/catatron_gait_control
[1.300s] copying /home/abhinand/Envisage/catatron_ws/build/catatron_gait_control/build/lib/catatron_gait_control/CatatronTrot.py -> /home/abhinand/Envisage/catatron_ws/install/catatron_gait_control/lib/python3.10/site-packages/catatron_gait_control
[1.300s] copying /home/abhinand/Envisage/catatron_ws/build/catatron_gait_control/build/lib/catatron_gait_control/CatatronStand.py -> /home/abhinand/Envisage/catatron_ws/install/catatron_gait_control/lib/python3.10/site-packages/catatron_gait_control
[1.300s] copying /home/abhinand/Envisage/catatron_ws/build/catatron_gait_control/build/lib/catatron_gait_control/PID.py -> /home/abhinand/Envisage/catatron_ws/install/catatron_gait_control/lib/python3.10/site-packages/catatron_gait_control
[1.300s] copying /home/abhinand/Envisage/catatron_ws/build/catatron_gait_control/build/lib/catatron_gait_control/__init__.py -> /home/abhinand/Envisage/catatron_ws/install/catatron_gait_control/lib/python3.10/site-packages/catatron_gait_control
[1.300s] copying /home/abhinand/Envisage/catatron_ws/build/catatron_gait_control/build/lib/catatron_gait_control/GaitProperties.py -> /home/abhinand/Envisage/catatron_ws/install/catatron_gait_control/lib/python3.10/site-packages/catatron_gait_control
[1.300s] copying /home/abhinand/Envisage/catatron_ws/build/catatron_gait_control/build/lib/catatron_gait_control/ArgJoy.py -> /home/abhinand/Envisage/catatron_ws/install/catatron_gait_control/lib/python3.10/site-packages/catatron_gait_control
[1.300s] copying /home/abhinand/Envisage/catatron_ws/build/catatron_gait_control/build/lib/catatron_gait_control/Transformations.py -> /home/abhinand/Envisage/catatron_ws/install/catatron_gait_control/lib/python3.10/site-packages/catatron_gait_control
[1.301s] copying /home/abhinand/Envisage/catatron_ws/build/catatron_gait_control/build/lib/catatron_gait_control/CatatronGaitControl.py -> /home/abhinand/Envisage/catatron_ws/install/catatron_gait_control/lib/python3.10/site-packages/catatron_gait_control
[1.301s] copying /home/abhinand/Envisage/catatron_ws/build/catatron_gait_control/build/lib/catatron_gait_control/CatatronMainControl.py -> /home/abhinand/Envisage/catatron_ws/install/catatron_gait_control/lib/python3.10/site-packages/catatron_gait_control
[1.301s] copying /home/abhinand/Envisage/catatron_ws/build/catatron_gait_control/build/lib/catatron_gait_control/State.py -> /home/abhinand/Envisage/catatron_ws/install/catatron_gait_control/lib/python3.10/site-packages/catatron_gait_control
[1.301s] copying /home/abhinand/Envisage/catatron_ws/build/catatron_gait_control/build/lib/catatron_gait_control/JoystickController.py -> /home/abhinand/Envisage/catatron_ws/install/catatron_gait_control/lib/python3.10/site-packages/catatron_gait_control
[1.301s] copying /home/abhinand/Envisage/catatron_ws/build/catatron_gait_control/build/lib/catatron_gait_control/Joy.py -> /home/abhinand/Envisage/catatron_ws/install/catatron_gait_control/lib/python3.10/site-packages/catatron_gait_control
[1.301s] copying /home/abhinand/Envisage/catatron_ws/build/catatron_gait_control/build/lib/catatron_gait_control/CatatronRest.py -> /home/abhinand/Envisage/catatron_ws/install/catatron_gait_control/lib/python3.10/site-packages/catatron_gait_control
[1.301s] byte-compiling /home/abhinand/Envisage/catatron_ws/install/catatron_gait_control/lib/python3.10/site-packages/catatron_gait_control/CatatronCrawl.py to CatatronCrawl.cpython-310.pyc
[1.303s] byte-compiling /home/abhinand/Envisage/catatron_ws/install/catatron_gait_control/lib/python3.10/site-packages/catatron_gait_control/IK.py to IK.cpython-310.pyc
[1.303s] byte-compiling /home/abhinand/Envisage/catatron_ws/install/catatron_gait_control/lib/python3.10/site-packages/catatron_gait_control/CatatronTrot.py to CatatronTrot.cpython-310.pyc
[1.304s] byte-compiling /home/abhinand/Envisage/catatron_ws/install/catatron_gait_control/lib/python3.10/site-packages/catatron_gait_control/CatatronStand.py to CatatronStand.cpython-310.pyc
[1.306s] byte-compiling /home/abhinand/Envisage/catatron_ws/install/catatron_gait_control/lib/python3.10/site-packages/catatron_gait_control/PID.py to PID.cpython-310.pyc
[1.306s] byte-compiling /home/abhinand/Envisage/catatron_ws/install/catatron_gait_control/lib/python3.10/site-packages/catatron_gait_control/__init__.py to __init__.cpython-310.pyc
[1.306s] byte-compiling /home/abhinand/Envisage/catatron_ws/install/catatron_gait_control/lib/python3.10/site-packages/catatron_gait_control/GaitProperties.py to GaitProperties.cpython-310.pyc
[1.306s] byte-compiling /home/abhinand/Envisage/catatron_ws/install/catatron_gait_control/lib/python3.10/site-packages/catatron_gait_control/ArgJoy.py to ArgJoy.cpython-310.pyc
[1.306s] byte-compiling /home/abhinand/Envisage/catatron_ws/install/catatron_gait_control/lib/python3.10/site-packages/catatron_gait_control/Transformations.py to Transformations.cpython-310.pyc
[1.307s] byte-compiling /home/abhinand/Envisage/catatron_ws/install/catatron_gait_control/lib/python3.10/site-packages/catatron_gait_control/CatatronGaitControl.py to CatatronGaitControl.cpython-310.pyc
[1.307s] byte-compiling /home/abhinand/Envisage/catatron_ws/install/catatron_gait_control/lib/python3.10/site-packages/catatron_gait_control/CatatronMainControl.py to CatatronMainControl.cpython-310.pyc
[1.307s] byte-compiling /home/abhinand/Envisage/catatron_ws/install/catatron_gait_control/lib/python3.10/site-packages/catatron_gait_control/State.py to State.cpython-310.pyc
[1.307s] byte-compiling /home/abhinand/Envisage/catatron_ws/install/catatron_gait_control/lib/python3.10/site-packages/catatron_gait_control/JoystickController.py to JoystickController.cpython-310.pyc
[1.308s] byte-compiling /home/abhinand/Envisage/catatron_ws/install/catatron_gait_control/lib/python3.10/site-packages/catatron_gait_control/Joy.py to Joy.cpython-310.pyc
[1.308s] byte-compiling /home/abhinand/Envisage/catatron_ws/install/catatron_gait_control/lib/python3.10/site-packages/catatron_gait_control/CatatronRest.py to CatatronRest.cpython-310.pyc
[1.308s] running install_data
[1.309s] creating /home/abhinand/Envisage/catatron_ws/install/catatron_gait_control/share/ament_index
[1.309s] creating /home/abhinand/Envisage/catatron_ws/install/catatron_gait_control/share/ament_index/resource_index
[1.309s] creating /home/abhinand/Envisage/catatron_ws/install/catatron_gait_control/share/ament_index/resource_index/packages
[1.309s] copying resource/catatron_gait_control -> /home/abhinand/Envisage/catatron_ws/install/catatron_gait_control/share/ament_index/resource_index/packages
[1.309s] copying package.xml -> /home/abhinand/Envisage/catatron_ws/install/catatron_gait_control/share/catatron_gait_control
[1.309s] creating /home/abhinand/Envisage/catatron_ws/install/catatron_gait_control/share/catatron_gait_control/launch
[1.309s] copying launch/CatatronGait.launch.py -> /home/abhinand/Envisage/catatron_ws/install/catatron_gait_control/share/catatron_gait_control/launch
[1.309s] creating /home/abhinand/Envisage/catatron_ws/install/catatron_gait_control/share/catatron_gait_control/catatron_gait_control
[1.309s] copying catatron_gait_control/CatatronCrawl.py -> /home/abhinand/Envisage/catatron_ws/install/catatron_gait_control/share/catatron_gait_control/catatron_gait_control
[1.309s] copying catatron_gait_control/IK.py -> /home/abhinand/Envisage/catatron_ws/install/catatron_gait_control/share/catatron_gait_control/catatron_gait_control
[1.309s] copying catatron_gait_control/CatatronTrot.py -> /home/abhinand/Envisage/catatron_ws/install/catatron_gait_control/share/catatron_gait_control/catatron_gait_control
[1.309s] copying catatron_gait_control/CatatronStand.py -> /home/abhinand/Envisage/catatron_ws/install/catatron_gait_control/share/catatron_gait_control/catatron_gait_control
[1.309s] copying catatron_gait_control/PID.py -> /home/abhinand/Envisage/catatron_ws/install/catatron_gait_control/share/catatron_gait_control/catatron_gait_control
[1.310s] copying catatron_gait_control/__init__.py -> /home/abhinand/Envisage/catatron_ws/install/catatron_gait_control/share/catatron_gait_control/catatron_gait_control
[1.310s] copying catatron_gait_control/GaitProperties.py -> /home/abhinand/Envisage/catatron_ws/install/catatron_gait_control/share/catatron_gait_control/catatron_gait_control
[1.310s] copying catatron_gait_control/ArgJoy.py -> /home/abhinand/Envisage/catatron_ws/install/catatron_gait_control/share/catatron_gait_control/catatron_gait_control
[1.310s] copying catatron_gait_control/Transformations.py -> /home/abhinand/Envisage/catatron_ws/install/catatron_gait_control/share/catatron_gait_control/catatron_gait_control
[1.310s] copying catatron_gait_control/CatatronGaitControl.py -> /home/abhinand/Envisage/catatron_ws/install/catatron_gait_control/share/catatron_gait_control/catatron_gait_control
[1.310s] copying catatron_gait_control/CatatronMainControl.py -> /home/abhinand/Envisage/catatron_ws/install/catatron_gait_control/share/catatron_gait_control/catatron_gait_control
[1.310s] copying catatron_gait_control/State.py -> /home/abhinand/Envisage/catatron_ws/install/catatron_gait_control/share/catatron_gait_control/catatron_gait_control
[1.310s] copying catatron_gait_control/JoystickController.py -> /home/abhinand/Envisage/catatron_ws/install/catatron_gait_control/share/catatron_gait_control/catatron_gait_control
[1.310s] copying catatron_gait_control/CatatronRest.py -> /home/abhinand/Envisage/catatron_ws/install/catatron_gait_control/share/catatron_gait_control/catatron_gait_control
[1.310s] running install_egg_info
[1.312s] Copying ../../build/catatron_gait_control/catatron_gait_control.egg-info to /home/abhinand/Envisage/catatron_ws/install/catatron_gait_control/lib/python3.10/site-packages/catatron_gait_control-0.0.0-py3.10.egg-info
[1.313s] running install_scripts
[1.330s] Installing joy script to /home/abhinand/Envisage/catatron_ws/install/catatron_gait_control/lib/catatron_gait_control
[1.331s] Installing joystick_controller script to /home/abhinand/Envisage/catatron_ws/install/catatron_gait_control/lib/catatron_gait_control
[1.331s] Installing main_control script to /home/abhinand/Envisage/catatron_ws/install/catatron_gait_control/lib/catatron_gait_control
[1.331s] writing list of installed files to '/home/abhinand/Envisage/catatron_ws/build/catatron_gait_control/install.log'
[1.370s] Invoked command in '/home/abhinand/Envisage/catatron_ws/src/catatron_gait_control' returned '0': PYTHONPATH=/home/abhinand/Envisage/catatron_ws/build/catatron_gait_control/prefix_override:/usr/lib/python3/dist-packages/colcon_core/task/python/colcon_distutils_commands:/home/abhinand/Envisage/catatron_ws/install/catatron_gait_control/lib/python3.10/site-packages:${PYTHONPATH} /usr/bin/python3 -W ignore:setup.py install is deprecated setup.py egg_info --egg-base ../../build/catatron_gait_control build --build-base /home/abhinand/Envisage/catatron_ws/build/catatron_gait_control/build install --record /home/abhinand/Envisage/catatron_ws/build/catatron_gait_control/install.log --single-version-externally-managed install_data
