[0.820s] Invoking command in '/home/ajoymathew07/Catatron/Catatron/src/catatron_gait_control': PYTHONPATH=/home/ajoymathew07/Catatron/Catatron/build/catatron_gait_control/prefix_override:/usr/lib/python3/dist-packages/colcon_core/task/python/colcon_distutils_commands:/home/ajoymathew07/Catatron/Catatron/install/catatron_gait_control/lib/python3.10/site-packages:${PYTHONPATH} /usr/bin/python3 -W ignore:setup.py install is deprecated -W ignore:easy_install command is deprecated setup.py egg_info --egg-base ../../build/catatron_gait_control build --build-base /home/ajoymathew07/Catatron/Catatron/build/catatron_gait_control/build install --record /home/ajoymathew07/Catatron/Catatron/build/catatron_gait_control/install.log --single-version-externally-managed install_data
[1.014s] running egg_info
[1.027s] writing ../../build/catatron_gait_control/catatron_gait_control.egg-info/PKG-INFO
[1.027s] writing dependency_links to ../../build/catatron_gait_control/catatron_gait_control.egg-info/dependency_links.txt
[1.027s] writing entry points to ../../build/catatron_gait_control/catatron_gait_control.egg-info/entry_points.txt
[1.028s] writing requirements to ../../build/catatron_gait_control/catatron_gait_control.egg-info/requires.txt
[1.028s] writing top-level names to ../../build/catatron_gait_control/catatron_gait_control.egg-info/top_level.txt
[1.055s] reading manifest file '../../build/catatron_gait_control/catatron_gait_control.egg-info/SOURCES.txt'
[1.056s] writing manifest file '../../build/catatron_gait_control/catatron_gait_control.egg-info/SOURCES.txt'
[1.056s] running build
[1.056s] running build_py
[1.057s] copying catatron_gait_control/IK.py -> /home/ajoymathew07/Catatron/Catatron/build/catatron_gait_control/build/lib/catatron_gait_control
[1.057s] copying catatron_gait_control/CatatronCrawl.py -> /home/ajoymathew07/Catatron/Catatron/build/catatron_gait_control/build/lib/catatron_gait_control
[1.057s] copying catatron_gait_control/CatatronRest.py -> /home/ajoymathew07/Catatron/Catatron/build/catatron_gait_control/build/lib/catatron_gait_control
[1.057s] copying catatron_gait_control/CatatronStand.py -> /home/ajoymathew07/Catatron/Catatron/build/catatron_gait_control/build/lib/catatron_gait_control
[1.057s] copying catatron_gait_control/__init__.py -> /home/ajoymathew07/Catatron/Catatron/build/catatron_gait_control/build/lib/catatron_gait_control
[1.058s] copying catatron_gait_control/PID.py -> /home/ajoymathew07/Catatron/Catatron/build/catatron_gait_control/build/lib/catatron_gait_control
[1.058s] copying catatron_gait_control/tempCodeRunnerFile.py -> /home/ajoymathew07/Catatron/Catatron/build/catatron_gait_control/build/lib/catatron_gait_control
[1.058s] copying catatron_gait_control/State.py -> /home/ajoymathew07/Catatron/Catatron/build/catatron_gait_control/build/lib/catatron_gait_control
[1.058s] copying catatron_gait_control/Transformations.py -> /home/ajoymathew07/Catatron/Catatron/build/catatron_gait_control/build/lib/catatron_gait_control
[1.058s] copying catatron_gait_control/ArgJoy.py -> /home/ajoymathew07/Catatron/Catatron/build/catatron_gait_control/build/lib/catatron_gait_control
[1.059s] copying catatron_gait_control/GaitProperties.py -> /home/ajoymathew07/Catatron/Catatron/build/catatron_gait_control/build/lib/catatron_gait_control
[1.059s] copying catatron_gait_control/CatatronGaitControl.py -> /home/ajoymathew07/Catatron/Catatron/build/catatron_gait_control/build/lib/catatron_gait_control
[1.059s] copying catatron_gait_control/CatatronTrot.py -> /home/ajoymathew07/Catatron/Catatron/build/catatron_gait_control/build/lib/catatron_gait_control
[1.059s] copying catatron_gait_control/CatatronMainControl.py -> /home/ajoymathew07/Catatron/Catatron/build/catatron_gait_control/build/lib/catatron_gait_control
[1.059s] copying catatron_gait_control/JoystickController.py -> /home/ajoymathew07/Catatron/Catatron/build/catatron_gait_control/build/lib/catatron_gait_control
[1.060s] running install
[1.064s] running install_lib
[1.077s] copying /home/ajoymathew07/Catatron/Catatron/build/catatron_gait_control/build/lib/catatron_gait_control/CatatronMainControl.py -> /home/ajoymathew07/Catatron/Catatron/install/catatron_gait_control/lib/python3.10/site-packages/catatron_gait_control
[1.078s] byte-compiling /home/ajoymathew07/Catatron/Catatron/install/catatron_gait_control/lib/python3.10/site-packages/catatron_gait_control/CatatronMainControl.py to CatatronMainControl.cpython-310.pyc
[1.079s] running install_data
[1.079s] copying resource/catatron_gait_control -> /home/ajoymathew07/Catatron/Catatron/install/catatron_gait_control/share/ament_index/resource_index/packages
[1.079s] copying package.xml -> /home/ajoymathew07/Catatron/Catatron/install/catatron_gait_control/share/catatron_gait_control
[1.080s] copying launch/CatatronGait.launch.py -> /home/ajoymathew07/Catatron/Catatron/install/catatron_gait_control/share/catatron_gait_control/launch
[1.080s] running install_egg_info
[1.094s] removing '/home/ajoymathew07/Catatron/Catatron/install/catatron_gait_control/lib/python3.10/site-packages/catatron_gait_control-0.0.0-py3.10.egg-info' (and everything under it)
[1.094s] Copying ../../build/catatron_gait_control/catatron_gait_control.egg-info to /home/ajoymathew07/Catatron/Catatron/install/catatron_gait_control/lib/python3.10/site-packages/catatron_gait_control-0.0.0-py3.10.egg-info
[1.095s] running install_scripts
[1.204s] Installing joy script to /home/ajoymathew07/Catatron/Catatron/install/catatron_gait_control/lib/catatron_gait_control
[1.204s] Installing joystick_controller script to /home/ajoymathew07/Catatron/Catatron/install/catatron_gait_control/lib/catatron_gait_control
[1.205s] Installing main_control script to /home/ajoymathew07/Catatron/Catatron/install/catatron_gait_control/lib/catatron_gait_control
[1.205s] writing list of installed files to '/home/ajoymathew07/Catatron/Catatron/build/catatron_gait_control/install.log'
[1.237s] Invoked command in '/home/ajoymathew07/Catatron/Catatron/src/catatron_gait_control' returned '0': PYTHONPATH=/home/ajoymathew07/Catatron/Catatron/build/catatron_gait_control/prefix_override:/usr/lib/python3/dist-packages/colcon_core/task/python/colcon_distutils_commands:/home/ajoymathew07/Catatron/Catatron/install/catatron_gait_control/lib/python3.10/site-packages:${PYTHONPATH} /usr/bin/python3 -W ignore:setup.py install is deprecated -W ignore:easy_install command is deprecated setup.py egg_info --egg-base ../../build/catatron_gait_control build --build-base /home/ajoymathew07/Catatron/Catatron/build/catatron_gait_control/build install --record /home/ajoymathew07/Catatron/Catatron/build/catatron_gait_control/install.log --single-version-externally-managed install_data
