running egg_info
creating ../../build/catatron_gait_control/catatron_gait_control.egg-info
writing ../../build/catatron_gait_control/catatron_gait_control.egg-info/PKG-INFO
writing dependency_links to ../../build/catatron_gait_control/catatron_gait_control.egg-info/dependency_links.txt
writing entry points to ../../build/catatron_gait_control/catatron_gait_control.egg-info/entry_points.txt
writing requirements to ../../build/catatron_gait_control/catatron_gait_control.egg-info/requires.txt
writing top-level names to ../../build/catatron_gait_control/catatron_gait_control.egg-info/top_level.txt
writing manifest file '../../build/catatron_gait_control/catatron_gait_control.egg-info/SOURCES.txt'
reading manifest file '../../build/catatron_gait_control/catatron_gait_control.egg-info/SOURCES.txt'
writing manifest file '../../build/catatron_gait_control/catatron_gait_control.egg-info/SOURCES.txt'
running build
running build_py
creating /home/ajoymathew07/Catatron/Catatron/build/catatron_gait_control/build
creating /home/ajoymathew07/Catatron/Catatron/build/catatron_gait_control/build/lib
creating /home/ajoymathew07/Catatron/Catatron/build/catatron_gait_control/build/lib/catatron_gait_control
copying catatron_gait_control/IK.py -> /home/ajoymathew07/Catatron/Catatron/build/catatron_gait_control/build/lib/catatron_gait_control
copying catatron_gait_control/CatatronCrawl.py -> /home/ajoymathew07/Catatron/Catatron/build/catatron_gait_control/build/lib/catatron_gait_control
copying catatron_gait_control/CatatronRest.py -> /home/ajoymathew07/Catatron/Catatron/build/catatron_gait_control/build/lib/catatron_gait_control
copying catatron_gait_control/CatatronStand.py -> /home/ajoymathew07/Catatron/Catatron/build/catatron_gait_control/build/lib/catatron_gait_control
copying catatron_gait_control/__init__.py -> /home/ajoymathew07/Catatron/Catatron/build/catatron_gait_control/build/lib/catatron_gait_control
copying catatron_gait_control/PID.py -> /home/ajoymathew07/Catatron/Catatron/build/catatron_gait_control/build/lib/catatron_gait_control
copying catatron_gait_control/tempCodeRunnerFile.py -> /home/ajoymathew07/Catatron/Catatron/build/catatron_gait_control/build/lib/catatron_gait_control
copying catatron_gait_control/State.py -> /home/ajoymathew07/Catatron/Catatron/build/catatron_gait_control/build/lib/catatron_gait_control
copying catatron_gait_control/Transformations.py -> /home/ajoymathew07/Catatron/Catatron/build/catatron_gait_control/build/lib/catatron_gait_control
copying catatron_gait_control/ArgJoy.py -> /home/ajoymathew07/Catatron/Catatron/build/catatron_gait_control/build/lib/catatron_gait_control
copying catatron_gait_control/GaitProperties.py -> /home/ajoymathew07/Catatron/Catatron/build/catatron_gait_control/build/lib/catatron_gait_control
copying catatron_gait_control/CatatronGaitControl.py -> /home/ajoymathew07/Catatron/Catatron/build/catatron_gait_control/build/lib/catatron_gait_control
copying catatron_gait_control/CatatronTrot.py -> /home/ajoymathew07/Catatron/Catatron/build/catatron_gait_control/build/lib/catatron_gait_control
copying catatron_gait_control/CatatronMainControl.py -> /home/ajoymathew07/Catatron/Catatron/build/catatron_gait_control/build/lib/catatron_gait_control
copying catatron_gait_control/JoystickController.py -> /home/ajoymathew07/Catatron/Catatron/build/catatron_gait_control/build/lib/catatron_gait_control
running install
running install_lib
creating /home/ajoymathew07/Catatron/Catatron/install/catatron_gait_control/lib/python3.10/site-packages/catatron_gait_control
copying /home/ajoymathew07/Catatron/Catatron/build/catatron_gait_control/build/lib/catatron_gait_control/IK.py -> /home/ajoymathew07/Catatron/Catatron/install/catatron_gait_control/lib/python3.10/site-packages/catatron_gait_control
copying /home/ajoymathew07/Catatron/Catatron/build/catatron_gait_control/build/lib/catatron_gait_control/CatatronCrawl.py -> /home/ajoymathew07/Catatron/Catatron/install/catatron_gait_control/lib/python3.10/site-packages/catatron_gait_control
copying /home/ajoymathew07/Catatron/Catatron/build/catatron_gait_control/build/lib/catatron_gait_control/CatatronRest.py -> /home/ajoymathew07/Catatron/Catatron/install/catatron_gait_control/lib/python3.10/site-packages/catatron_gait_control
copying /home/ajoymathew07/Catatron/Catatron/build/catatron_gait_control/build/lib/catatron_gait_control/CatatronStand.py -> /home/ajoymathew07/Catatron/Catatron/install/catatron_gait_control/lib/python3.10/site-packages/catatron_gait_control
copying /home/ajoymathew07/Catatron/Catatron/build/catatron_gait_control/build/lib/catatron_gait_control/__init__.py -> /home/ajoymathew07/Catatron/Catatron/install/catatron_gait_control/lib/python3.10/site-packages/catatron_gait_control
copying /home/ajoymathew07/Catatron/Catatron/build/catatron_gait_control/build/lib/catatron_gait_control/PID.py -> /home/ajoymathew07/Catatron/Catatron/install/catatron_gait_control/lib/python3.10/site-packages/catatron_gait_control
copying /home/ajoymathew07/Catatron/Catatron/build/catatron_gait_control/build/lib/catatron_gait_control/tempCodeRunnerFile.py -> /home/ajoymathew07/Catatron/Catatron/install/catatron_gait_control/lib/python3.10/site-packages/catatron_gait_control
copying /home/ajoymathew07/Catatron/Catatron/build/catatron_gait_control/build/lib/catatron_gait_control/State.py -> /home/ajoymathew07/Catatron/Catatron/install/catatron_gait_control/lib/python3.10/site-packages/catatron_gait_control
copying /home/ajoymathew07/Catatron/Catatron/build/catatron_gait_control/build/lib/catatron_gait_control/Transformations.py -> /home/ajoymathew07/Catatron/Catatron/install/catatron_gait_control/lib/python3.10/site-packages/catatron_gait_control
copying /home/ajoymathew07/Catatron/Catatron/build/catatron_gait_control/build/lib/catatron_gait_control/ArgJoy.py -> /home/ajoymathew07/Catatron/Catatron/install/catatron_gait_control/lib/python3.10/site-packages/catatron_gait_control
copying /home/ajoymathew07/Catatron/Catatron/build/catatron_gait_control/build/lib/catatron_gait_control/GaitProperties.py -> /home/ajoymathew07/Catatron/Catatron/install/catatron_gait_control/lib/python3.10/site-packages/catatron_gait_control
copying /home/ajoymathew07/Catatron/Catatron/build/catatron_gait_control/build/lib/catatron_gait_control/CatatronGaitControl.py -> /home/ajoymathew07/Catatron/Catatron/install/catatron_gait_control/lib/python3.10/site-packages/catatron_gait_control
copying /home/ajoymathew07/Catatron/Catatron/build/catatron_gait_control/build/lib/catatron_gait_control/CatatronTrot.py -> /home/ajoymathew07/Catatron/Catatron/install/catatron_gait_control/lib/python3.10/site-packages/catatron_gait_control
copying /home/ajoymathew07/Catatron/Catatron/build/catatron_gait_control/build/lib/catatron_gait_control/CatatronMainControl.py -> /home/ajoymathew07/Catatron/Catatron/install/catatron_gait_control/lib/python3.10/site-packages/catatron_gait_control
copying /home/ajoymathew07/Catatron/Catatron/build/catatron_gait_control/build/lib/catatron_gait_control/JoystickController.py -> /home/ajoymathew07/Catatron/Catatron/install/catatron_gait_control/lib/python3.10/site-packages/catatron_gait_control
byte-compiling /home/ajoymathew07/Catatron/Catatron/install/catatron_gait_control/lib/python3.10/site-packages/catatron_gait_control/IK.py to IK.cpython-310.pyc
byte-compiling /home/ajoymathew07/Catatron/Catatron/install/catatron_gait_control/lib/python3.10/site-packages/catatron_gait_control/CatatronCrawl.py to CatatronCrawl.cpython-310.pyc
byte-compiling /home/ajoymathew07/Catatron/Catatron/install/catatron_gait_control/lib/python3.10/site-packages/catatron_gait_control/CatatronRest.py to CatatronRest.cpython-310.pyc
byte-compiling /home/ajoymathew07/Catatron/Catatron/install/catatron_gait_control/lib/python3.10/site-packages/catatron_gait_control/CatatronStand.py to CatatronStand.cpython-310.pyc
byte-compiling /home/ajoymathew07/Catatron/Catatron/install/catatron_gait_control/lib/python3.10/site-packages/catatron_gait_control/__init__.py to __init__.cpython-310.pyc
byte-compiling /home/ajoymathew07/Catatron/Catatron/install/catatron_gait_control/lib/python3.10/site-packages/catatron_gait_control/PID.py to PID.cpython-310.pyc
byte-compiling /home/ajoymathew07/Catatron/Catatron/install/catatron_gait_control/lib/python3.10/site-packages/catatron_gait_control/tempCodeRunnerFile.py to tempCodeRunnerFile.cpython-310.pyc
byte-compiling /home/ajoymathew07/Catatron/Catatron/install/catatron_gait_control/lib/python3.10/site-packages/catatron_gait_control/State.py to State.cpython-310.pyc
byte-compiling /home/ajoymathew07/Catatron/Catatron/install/catatron_gait_control/lib/python3.10/site-packages/catatron_gait_control/Transformations.py to Transformations.cpython-310.pyc
byte-compiling /home/ajoymathew07/Catatron/Catatron/install/catatron_gait_control/lib/python3.10/site-packages/catatron_gait_control/ArgJoy.py to ArgJoy.cpython-310.pyc
byte-compiling /home/ajoymathew07/Catatron/Catatron/install/catatron_gait_control/lib/python3.10/site-packages/catatron_gait_control/GaitProperties.py to GaitProperties.cpython-310.pyc
byte-compiling /home/ajoymathew07/Catatron/Catatron/install/catatron_gait_control/lib/python3.10/site-packages/catatron_gait_control/CatatronGaitControl.py to CatatronGaitControl.cpython-310.pyc
byte-compiling /home/ajoymathew07/Catatron/Catatron/install/catatron_gait_control/lib/python3.10/site-packages/catatron_gait_control/CatatronTrot.py to CatatronTrot.cpython-310.pyc
byte-compiling /home/ajoymathew07/Catatron/Catatron/install/catatron_gait_control/lib/python3.10/site-packages/catatron_gait_control/CatatronMainControl.py to CatatronMainControl.cpython-310.pyc
byte-compiling /home/ajoymathew07/Catatron/Catatron/install/catatron_gait_control/lib/python3.10/site-packages/catatron_gait_control/JoystickController.py to JoystickController.cpython-310.pyc
running install_data
creating /home/ajoymathew07/Catatron/Catatron/install/catatron_gait_control/share/ament_index
creating /home/ajoymathew07/Catatron/Catatron/install/catatron_gait_control/share/ament_index/resource_index
creating /home/ajoymathew07/Catatron/Catatron/install/catatron_gait_control/share/ament_index/resource_index/packages
copying resource/catatron_gait_control -> /home/ajoymathew07/Catatron/Catatron/install/catatron_gait_control/share/ament_index/resource_index/packages
copying package.xml -> /home/ajoymathew07/Catatron/Catatron/install/catatron_gait_control/share/catatron_gait_control
creating /home/ajoymathew07/Catatron/Catatron/install/catatron_gait_control/share/catatron_gait_control/launch
copying launch/CatatronGait.launch.py -> /home/ajoymathew07/Catatron/Catatron/install/catatron_gait_control/share/catatron_gait_control/launch
creating /home/ajoymathew07/Catatron/Catatron/install/catatron_gait_control/share/catatron_gait_control/catatron_gait_control
copying catatron_gait_control/IK.py -> /home/ajoymathew07/Catatron/Catatron/install/catatron_gait_control/share/catatron_gait_control/catatron_gait_control
copying catatron_gait_control/CatatronCrawl.py -> /home/ajoymathew07/Catatron/Catatron/install/catatron_gait_control/share/catatron_gait_control/catatron_gait_control
copying catatron_gait_control/CatatronRest.py -> /home/ajoymathew07/Catatron/Catatron/install/catatron_gait_control/share/catatron_gait_control/catatron_gait_control
copying catatron_gait_control/CatatronStand.py -> /home/ajoymathew07/Catatron/Catatron/install/catatron_gait_control/share/catatron_gait_control/catatron_gait_control
copying catatron_gait_control/__init__.py -> /home/ajoymathew07/Catatron/Catatron/install/catatron_gait_control/share/catatron_gait_control/catatron_gait_control
copying catatron_gait_control/PID.py -> /home/ajoymathew07/Catatron/Catatron/install/catatron_gait_control/share/catatron_gait_control/catatron_gait_control
copying catatron_gait_control/tempCodeRunnerFile.py -> /home/ajoymathew07/Catatron/Catatron/install/catatron_gait_control/share/catatron_gait_control/catatron_gait_control
copying catatron_gait_control/State.py -> /home/ajoymathew07/Catatron/Catatron/install/catatron_gait_control/share/catatron_gait_control/catatron_gait_control
copying catatron_gait_control/Transformations.py -> /home/ajoymathew07/Catatron/Catatron/install/catatron_gait_control/share/catatron_gait_control/catatron_gait_control
copying catatron_gait_control/ArgJoy.py -> /home/ajoymathew07/Catatron/Catatron/install/catatron_gait_control/share/catatron_gait_control/catatron_gait_control
copying catatron_gait_control/GaitProperties.py -> /home/ajoymathew07/Catatron/Catatron/install/catatron_gait_control/share/catatron_gait_control/catatron_gait_control
copying catatron_gait_control/CatatronGaitControl.py -> /home/ajoymathew07/Catatron/Catatron/install/catatron_gait_control/share/catatron_gait_control/catatron_gait_control
copying catatron_gait_control/CatatronTrot.py -> /home/ajoymathew07/Catatron/Catatron/install/catatron_gait_control/share/catatron_gait_control/catatron_gait_control
copying catatron_gait_control/CatatronMainControl.py -> /home/ajoymathew07/Catatron/Catatron/install/catatron_gait_control/share/catatron_gait_control/catatron_gait_control
copying catatron_gait_control/JoystickController.py -> /home/ajoymathew07/Catatron/Catatron/install/catatron_gait_control/share/catatron_gait_control/catatron_gait_control
running install_egg_info
Copying ../../build/catatron_gait_control/catatron_gait_control.egg-info to /home/ajoymathew07/Catatron/Catatron/install/catatron_gait_control/lib/python3.10/site-packages/catatron_gait_control-0.0.0-py3.10.egg-info
running install_scripts
Installing joy script to /home/ajoymathew07/Catatron/Catatron/install/catatron_gait_control/lib/catatron_gait_control
Installing joystick_controller script to /home/ajoymathew07/Catatron/Catatron/install/catatron_gait_control/lib/catatron_gait_control
Installing main_control script to /home/ajoymathew07/Catatron/Catatron/install/catatron_gait_control/lib/catatron_gait_control
writing list of installed files to '/home/ajoymathew07/Catatron/Catatron/build/catatron_gait_control/install.log'
