[0.826s] Invoking command in '/home/abhinand/Envisage/catatron_ws/src/catatron_description': PYTHONPATH=/home/abhinand/Envisage/catatron_ws/build/catatron_description/prefix_override:/usr/lib/python3/dist-packages/colcon_core/task/python/colcon_distutils_commands:/home/abhinand/Envisage/catatron_ws/install/catatron_description/lib/python3.10/site-packages:${PYTHONPATH} /usr/bin/python3 -W ignore:setup.py install is deprecated setup.py egg_info --egg-base ../../build/catatron_description build --build-base /home/abhinand/Envisage/catatron_ws/build/catatron_description/build install --record /home/abhinand/Envisage/catatron_ws/build/catatron_description/install.log --single-version-externally-managed install_data
[1.089s] running egg_info
[1.089s] creating ../../build/catatron_description/catatron_description.egg-info
[1.089s] writing ../../build/catatron_description/catatron_description.egg-info/PKG-INFO
[1.090s] writing dependency_links to ../../build/catatron_description/catatron_description.egg-info/dependency_links.txt
[1.090s] writing entry points to ../../build/catatron_description/catatron_description.egg-info/entry_points.txt
[1.090s] writing requirements to ../../build/catatron_description/catatron_description.egg-info/requires.txt
[1.090s] writing top-level names to ../../build/catatron_description/catatron_description.egg-info/top_level.txt
[1.090s] writing manifest file '../../build/catatron_description/catatron_description.egg-info/SOURCES.txt'
[1.091s] reading manifest file '../../build/catatron_description/catatron_description.egg-info/SOURCES.txt'
[1.092s] writing manifest file '../../build/catatron_description/catatron_description.egg-info/SOURCES.txt'
[1.092s] running build
[1.092s] running build_py
[1.092s] creating /home/abhinand/Envisage/catatron_ws/build/catatron_description/build
[1.093s] creating /home/abhinand/Envisage/catatron_ws/build/catatron_description/build/lib
[1.093s] creating /home/abhinand/Envisage/catatron_ws/build/catatron_description/build/lib/catatron_description
[1.093s] copying catatron_description/controller.py -> /home/abhinand/Envisage/catatron_ws/build/catatron_description/build/lib/catatron_description
[1.093s] copying catatron_description/inv_kin.py -> /home/abhinand/Envisage/catatron_ws/build/catatron_description/build/lib/catatron_description
[1.093s] copying catatron_description/__init__.py -> /home/abhinand/Envisage/catatron_ws/build/catatron_description/build/lib/catatron_description
[1.093s] running install
[1.094s] running install_lib
[1.094s] creating /home/abhinand/Envisage/catatron_ws/install/catatron_description/lib/python3.10/site-packages/catatron_description
[1.094s] copying /home/abhinand/Envisage/catatron_ws/build/catatron_description/build/lib/catatron_description/controller.py -> /home/abhinand/Envisage/catatron_ws/install/catatron_description/lib/python3.10/site-packages/catatron_description
[1.094s] copying /home/abhinand/Envisage/catatron_ws/build/catatron_description/build/lib/catatron_description/inv_kin.py -> /home/abhinand/Envisage/catatron_ws/install/catatron_description/lib/python3.10/site-packages/catatron_description
[1.094s] copying /home/abhinand/Envisage/catatron_ws/build/catatron_description/build/lib/catatron_description/__init__.py -> /home/abhinand/Envisage/catatron_ws/install/catatron_description/lib/python3.10/site-packages/catatron_description
[1.095s] byte-compiling /home/abhinand/Envisage/catatron_ws/install/catatron_description/lib/python3.10/site-packages/catatron_description/controller.py to controller.cpython-310.pyc
[1.095s] byte-compiling /home/abhinand/Envisage/catatron_ws/install/catatron_description/lib/python3.10/site-packages/catatron_description/inv_kin.py to inv_kin.cpython-310.pyc
[1.095s] byte-compiling /home/abhinand/Envisage/catatron_ws/install/catatron_description/lib/python3.10/site-packages/catatron_description/__init__.py to __init__.cpython-310.pyc
[1.095s] running install_data
[1.096s] creating /home/abhinand/Envisage/catatron_ws/install/catatron_description/share/ament_index
[1.096s] creating /home/abhinand/Envisage/catatron_ws/install/catatron_description/share/ament_index/resource_index
[1.096s] creating /home/abhinand/Envisage/catatron_ws/install/catatron_description/share/ament_index/resource_index/packages
[1.096s] copying resource/catatron_description -> /home/abhinand/Envisage/catatron_ws/install/catatron_description/share/ament_index/resource_index/packages
[1.096s] copying package.xml -> /home/abhinand/Envisage/catatron_ws/install/catatron_description/share/catatron_description
[1.097s] creating /home/abhinand/Envisage/catatron_ws/install/catatron_description/share/catatron_description/launch
[1.097s] copying launch/robot.launch.py -> /home/abhinand/Envisage/catatron_ws/install/catatron_description/share/catatron_description/launch
[1.097s] creating /home/abhinand/Envisage/catatron_ws/install/catatron_description/share/catatron_description/urdf
[1.097s] copying urdf/catatron.urdf -> /home/abhinand/Envisage/catatron_ws/install/catatron_description/share/catatron_description/urdf
[1.097s] creating /home/abhinand/Envisage/catatron_ws/install/catatron_description/share/catatron_description/mesh_files
[1.097s] creating /home/abhinand/Envisage/catatron_ws/install/catatron_description/share/catatron_description/mesh_files/dae_files
[1.098s] creating /home/abhinand/Envisage/catatron_ws/install/catatron_description/share/catatron_description/config
[1.098s] copying config/joint_controller.yaml -> /home/abhinand/Envisage/catatron_ws/install/catatron_description/share/catatron_description/config
[1.098s] creating /home/abhinand/Envisage/catatron_ws/install/catatron_description/share/catatron_description/scripts
[1.098s] running install_egg_info
[1.098s] Copying ../../build/catatron_description/catatron_description.egg-info to /home/abhinand/Envisage/catatron_ws/install/catatron_description/lib/python3.10/site-packages/catatron_description-0.1.0-py3.10.egg-info
[1.099s] running install_scripts
[1.115s] Installing controller script to /home/abhinand/Envisage/catatron_ws/install/catatron_description/lib/catatron_description
[1.115s] Installing robot_launch script to /home/abhinand/Envisage/catatron_ws/install/catatron_description/lib/catatron_description
[1.115s] writing list of installed files to '/home/abhinand/Envisage/catatron_ws/build/catatron_description/install.log'
[1.144s] Invoked command in '/home/abhinand/Envisage/catatron_ws/src/catatron_description' returned '0': PYTHONPATH=/home/abhinand/Envisage/catatron_ws/build/catatron_description/prefix_override:/usr/lib/python3/dist-packages/colcon_core/task/python/colcon_distutils_commands:/home/abhinand/Envisage/catatron_ws/install/catatron_description/lib/python3.10/site-packages:${PYTHONPATH} /usr/bin/python3 -W ignore:setup.py install is deprecated setup.py egg_info --egg-base ../../build/catatron_description build --build-base /home/abhinand/Envisage/catatron_ws/build/catatron_description/build install --record /home/abhinand/Envisage/catatron_ws/build/catatron_description/install.log --single-version-externally-managed install_data
