[0.163s] DEBUG:colcon:Command line arguments: ['/usr/bin/colcon', 'build']
[0.163s] DEBUG:colcon:Parsed command line arguments: Namespace(log_base=None, log_level=None, verb_name='build', build_base='build', install_base='install', merge_install=False, symlink_install=False, test_result_base=None, continue_on_error=False, executor='parallel', parallel_workers=16, event_handlers=None, ignore_user_meta=False, metas=['./colcon.meta'], base_paths=['.'], packages_ignore=None, packages_ignore_regex=None, paths=None, packages_up_to=None, packages_up_to_regex=None, packages_above=None, packages_above_and_dependencies=None, packages_above_depth=None, packages_select_by_dep=None, packages_skip_by_dep=None, packages_skip_up_to=None, packages_select_build_failed=False, packages_skip_build_finished=False, packages_select_test_failures=False, packages_skip_test_passed=False, packages_select=None, packages_skip=None, packages_select_regex=None, packages_skip_regex=None, packages_start=None, packages_end=None, allow_overriding=[], cmake_args=None, cmake_target=None, cmake_target_skip_unavailable=False, cmake_clean_cache=False, cmake_clean_first=False, cmake_force_configure=False, ament_cmake_args=None, catkin_cmake_args=None, catkin_skip_building_tests=False, mixin_files=None, mixin=None, verb_parser=<colcon_mixin.mixin.mixin_argument.MixinArgumentDecorator object at 0x7b625f88dbd0>, verb_extension=<colcon_core.verb.build.BuildVerb object at 0x7b625f88cd30>, main=<bound method BuildVerb.main of <colcon_core.verb.build.BuildVerb object at 0x7b625f88cd30>>, mixin_verb=('build',))
[0.463s] Level 1:colcon.colcon_core.package_discovery:discover_packages(colcon_meta) check parameters
[0.463s] Level 1:colcon.colcon_core.package_discovery:discover_packages(recursive) check parameters
[0.463s] Level 1:colcon.colcon_core.package_discovery:discover_packages(ignore) check parameters
[0.463s] Level 1:colcon.colcon_core.package_discovery:discover_packages(path) check parameters
[0.463s] Level 1:colcon.colcon_core.package_discovery:discover_packages(colcon_meta) discover
[0.463s] Level 1:colcon.colcon_core.package_discovery:discover_packages(recursive) discover
[0.463s] INFO:colcon.colcon_core.package_discovery:Crawling recursively for packages in '/home/abhinand/Envisage/catatron_ws'
[0.464s] Level 1:colcon.colcon_core.package_identification:_identify(.) by extensions ['ignore', 'ignore_ament_install']
[0.464s] Level 1:colcon.colcon_core.package_identification:_identify(.) by extension 'ignore'
[0.464s] Level 1:colcon.colcon_core.package_identification:_identify(.) by extension 'ignore_ament_install'
[0.464s] Level 1:colcon.colcon_core.package_identification:_identify(.) by extensions ['colcon_pkg']
[0.464s] Level 1:colcon.colcon_core.package_identification:_identify(.) by extension 'colcon_pkg'
[0.464s] Level 1:colcon.colcon_core.package_identification:_identify(.) by extensions ['colcon_meta']
[0.464s] Level 1:colcon.colcon_core.package_identification:_identify(.) by extension 'colcon_meta'
[0.464s] Level 1:colcon.colcon_core.package_identification:_identify(.) by extensions ['ros']
[0.464s] Level 1:colcon.colcon_core.package_identification:_identify(.) by extension 'ros'
[0.480s] Level 1:colcon.colcon_core.package_identification:_identify(.) by extensions ['cmake', 'python']
[0.480s] Level 1:colcon.colcon_core.package_identification:_identify(.) by extension 'cmake'
[0.480s] Level 1:colcon.colcon_core.package_identification:_identify(.) by extension 'python'
[0.480s] Level 1:colcon.colcon_core.package_identification:_identify(.) by extensions ['python_setup_py']
[0.481s] Level 1:colcon.colcon_core.package_identification:_identify(.) by extension 'python_setup_py'
[0.481s] Level 1:colcon.colcon_core.package_identification:_identify(build) by extensions ['ignore', 'ignore_ament_install']
[0.481s] Level 1:colcon.colcon_core.package_identification:_identify(build) by extension 'ignore'
[0.481s] Level 1:colcon.colcon_core.package_identification:_identify(build) ignored
[0.481s] Level 1:colcon.colcon_core.package_identification:_identify(install) by extensions ['ignore', 'ignore_ament_install']
[0.481s] Level 1:colcon.colcon_core.package_identification:_identify(install) by extension 'ignore'
[0.481s] Level 1:colcon.colcon_core.package_identification:_identify(install) ignored
[0.481s] Level 1:colcon.colcon_core.package_identification:_identify(log) by extensions ['ignore', 'ignore_ament_install']
[0.482s] Level 1:colcon.colcon_core.package_identification:_identify(log) by extension 'ignore'
[0.482s] Level 1:colcon.colcon_core.package_identification:_identify(log) ignored
[0.482s] Level 1:colcon.colcon_core.package_identification:_identify(src) by extensions ['ignore', 'ignore_ament_install']
[0.482s] Level 1:colcon.colcon_core.package_identification:_identify(src) by extension 'ignore'
[0.482s] Level 1:colcon.colcon_core.package_identification:_identify(src) by extension 'ignore_ament_install'
[0.482s] Level 1:colcon.colcon_core.package_identification:_identify(src) by extensions ['colcon_pkg']
[0.482s] Level 1:colcon.colcon_core.package_identification:_identify(src) by extension 'colcon_pkg'
[0.482s] Level 1:colcon.colcon_core.package_identification:_identify(src) by extensions ['colcon_meta']
[0.482s] Level 1:colcon.colcon_core.package_identification:_identify(src) by extension 'colcon_meta'
[0.482s] Level 1:colcon.colcon_core.package_identification:_identify(src) by extensions ['ros']
[0.482s] Level 1:colcon.colcon_core.package_identification:_identify(src) by extension 'ros'
[0.482s] Level 1:colcon.colcon_core.package_identification:_identify(src) by extensions ['cmake', 'python']
[0.482s] Level 1:colcon.colcon_core.package_identification:_identify(src) by extension 'cmake'
[0.482s] Level 1:colcon.colcon_core.package_identification:_identify(src) by extension 'python'
[0.482s] Level 1:colcon.colcon_core.package_identification:_identify(src) by extensions ['python_setup_py']
[0.482s] Level 1:colcon.colcon_core.package_identification:_identify(src) by extension 'python_setup_py'
[0.483s] Level 1:colcon.colcon_core.package_identification:_identify(src/catatron_description) by extensions ['ignore', 'ignore_ament_install']
[0.483s] Level 1:colcon.colcon_core.package_identification:_identify(src/catatron_description) by extension 'ignore'
[0.483s] Level 1:colcon.colcon_core.package_identification:_identify(src/catatron_description) by extension 'ignore_ament_install'
[0.483s] Level 1:colcon.colcon_core.package_identification:_identify(src/catatron_description) by extensions ['colcon_pkg']
[0.483s] Level 1:colcon.colcon_core.package_identification:_identify(src/catatron_description) by extension 'colcon_pkg'
[0.483s] Level 1:colcon.colcon_core.package_identification:_identify(src/catatron_description) by extensions ['colcon_meta']
[0.483s] Level 1:colcon.colcon_core.package_identification:_identify(src/catatron_description) by extension 'colcon_meta'
[0.483s] Level 1:colcon.colcon_core.package_identification:_identify(src/catatron_description) by extensions ['ros']
[0.483s] Level 1:colcon.colcon_core.package_identification:_identify(src/catatron_description) by extension 'ros'
[0.487s] DEBUG:colcon.colcon_core.package_identification:Package 'src/catatron_description' with type 'ros.ament_python' and name 'catatron_description'
[0.488s] Level 1:colcon.colcon_core.package_identification:_identify(src/catatron_gait_control) by extensions ['ignore', 'ignore_ament_install']
[0.488s] Level 1:colcon.colcon_core.package_identification:_identify(src/catatron_gait_control) by extension 'ignore'
[0.488s] Level 1:colcon.colcon_core.package_identification:_identify(src/catatron_gait_control) by extension 'ignore_ament_install'
[0.488s] Level 1:colcon.colcon_core.package_identification:_identify(src/catatron_gait_control) by extensions ['colcon_pkg']
[0.488s] Level 1:colcon.colcon_core.package_identification:_identify(src/catatron_gait_control) by extension 'colcon_pkg'
[0.488s] Level 1:colcon.colcon_core.package_identification:_identify(src/catatron_gait_control) by extensions ['colcon_meta']
[0.488s] Level 1:colcon.colcon_core.package_identification:_identify(src/catatron_gait_control) by extension 'colcon_meta'
[0.488s] Level 1:colcon.colcon_core.package_identification:_identify(src/catatron_gait_control) by extensions ['ros']
[0.488s] Level 1:colcon.colcon_core.package_identification:_identify(src/catatron_gait_control) by extension 'ros'
[0.490s] DEBUG:colcon.colcon_core.package_identification:Package 'src/catatron_gait_control' with type 'ros.ament_python' and name 'catatron_gait_control'
[0.490s] Level 1:colcon.colcon_core.package_discovery:discover_packages(recursive) using defaults
[0.490s] Level 1:colcon.colcon_core.package_discovery:discover_packages(ignore) discover
[0.490s] Level 1:colcon.colcon_core.package_discovery:discover_packages(ignore) using defaults
[0.490s] Level 1:colcon.colcon_core.package_discovery:discover_packages(path) discover
[0.490s] Level 1:colcon.colcon_core.package_discovery:discover_packages(path) using defaults
[0.521s] Level 1:colcon.colcon_core.package_discovery:discover_packages(prefix_path) check parameters
[0.521s] Level 1:colcon.colcon_core.package_discovery:discover_packages(prefix_path) discover
[0.525s] DEBUG:colcon.colcon_installed_package_information.package_discovery:Found 2 installed packages in /home/abhinand/Envisage/catatron_ws/install
[0.525s] DEBUG:colcon.colcon_installed_package_information.package_discovery:Found 5 installed packages in /home/abhinand/mine_ws/install
[0.526s] DEBUG:colcon.colcon_installed_package_information.package_discovery:Found 2 installed packages in /home/abhinand/ros2_ws/install
[0.526s] DEBUG:colcon.colcon_installed_package_information.package_discovery:Found 3 installed packages in /home/abhinand/turtlebot3_ws/install
[0.527s] DEBUG:colcon.colcon_installed_package_information.package_discovery:Found 1 installed packages in /home/abhinand/mine_ws/src/articubot_one/install
[0.528s] DEBUG:colcon.colcon_installed_package_information.package_discovery:Found 1 installed packages in /home/abhinand/mine_ws/src/sensors_processing/install
[0.528s] DEBUG:colcon.colcon_installed_package_information.package_discovery:Found 1 installed packages in /home/abhinand/ros2_ws/src/Assembly_description/install
[0.529s] DEBUG:colcon.colcon_installed_package_information.package_discovery:Found 0 installed packages in /home/abhinand/turtlesim_ws/install
[0.531s] DEBUG:colcon.colcon_installed_package_information.package_discovery:Found 420 installed packages in /opt/ros/humble
[0.564s] Level 1:colcon.colcon_core.package_discovery:discover_packages(prefix_path) using defaults
[0.637s] Level 5:colcon.colcon_core.verb:set package 'catatron_description' build argument 'cmake_args' from command line to 'None'
[0.637s] Level 5:colcon.colcon_core.verb:set package 'catatron_description' build argument 'cmake_target' from command line to 'None'
[0.637s] Level 5:colcon.colcon_core.verb:set package 'catatron_description' build argument 'cmake_target_skip_unavailable' from command line to 'False'
[0.637s] Level 5:colcon.colcon_core.verb:set package 'catatron_description' build argument 'cmake_clean_cache' from command line to 'False'
[0.637s] Level 5:colcon.colcon_core.verb:set package 'catatron_description' build argument 'cmake_clean_first' from command line to 'False'
[0.637s] Level 5:colcon.colcon_core.verb:set package 'catatron_description' build argument 'cmake_force_configure' from command line to 'False'
[0.637s] Level 5:colcon.colcon_core.verb:set package 'catatron_description' build argument 'ament_cmake_args' from command line to 'None'
[0.637s] Level 5:colcon.colcon_core.verb:set package 'catatron_description' build argument 'catkin_cmake_args' from command line to 'None'
[0.637s] Level 5:colcon.colcon_core.verb:set package 'catatron_description' build argument 'catkin_skip_building_tests' from command line to 'False'
[0.637s] DEBUG:colcon.colcon_core.verb:Building package 'catatron_description' with the following arguments: {'ament_cmake_args': None, 'build_base': '/home/abhinand/Envisage/catatron_ws/build/catatron_description', 'catkin_cmake_args': None, 'catkin_skip_building_tests': False, 'cmake_args': None, 'cmake_clean_cache': False, 'cmake_clean_first': False, 'cmake_force_configure': False, 'cmake_target': None, 'cmake_target_skip_unavailable': False, 'install_base': '/home/abhinand/Envisage/catatron_ws/install/catatron_description', 'merge_install': False, 'path': '/home/abhinand/Envisage/catatron_ws/src/catatron_description', 'symlink_install': False, 'test_result_base': None}
[0.638s] Level 5:colcon.colcon_core.verb:set package 'catatron_gait_control' build argument 'cmake_args' from command line to 'None'
[0.638s] Level 5:colcon.colcon_core.verb:set package 'catatron_gait_control' build argument 'cmake_target' from command line to 'None'
[0.638s] Level 5:colcon.colcon_core.verb:set package 'catatron_gait_control' build argument 'cmake_target_skip_unavailable' from command line to 'False'
[0.638s] Level 5:colcon.colcon_core.verb:set package 'catatron_gait_control' build argument 'cmake_clean_cache' from command line to 'False'
[0.638s] Level 5:colcon.colcon_core.verb:set package 'catatron_gait_control' build argument 'cmake_clean_first' from command line to 'False'
[0.638s] Level 5:colcon.colcon_core.verb:set package 'catatron_gait_control' build argument 'cmake_force_configure' from command line to 'False'
[0.638s] Level 5:colcon.colcon_core.verb:set package 'catatron_gait_control' build argument 'ament_cmake_args' from command line to 'None'
[0.638s] Level 5:colcon.colcon_core.verb:set package 'catatron_gait_control' build argument 'catkin_cmake_args' from command line to 'None'
[0.638s] Level 5:colcon.colcon_core.verb:set package 'catatron_gait_control' build argument 'catkin_skip_building_tests' from command line to 'False'
[0.638s] DEBUG:colcon.colcon_core.verb:Building package 'catatron_gait_control' with the following arguments: {'ament_cmake_args': None, 'build_base': '/home/abhinand/Envisage/catatron_ws/build/catatron_gait_control', 'catkin_cmake_args': None, 'catkin_skip_building_tests': False, 'cmake_args': None, 'cmake_clean_cache': False, 'cmake_clean_first': False, 'cmake_force_configure': False, 'cmake_target': None, 'cmake_target_skip_unavailable': False, 'install_base': '/home/abhinand/Envisage/catatron_ws/install/catatron_gait_control', 'merge_install': False, 'path': '/home/abhinand/Envisage/catatron_ws/src/catatron_gait_control', 'symlink_install': False, 'test_result_base': None}
[0.638s] INFO:colcon.colcon_core.executor:Executing jobs using 'parallel' executor
[0.640s] DEBUG:colcon.colcon_parallel_executor.executor.parallel:run_until_complete
[0.641s] INFO:colcon.colcon_ros.task.ament_python.build:Building ROS package in '/home/abhinand/Envisage/catatron_ws/src/catatron_description' with build type 'ament_python'
[0.641s] Level 1:colcon.colcon_core.shell:create_environment_hook('catatron_description', 'ament_prefix_path')
[0.644s] INFO:colcon.colcon_core.plugin_system:Skipping extension 'colcon_core.shell.bat': Not used on non-Windows systems
[0.644s] INFO:colcon.colcon_core.shell:Creating environment hook '/home/abhinand/Envisage/catatron_ws/install/catatron_description/share/catatron_description/hook/ament_prefix_path.ps1'
[0.645s] INFO:colcon.colcon_core.shell:Creating environment descriptor '/home/abhinand/Envisage/catatron_ws/install/catatron_description/share/catatron_description/hook/ament_prefix_path.dsv'
[0.646s] INFO:colcon.colcon_core.shell:Creating environment hook '/home/abhinand/Envisage/catatron_ws/install/catatron_description/share/catatron_description/hook/ament_prefix_path.sh'
[0.647s] INFO:colcon.colcon_core.shell:Skip shell extension 'powershell' for command environment: Not usable outside of PowerShell
[0.647s] DEBUG:colcon.colcon_core.shell:Skip shell extension 'dsv' for command environment
[0.657s] INFO:colcon.colcon_ros.task.ament_python.build:Building ROS package in '/home/abhinand/Envisage/catatron_ws/src/catatron_gait_control' with build type 'ament_python'
[0.657s] Level 1:colcon.colcon_core.shell:create_environment_hook('catatron_gait_control', 'ament_prefix_path')
[0.657s] INFO:colcon.colcon_core.shell:Creating environment hook '/home/abhinand/Envisage/catatron_ws/install/catatron_gait_control/share/catatron_gait_control/hook/ament_prefix_path.ps1'
[0.659s] INFO:colcon.colcon_core.shell:Creating environment descriptor '/home/abhinand/Envisage/catatron_ws/install/catatron_gait_control/share/catatron_gait_control/hook/ament_prefix_path.dsv'
[0.659s] INFO:colcon.colcon_core.shell:Creating environment hook '/home/abhinand/Envisage/catatron_ws/install/catatron_gait_control/share/catatron_gait_control/hook/ament_prefix_path.sh'
[0.661s] INFO:colcon.colcon_core.shell:Skip shell extension 'powershell' for command environment: Not usable outside of PowerShell
[0.661s] DEBUG:colcon.colcon_core.shell:Skip shell extension 'dsv' for command environment
[1.187s] INFO:colcon.colcon_core.task.python.build:Building Python package in '/home/abhinand/Envisage/catatron_ws/src/catatron_description'
[1.188s] INFO:colcon.colcon_core.shell:Skip shell extension 'powershell' for command environment: Not usable outside of PowerShell
[1.188s] DEBUG:colcon.colcon_core.shell:Skip shell extension 'dsv' for command environment
[1.698s] INFO:colcon.colcon_core.task.python.build:Building Python package in '/home/abhinand/Envisage/catatron_ws/src/catatron_gait_control'
[1.699s] INFO:colcon.colcon_core.shell:Skip shell extension 'powershell' for command environment: Not usable outside of PowerShell
[1.699s] DEBUG:colcon.colcon_core.shell:Skip shell extension 'dsv' for command environment
[2.308s] DEBUG:colcon.colcon_core.event_handler.log_command:Invoking command in '/home/abhinand/Envisage/catatron_ws/src/catatron_description': PYTHONPATH=/home/abhinand/Envisage/catatron_ws/build/catatron_description/prefix_override:/usr/lib/python3/dist-packages/colcon_core/task/python/colcon_distutils_commands:/home/abhinand/Envisage/catatron_ws/install/catatron_description/lib/python3.10/site-packages:${PYTHONPATH} /usr/bin/python3 -W ignore:setup.py install is deprecated setup.py egg_info --egg-base ../../build/catatron_description build --build-base /home/abhinand/Envisage/catatron_ws/build/catatron_description/build install --record /home/abhinand/Envisage/catatron_ws/build/catatron_description/install.log --single-version-externally-managed install_data
[2.325s] DEBUG:colcon.colcon_core.event_handler.log_command:Invoking command in '/home/abhinand/Envisage/catatron_ws/src/catatron_gait_control': PYTHONPATH=/home/abhinand/Envisage/catatron_ws/build/catatron_gait_control/prefix_override:/usr/lib/python3/dist-packages/colcon_core/task/python/colcon_distutils_commands:/home/abhinand/Envisage/catatron_ws/install/catatron_gait_control/lib/python3.10/site-packages:${PYTHONPATH} /usr/bin/python3 -W ignore:setup.py install is deprecated setup.py egg_info --egg-base ../../build/catatron_gait_control build --build-base /home/abhinand/Envisage/catatron_ws/build/catatron_gait_control/build install --record /home/abhinand/Envisage/catatron_ws/build/catatron_gait_control/install.log --single-version-externally-managed install_data
[2.802s] DEBUG:colcon.colcon_core.event_handler.log_command:Invoked command in '/home/abhinand/Envisage/catatron_ws/src/catatron_description' returned '0': PYTHONPATH=/home/abhinand/Envisage/catatron_ws/build/catatron_description/prefix_override:/usr/lib/python3/dist-packages/colcon_core/task/python/colcon_distutils_commands:/home/abhinand/Envisage/catatron_ws/install/catatron_description/lib/python3.10/site-packages:${PYTHONPATH} /usr/bin/python3 -W ignore:setup.py install is deprecated setup.py egg_info --egg-base ../../build/catatron_description build --build-base /home/abhinand/Envisage/catatron_ws/build/catatron_description/build install --record /home/abhinand/Envisage/catatron_ws/build/catatron_description/install.log --single-version-externally-managed install_data
[2.807s] Level 1:colcon.colcon_core.environment:checking '/home/abhinand/Envisage/catatron_ws/install/catatron_description' for CMake module files
[2.809s] Level 1:colcon.colcon_core.environment:checking '/home/abhinand/Envisage/catatron_ws/install/catatron_description' for CMake config files
[2.811s] Level 1:colcon.colcon_core.environment:checking '/home/abhinand/Envisage/catatron_ws/install/catatron_description/lib'
[2.811s] Level 1:colcon.colcon_core.environment:checking '/home/abhinand/Envisage/catatron_ws/install/catatron_description/bin'
[2.811s] Level 1:colcon.colcon_core.environment:checking '/home/abhinand/Envisage/catatron_ws/install/catatron_description/lib/pkgconfig/catatron_description.pc'
[2.812s] Level 1:colcon.colcon_core.environment:checking '/home/abhinand/Envisage/catatron_ws/install/catatron_description/lib/python3.10/site-packages'
[2.812s] Level 1:colcon.colcon_core.shell:create_environment_hook('catatron_description', 'pythonpath')
[2.813s] INFO:colcon.colcon_core.shell:Creating environment hook '/home/abhinand/Envisage/catatron_ws/install/catatron_description/share/catatron_description/hook/pythonpath.ps1'
[2.814s] INFO:colcon.colcon_core.shell:Creating environment descriptor '/home/abhinand/Envisage/catatron_ws/install/catatron_description/share/catatron_description/hook/pythonpath.dsv'
[2.815s] INFO:colcon.colcon_core.shell:Creating environment hook '/home/abhinand/Envisage/catatron_ws/install/catatron_description/share/catatron_description/hook/pythonpath.sh'
[2.816s] Level 1:colcon.colcon_core.environment:checking '/home/abhinand/Envisage/catatron_ws/install/catatron_description/bin'
[2.816s] Level 1:colcon.colcon_core.environment:create_environment_scripts_only(catatron_description)
[2.817s] INFO:colcon.colcon_core.shell:Creating package script '/home/abhinand/Envisage/catatron_ws/install/catatron_description/share/catatron_description/package.ps1'
[2.819s] INFO:colcon.colcon_core.shell:Creating package descriptor '/home/abhinand/Envisage/catatron_ws/install/catatron_description/share/catatron_description/package.dsv'
[2.820s] INFO:colcon.colcon_core.shell:Creating package script '/home/abhinand/Envisage/catatron_ws/install/catatron_description/share/catatron_description/package.sh'
[2.822s] INFO:colcon.colcon_core.shell:Creating package script '/home/abhinand/Envisage/catatron_ws/install/catatron_description/share/catatron_description/package.bash'
[2.824s] INFO:colcon.colcon_core.shell:Creating package script '/home/abhinand/Envisage/catatron_ws/install/catatron_description/share/catatron_description/package.zsh'
[2.826s] Level 1:colcon.colcon_core.environment:create_file_with_runtime_dependencies(/home/abhinand/Envisage/catatron_ws/install/catatron_description/share/colcon-core/packages/catatron_description)
[2.841s] Level 1:colcon.colcon_core.environment:checking '/home/abhinand/Envisage/catatron_ws/install/catatron_gait_control' for CMake module files
[2.842s] DEBUG:colcon.colcon_core.event_handler.log_command:Invoked command in '/home/abhinand/Envisage/catatron_ws/src/catatron_gait_control' returned '0': PYTHONPATH=/home/abhinand/Envisage/catatron_ws/build/catatron_gait_control/prefix_override:/usr/lib/python3/dist-packages/colcon_core/task/python/colcon_distutils_commands:/home/abhinand/Envisage/catatron_ws/install/catatron_gait_control/lib/python3.10/site-packages:${PYTHONPATH} /usr/bin/python3 -W ignore:setup.py install is deprecated setup.py egg_info --egg-base ../../build/catatron_gait_control build --build-base /home/abhinand/Envisage/catatron_ws/build/catatron_gait_control/build install --record /home/abhinand/Envisage/catatron_ws/build/catatron_gait_control/install.log --single-version-externally-managed install_data
[2.843s] Level 1:colcon.colcon_core.environment:checking '/home/abhinand/Envisage/catatron_ws/install/catatron_gait_control' for CMake config files
[2.844s] Level 1:colcon.colcon_core.environment:checking '/home/abhinand/Envisage/catatron_ws/install/catatron_gait_control/lib'
[2.844s] Level 1:colcon.colcon_core.environment:checking '/home/abhinand/Envisage/catatron_ws/install/catatron_gait_control/bin'
[2.844s] Level 1:colcon.colcon_core.environment:checking '/home/abhinand/Envisage/catatron_ws/install/catatron_gait_control/lib/pkgconfig/catatron_gait_control.pc'
[2.845s] Level 1:colcon.colcon_core.environment:checking '/home/abhinand/Envisage/catatron_ws/install/catatron_gait_control/lib/python3.10/site-packages'
[2.845s] Level 1:colcon.colcon_core.shell:create_environment_hook('catatron_gait_control', 'pythonpath')
[2.846s] INFO:colcon.colcon_core.shell:Creating environment hook '/home/abhinand/Envisage/catatron_ws/install/catatron_gait_control/share/catatron_gait_control/hook/pythonpath.ps1'
[2.846s] INFO:colcon.colcon_core.shell:Creating environment descriptor '/home/abhinand/Envisage/catatron_ws/install/catatron_gait_control/share/catatron_gait_control/hook/pythonpath.dsv'
[2.847s] INFO:colcon.colcon_core.shell:Creating environment hook '/home/abhinand/Envisage/catatron_ws/install/catatron_gait_control/share/catatron_gait_control/hook/pythonpath.sh'
[2.848s] Level 1:colcon.colcon_core.environment:checking '/home/abhinand/Envisage/catatron_ws/install/catatron_gait_control/bin'
[2.849s] Level 1:colcon.colcon_core.environment:create_environment_scripts_only(catatron_gait_control)
[2.849s] INFO:colcon.colcon_core.shell:Creating package script '/home/abhinand/Envisage/catatron_ws/install/catatron_gait_control/share/catatron_gait_control/package.ps1'
[2.851s] INFO:colcon.colcon_core.shell:Creating package descriptor '/home/abhinand/Envisage/catatron_ws/install/catatron_gait_control/share/catatron_gait_control/package.dsv'
[2.852s] INFO:colcon.colcon_core.shell:Creating package script '/home/abhinand/Envisage/catatron_ws/install/catatron_gait_control/share/catatron_gait_control/package.sh'
[2.852s] INFO:colcon.colcon_core.shell:Creating package script '/home/abhinand/Envisage/catatron_ws/install/catatron_gait_control/share/catatron_gait_control/package.bash'
[2.853s] INFO:colcon.colcon_core.shell:Creating package script '/home/abhinand/Envisage/catatron_ws/install/catatron_gait_control/share/catatron_gait_control/package.zsh'
[2.854s] Level 1:colcon.colcon_core.environment:create_file_with_runtime_dependencies(/home/abhinand/Envisage/catatron_ws/install/catatron_gait_control/share/colcon-core/packages/catatron_gait_control)
[2.854s] DEBUG:colcon.colcon_parallel_executor.executor.parallel:closing loop
[2.855s] DEBUG:colcon.colcon_parallel_executor.executor.parallel:loop closed
[2.855s] DEBUG:colcon.colcon_parallel_executor.executor.parallel:run_until_complete finished with '0'
[2.856s] DEBUG:colcon.colcon_core.event_reactor:joining thread
[2.862s] INFO:colcon.colcon_core.plugin_system:Skipping extension 'colcon_notification.desktop_notification.terminal_notifier': Not used on non-Darwin systems
[2.863s] INFO:colcon.colcon_core.plugin_system:Skipping extension 'colcon_notification.desktop_notification.win32': Not used on non-Windows systems
[2.863s] INFO:colcon.colcon_notification.desktop_notification:Sending desktop notification using 'notify2'
[2.886s] DEBUG:colcon.colcon_core.event_reactor:joined thread
[2.886s] INFO:colcon.colcon_core.shell:Creating prefix script '/home/abhinand/Envisage/catatron_ws/install/local_setup.ps1'
[2.889s] INFO:colcon.colcon_core.shell:Creating prefix util module '/home/abhinand/Envisage/catatron_ws/install/_local_setup_util_ps1.py'
[2.893s] INFO:colcon.colcon_core.shell:Creating prefix chain script '/home/abhinand/Envisage/catatron_ws/install/setup.ps1'
[2.898s] INFO:colcon.colcon_core.shell:Creating prefix script '/home/abhinand/Envisage/catatron_ws/install/local_setup.sh'
[2.899s] INFO:colcon.colcon_core.shell:Creating prefix util module '/home/abhinand/Envisage/catatron_ws/install/_local_setup_util_sh.py'
[2.900s] INFO:colcon.colcon_core.shell:Creating prefix chain script '/home/abhinand/Envisage/catatron_ws/install/setup.sh'
[2.904s] INFO:colcon.colcon_core.shell:Creating prefix script '/home/abhinand/Envisage/catatron_ws/install/local_setup.bash'
[2.905s] INFO:colcon.colcon_core.shell:Creating prefix chain script '/home/abhinand/Envisage/catatron_ws/install/setup.bash'
[2.909s] INFO:colcon.colcon_core.shell:Creating prefix script '/home/abhinand/Envisage/catatron_ws/install/local_setup.zsh'
[2.910s] INFO:colcon.colcon_core.shell:Creating prefix chain script '/home/abhinand/Envisage/catatron_ws/install/setup.zsh'
