running egg_info
writing ../../build/catatron_gait_control/catatron_gait_control.egg-info/PKG-INFO
writing dependency_links to ../../build/catatron_gait_control/catatron_gait_control.egg-info/dependency_links.txt
writing entry points to ../../build/catatron_gait_control/catatron_gait_control.egg-info/entry_points.txt
writing requirements to ../../build/catatron_gait_control/catatron_gait_control.egg-info/requires.txt
writing top-level names to ../../build/catatron_gait_control/catatron_gait_control.egg-info/top_level.txt
reading manifest file '../../build/catatron_gait_control/catatron_gait_control.egg-info/SOURCES.txt'
writing manifest file '../../build/catatron_gait_control/catatron_gait_control.egg-info/SOURCES.txt'
running build
running build_py
copying catatron_gait_control/CatatronGaitControl.py -> /home/ajoymathew07/Catatron/Catatron/build/catatron_gait_control/build/lib/catatron_gait_control
copying catatron_gait_control/CatatronMainControl.py -> /home/ajoymathew07/Catatron/Catatron/build/catatron_gait_control/build/lib/catatron_gait_control
running install
running install_lib
copying /home/ajoymathew07/Catatron/Catatron/build/catatron_gait_control/build/lib/catatron_gait_control/CatatronGaitControl.py -> /home/ajoymathew07/Catatron/Catatron/install/catatron_gait_control/lib/python3.10/site-packages/catatron_gait_control
copying /home/ajoymathew07/Catatron/Catatron/build/catatron_gait_control/build/lib/catatron_gait_control/CatatronMainControl.py -> /home/ajoymathew07/Catatron/Catatron/install/catatron_gait_control/lib/python3.10/site-packages/catatron_gait_control
byte-compiling /home/ajoymathew07/Catatron/Catatron/install/catatron_gait_control/lib/python3.10/site-packages/catatron_gait_control/CatatronGaitControl.py to CatatronGaitControl.cpython-310.pyc
byte-compiling /home/ajoymathew07/Catatron/Catatron/install/catatron_gait_control/lib/python3.10/site-packages/catatron_gait_control/CatatronMainControl.py to CatatronMainControl.cpython-310.pyc
running install_data
copying catatron_gait_control/IK.py -> /home/ajoymathew07/Catatron/Catatron/install/catatron_gait_control/share/catatron_gait_control/catatron_gait_control
copying catatron_gait_control/CatatronCrawl.py -> /home/ajoymathew07/Catatron/Catatron/install/catatron_gait_control/share/catatron_gait_control/catatron_gait_control
copying catatron_gait_control/CatatronRest.py -> /home/ajoymathew07/Catatron/Catatron/install/catatron_gait_control/share/catatron_gait_control/catatron_gait_control
copying catatron_gait_control/State.py -> /home/ajoymathew07/Catatron/Catatron/install/catatron_gait_control/share/catatron_gait_control/catatron_gait_control
copying catatron_gait_control/CatatronGaitControl.py -> /home/ajoymathew07/Catatron/Catatron/install/catatron_gait_control/share/catatron_gait_control/catatron_gait_control
copying catatron_gait_control/CatatronTrot.py -> /home/ajoymathew07/Catatron/Catatron/install/catatron_gait_control/share/catatron_gait_control/catatron_gait_control
copying catatron_gait_control/CatatronMainControl.py -> /home/ajoymathew07/Catatron/Catatron/install/catatron_gait_control/share/catatron_gait_control/catatron_gait_control
copying catatron_gait_control/JoystickController.py -> /home/ajoymathew07/Catatron/Catatron/install/catatron_gait_control/share/catatron_gait_control/catatron_gait_control
running install_egg_info
removing '/home/ajoymathew07/Catatron/Catatron/install/catatron_gait_control/lib/python3.10/site-packages/catatron_gait_control-0.0.0-py3.10.egg-info' (and everything under it)
Copying ../../build/catatron_gait_control/catatron_gait_control.egg-info to /home/ajoymathew07/Catatron/Catatron/install/catatron_gait_control/lib/python3.10/site-packages/catatron_gait_control-0.0.0-py3.10.egg-info
running install_scripts
Installing joy script to /home/ajoymathew07/Catatron/Catatron/install/catatron_gait_control/lib/catatron_gait_control
Installing joystick_controller script to /home/ajoymathew07/Catatron/Catatron/install/catatron_gait_control/lib/catatron_gait_control
Installing main_control script to /home/ajoymathew07/Catatron/Catatron/install/catatron_gait_control/lib/catatron_gait_control
writing list of installed files to '/home/ajoymathew07/Catatron/Catatron/build/catatron_gait_control/install.log'
