[0.675s] Invoking command in '/home/abhinand/Envisage/catatron_ws/src/catatron_description': PYTHONPATH=/home/abhinand/Envisage/catatron_ws/build/catatron_description/prefix_override:/usr/lib/python3/dist-packages/colcon_core/task/python/colcon_distutils_commands:/home/abhinand/Envisage/catatron_ws/install/catatron_description/lib/python3.10/site-packages:${PYTHONPATH} /usr/bin/python3 -W ignore:setup.py install is deprecated setup.py egg_info --egg-base ../../build/catatron_description build --build-base /home/abhinand/Envisage/catatron_ws/build/catatron_description/build install --record /home/abhinand/Envisage/catatron_ws/build/catatron_description/install.log --single-version-externally-managed install_data
[0.936s] running egg_info
[0.936s] writing ../../build/catatron_description/catatron_description.egg-info/PKG-INFO
[0.937s] writing dependency_links to ../../build/catatron_description/catatron_description.egg-info/dependency_links.txt
[0.937s] writing entry points to ../../build/catatron_description/catatron_description.egg-info/entry_points.txt
[0.937s] writing requirements to ../../build/catatron_description/catatron_description.egg-info/requires.txt
[0.937s] writing top-level names to ../../build/catatron_description/catatron_description.egg-info/top_level.txt
[0.939s] reading manifest file '../../build/catatron_description/catatron_description.egg-info/SOURCES.txt'
[0.940s] writing manifest file '../../build/catatron_description/catatron_description.egg-info/SOURCES.txt'
[0.940s] running build
[0.940s] running build_py
[0.940s] running install
[0.941s] running install_lib
[0.941s] running install_data
[0.942s] copying launch/pushup.launch.py -> /home/abhinand/Envisage/catatron_ws/install/catatron_description/share/catatron_description/launch
[0.942s] running install_egg_info
[0.943s] removing '/home/abhinand/Envisage/catatron_ws/install/catatron_description/lib/python3.10/site-packages/catatron_description-0.1.0-py3.10.egg-info' (and everything under it)
[0.944s] Copying ../../build/catatron_description/catatron_description.egg-info to /home/abhinand/Envisage/catatron_ws/install/catatron_description/lib/python3.10/site-packages/catatron_description-0.1.0-py3.10.egg-info
[0.944s] running install_scripts
[0.961s] Installing controller script to /home/abhinand/Envisage/catatron_ws/install/catatron_description/lib/catatron_description
[0.961s] Installing inv_kin_node script to /home/abhinand/Envisage/catatron_ws/install/catatron_description/lib/catatron_description
[0.961s] Installing joint_angles_check script to /home/abhinand/Envisage/catatron_ws/install/catatron_description/lib/catatron_description
[0.961s] Installing joint_angles_param script to /home/abhinand/Envisage/catatron_ws/install/catatron_description/lib/catatron_description
[0.961s] Installing robot_launch script to /home/abhinand/Envisage/catatron_ws/install/catatron_description/lib/catatron_description
[0.962s] writing list of installed files to '/home/abhinand/Envisage/catatron_ws/build/catatron_description/install.log'
[0.990s] Invoked command in '/home/abhinand/Envisage/catatron_ws/src/catatron_description' returned '0': PYTHONPATH=/home/abhinand/Envisage/catatron_ws/build/catatron_description/prefix_override:/usr/lib/python3/dist-packages/colcon_core/task/python/colcon_distutils_commands:/home/abhinand/Envisage/catatron_ws/install/catatron_description/lib/python3.10/site-packages:${PYTHONPATH} /usr/bin/python3 -W ignore:setup.py install is deprecated setup.py egg_info --egg-base ../../build/catatron_description build --build-base /home/abhinand/Envisage/catatron_ws/build/catatron_description/build install --record /home/abhinand/Envisage/catatron_ws/build/catatron_description/install.log --single-version-externally-managed install_data
