[1.035s] Invoking command in '/home/abhinand/Envisage/catatron_ws/src/catatron_gait_control': PYTHONPATH=/home/abhinand/Envisage/catatron_ws/build/catatron_gait_control/prefix_override:/usr/lib/python3/dist-packages/colcon_core/task/python/colcon_distutils_commands:/home/abhinand/Envisage/catatron_ws/install/catatron_gait_control/lib/python3.10/site-packages:${PYTHONPATH} /usr/bin/python3 -W ignore:setup.py install is deprecated setup.py egg_info --egg-base ../../build/catatron_gait_control build --build-base /home/abhinand/Envisage/catatron_ws/build/catatron_gait_control/build install --record /home/abhinand/Envisage/catatron_ws/build/catatron_gait_control/install.log --single-version-externally-managed install_data
[1.292s] running egg_info
[1.293s] writing ../../build/catatron_gait_control/catatron_gait_control.egg-info/PKG-INFO
[1.293s] writing dependency_links to ../../build/catatron_gait_control/catatron_gait_control.egg-info/dependency_links.txt
[1.293s] writing entry points to ../../build/catatron_gait_control/catatron_gait_control.egg-info/entry_points.txt
[1.294s] writing requirements to ../../build/catatron_gait_control/catatron_gait_control.egg-info/requires.txt
[1.294s] writing top-level names to ../../build/catatron_gait_control/catatron_gait_control.egg-info/top_level.txt
[1.295s] reading manifest file '../../build/catatron_gait_control/catatron_gait_control.egg-info/SOURCES.txt'
[1.296s] writing manifest file '../../build/catatron_gait_control/catatron_gait_control.egg-info/SOURCES.txt'
[1.302s] running build
[1.302s] running build_py
[1.302s] copying catatron_gait_control/CatatronCrawl.py -> /home/abhinand/Envisage/catatron_ws/build/catatron_gait_control/build/lib/catatron_gait_control
[1.302s] copying catatron_gait_control/IK.py -> /home/abhinand/Envisage/catatron_ws/build/catatron_gait_control/build/lib/catatron_gait_control
[1.303s] copying catatron_gait_control/CatatronTrot.py -> /home/abhinand/Envisage/catatron_ws/build/catatron_gait_control/build/lib/catatron_gait_control
[1.303s] copying catatron_gait_control/CatatronStand.py -> /home/abhinand/Envisage/catatron_ws/build/catatron_gait_control/build/lib/catatron_gait_control
[1.303s] copying catatron_gait_control/PID.py -> /home/abhinand/Envisage/catatron_ws/build/catatron_gait_control/build/lib/catatron_gait_control
[1.304s] copying catatron_gait_control/GaitProperties.py -> /home/abhinand/Envisage/catatron_ws/build/catatron_gait_control/build/lib/catatron_gait_control
[1.304s] copying catatron_gait_control/VirtualJoystick.py -> /home/abhinand/Envisage/catatron_ws/build/catatron_gait_control/build/lib/catatron_gait_control
[1.304s] copying catatron_gait_control/Transformations.py -> /home/abhinand/Envisage/catatron_ws/build/catatron_gait_control/build/lib/catatron_gait_control
[1.304s] copying catatron_gait_control/CatatronGaitControl.py -> /home/abhinand/Envisage/catatron_ws/build/catatron_gait_control/build/lib/catatron_gait_control
[1.304s] copying catatron_gait_control/CatatronMainControl.py -> /home/abhinand/Envisage/catatron_ws/build/catatron_gait_control/build/lib/catatron_gait_control
[1.305s] copying catatron_gait_control/State.py -> /home/abhinand/Envisage/catatron_ws/build/catatron_gait_control/build/lib/catatron_gait_control
[1.305s] copying catatron_gait_control/JoystickController.py -> /home/abhinand/Envisage/catatron_ws/build/catatron_gait_control/build/lib/catatron_gait_control
[1.305s] copying catatron_gait_control/CatatronRest.py -> /home/abhinand/Envisage/catatron_ws/build/catatron_gait_control/build/lib/catatron_gait_control
[1.305s] running install
[1.306s] running install_lib
[1.306s] copying /home/abhinand/Envisage/catatron_ws/build/catatron_gait_control/build/lib/catatron_gait_control/CatatronCrawl.py -> /home/abhinand/Envisage/catatron_ws/install/catatron_gait_control/lib/python3.10/site-packages/catatron_gait_control
[1.306s] copying /home/abhinand/Envisage/catatron_ws/build/catatron_gait_control/build/lib/catatron_gait_control/IK.py -> /home/abhinand/Envisage/catatron_ws/install/catatron_gait_control/lib/python3.10/site-packages/catatron_gait_control
[1.307s] copying /home/abhinand/Envisage/catatron_ws/build/catatron_gait_control/build/lib/catatron_gait_control/CatatronTrot.py -> /home/abhinand/Envisage/catatron_ws/install/catatron_gait_control/lib/python3.10/site-packages/catatron_gait_control
[1.307s] copying /home/abhinand/Envisage/catatron_ws/build/catatron_gait_control/build/lib/catatron_gait_control/CatatronStand.py -> /home/abhinand/Envisage/catatron_ws/install/catatron_gait_control/lib/python3.10/site-packages/catatron_gait_control
[1.307s] copying /home/abhinand/Envisage/catatron_ws/build/catatron_gait_control/build/lib/catatron_gait_control/PID.py -> /home/abhinand/Envisage/catatron_ws/install/catatron_gait_control/lib/python3.10/site-packages/catatron_gait_control
[1.307s] copying /home/abhinand/Envisage/catatron_ws/build/catatron_gait_control/build/lib/catatron_gait_control/GaitProperties.py -> /home/abhinand/Envisage/catatron_ws/install/catatron_gait_control/lib/python3.10/site-packages/catatron_gait_control
[1.307s] copying /home/abhinand/Envisage/catatron_ws/build/catatron_gait_control/build/lib/catatron_gait_control/VirtualJoystick.py -> /home/abhinand/Envisage/catatron_ws/install/catatron_gait_control/lib/python3.10/site-packages/catatron_gait_control
[1.307s] copying /home/abhinand/Envisage/catatron_ws/build/catatron_gait_control/build/lib/catatron_gait_control/Transformations.py -> /home/abhinand/Envisage/catatron_ws/install/catatron_gait_control/lib/python3.10/site-packages/catatron_gait_control
[1.307s] copying /home/abhinand/Envisage/catatron_ws/build/catatron_gait_control/build/lib/catatron_gait_control/CatatronGaitControl.py -> /home/abhinand/Envisage/catatron_ws/install/catatron_gait_control/lib/python3.10/site-packages/catatron_gait_control
[1.307s] copying /home/abhinand/Envisage/catatron_ws/build/catatron_gait_control/build/lib/catatron_gait_control/CatatronMainControl.py -> /home/abhinand/Envisage/catatron_ws/install/catatron_gait_control/lib/python3.10/site-packages/catatron_gait_control
[1.308s] copying /home/abhinand/Envisage/catatron_ws/build/catatron_gait_control/build/lib/catatron_gait_control/State.py -> /home/abhinand/Envisage/catatron_ws/install/catatron_gait_control/lib/python3.10/site-packages/catatron_gait_control
[1.308s] copying /home/abhinand/Envisage/catatron_ws/build/catatron_gait_control/build/lib/catatron_gait_control/JoystickController.py -> /home/abhinand/Envisage/catatron_ws/install/catatron_gait_control/lib/python3.10/site-packages/catatron_gait_control
[1.308s] copying /home/abhinand/Envisage/catatron_ws/build/catatron_gait_control/build/lib/catatron_gait_control/CatatronRest.py -> /home/abhinand/Envisage/catatron_ws/install/catatron_gait_control/lib/python3.10/site-packages/catatron_gait_control
[1.308s] byte-compiling /home/abhinand/Envisage/catatron_ws/install/catatron_gait_control/lib/python3.10/site-packages/catatron_gait_control/CatatronCrawl.py to CatatronCrawl.cpython-310.pyc
[1.308s] byte-compiling /home/abhinand/Envisage/catatron_ws/install/catatron_gait_control/lib/python3.10/site-packages/catatron_gait_control/IK.py to IK.cpython-310.pyc
[1.309s] byte-compiling /home/abhinand/Envisage/catatron_ws/install/catatron_gait_control/lib/python3.10/site-packages/catatron_gait_control/CatatronTrot.py to CatatronTrot.cpython-310.pyc
[1.310s] byte-compiling /home/abhinand/Envisage/catatron_ws/install/catatron_gait_control/lib/python3.10/site-packages/catatron_gait_control/CatatronStand.py to CatatronStand.cpython-310.pyc
[1.310s] byte-compiling /home/abhinand/Envisage/catatron_ws/install/catatron_gait_control/lib/python3.10/site-packages/catatron_gait_control/PID.py to PID.cpython-310.pyc
[1.311s] byte-compiling /home/abhinand/Envisage/catatron_ws/install/catatron_gait_control/lib/python3.10/site-packages/catatron_gait_control/GaitProperties.py to GaitProperties.cpython-310.pyc
[1.311s] byte-compiling /home/abhinand/Envisage/catatron_ws/install/catatron_gait_control/lib/python3.10/site-packages/catatron_gait_control/VirtualJoystick.py to VirtualJoystick.cpython-310.pyc
[1.311s] byte-compiling /home/abhinand/Envisage/catatron_ws/install/catatron_gait_control/lib/python3.10/site-packages/catatron_gait_control/Transformations.py to Transformations.cpython-310.pyc
[1.312s] byte-compiling /home/abhinand/Envisage/catatron_ws/install/catatron_gait_control/lib/python3.10/site-packages/catatron_gait_control/CatatronGaitControl.py to CatatronGaitControl.cpython-310.pyc
[1.312s] byte-compiling /home/abhinand/Envisage/catatron_ws/install/catatron_gait_control/lib/python3.10/site-packages/catatron_gait_control/CatatronMainControl.py to CatatronMainControl.cpython-310.pyc
[1.313s] byte-compiling /home/abhinand/Envisage/catatron_ws/install/catatron_gait_control/lib/python3.10/site-packages/catatron_gait_control/State.py to State.cpython-310.pyc
[1.313s] byte-compiling /home/abhinand/Envisage/catatron_ws/install/catatron_gait_control/lib/python3.10/site-packages/catatron_gait_control/JoystickController.py to JoystickController.cpython-310.pyc
[1.314s] byte-compiling /home/abhinand/Envisage/catatron_ws/install/catatron_gait_control/lib/python3.10/site-packages/catatron_gait_control/CatatronRest.py to CatatronRest.cpython-310.pyc
[1.314s] running install_data
[1.314s] copying package.xml -> /home/abhinand/Envisage/catatron_ws/install/catatron_gait_control/share/catatron_gait_control
[1.314s] creating /home/abhinand/Envisage/catatron_ws/install/catatron_gait_control/share/catatron_gait_control/launch
[1.315s] copying launch/CatatronGait.launch.py -> /home/abhinand/Envisage/catatron_ws/install/catatron_gait_control/share/catatron_gait_control/launch
[1.315s] creating /home/abhinand/Envisage/catatron_ws/install/catatron_gait_control/share/catatron_gait_control/catatron_gait_control
[1.315s] copying catatron_gait_control/CatatronCrawl.py -> /home/abhinand/Envisage/catatron_ws/install/catatron_gait_control/share/catatron_gait_control/catatron_gait_control
[1.315s] copying catatron_gait_control/IK.py -> /home/abhinand/Envisage/catatron_ws/install/catatron_gait_control/share/catatron_gait_control/catatron_gait_control
[1.315s] copying catatron_gait_control/CatatronTrot.py -> /home/abhinand/Envisage/catatron_ws/install/catatron_gait_control/share/catatron_gait_control/catatron_gait_control
[1.315s] copying catatron_gait_control/CatatronStand.py -> /home/abhinand/Envisage/catatron_ws/install/catatron_gait_control/share/catatron_gait_control/catatron_gait_control
[1.315s] copying catatron_gait_control/PID.py -> /home/abhinand/Envisage/catatron_ws/install/catatron_gait_control/share/catatron_gait_control/catatron_gait_control
[1.316s] copying catatron_gait_control/__init__.py -> /home/abhinand/Envisage/catatron_ws/install/catatron_gait_control/share/catatron_gait_control/catatron_gait_control
[1.316s] copying catatron_gait_control/GaitProperties.py -> /home/abhinand/Envisage/catatron_ws/install/catatron_gait_control/share/catatron_gait_control/catatron_gait_control
[1.316s] copying catatron_gait_control/VirtualJoystick.py -> /home/abhinand/Envisage/catatron_ws/install/catatron_gait_control/share/catatron_gait_control/catatron_gait_control
[1.316s] copying catatron_gait_control/Transformations.py -> /home/abhinand/Envisage/catatron_ws/install/catatron_gait_control/share/catatron_gait_control/catatron_gait_control
[1.316s] copying catatron_gait_control/CatatronGaitControl.py -> /home/abhinand/Envisage/catatron_ws/install/catatron_gait_control/share/catatron_gait_control/catatron_gait_control
[1.316s] copying catatron_gait_control/CatatronMainControl.py -> /home/abhinand/Envisage/catatron_ws/install/catatron_gait_control/share/catatron_gait_control/catatron_gait_control
[1.316s] copying catatron_gait_control/State.py -> /home/abhinand/Envisage/catatron_ws/install/catatron_gait_control/share/catatron_gait_control/catatron_gait_control
[1.316s] copying catatron_gait_control/JoystickController.py -> /home/abhinand/Envisage/catatron_ws/install/catatron_gait_control/share/catatron_gait_control/catatron_gait_control
[1.316s] copying catatron_gait_control/CatatronRest.py -> /home/abhinand/Envisage/catatron_ws/install/catatron_gait_control/share/catatron_gait_control/catatron_gait_control
[1.317s] running install_egg_info
[1.317s] removing '/home/abhinand/Envisage/catatron_ws/install/catatron_gait_control/lib/python3.10/site-packages/catatron_gait_control-0.0.0-py3.10.egg-info' (and everything under it)
[1.317s] Copying ../../build/catatron_gait_control/catatron_gait_control.egg-info to /home/abhinand/Envisage/catatron_ws/install/catatron_gait_control/lib/python3.10/site-packages/catatron_gait_control-0.0.0-py3.10.egg-info
[1.318s] running install_scripts
[1.335s] Installing joystick_controller script to /home/abhinand/Envisage/catatron_ws/install/catatron_gait_control/lib/catatron_gait_control
[1.335s] Installing main_control script to /home/abhinand/Envisage/catatron_ws/install/catatron_gait_control/lib/catatron_gait_control
[1.335s] Installing virtual_joystick script to /home/abhinand/Envisage/catatron_ws/install/catatron_gait_control/lib/catatron_gait_control
[1.335s] writing list of installed files to '/home/abhinand/Envisage/catatron_ws/build/catatron_gait_control/install.log'
[1.380s] Invoked command in '/home/abhinand/Envisage/catatron_ws/src/catatron_gait_control' returned '0': PYTHONPATH=/home/abhinand/Envisage/catatron_ws/build/catatron_gait_control/prefix_override:/usr/lib/python3/dist-packages/colcon_core/task/python/colcon_distutils_commands:/home/abhinand/Envisage/catatron_ws/install/catatron_gait_control/lib/python3.10/site-packages:${PYTHONPATH} /usr/bin/python3 -W ignore:setup.py install is deprecated setup.py egg_info --egg-base ../../build/catatron_gait_control build --build-base /home/abhinand/Envisage/catatron_ws/build/catatron_gait_control/build install --record /home/abhinand/Envisage/catatron_ws/build/catatron_gait_control/install.log --single-version-externally-managed install_data
