[0.654s] Invoking command in '/home/abhinand/Envisage/catatron_ws/src/catatron_description': PYTHONPATH=/home/abhinand/Envisage/catatron_ws/build/catatron_description/prefix_override:/usr/lib/python3/dist-packages/colcon_core/task/python/colcon_distutils_commands:/home/abhinand/Envisage/catatron_ws/install/catatron_description/lib/python3.10/site-packages:${PYTHONPATH} /usr/bin/python3 -W ignore:setup.py install is deprecated setup.py egg_info --egg-base ../../build/catatron_description build --build-base /home/abhinand/Envisage/catatron_ws/build/catatron_description/build install --record /home/abhinand/Envisage/catatron_ws/build/catatron_description/install.log --single-version-externally-managed install_data
[0.897s] running egg_info
[0.898s] writing ../../build/catatron_description/catatron_description.egg-info/PKG-INFO
[0.898s] writing dependency_links to ../../build/catatron_description/catatron_description.egg-info/dependency_links.txt
[0.898s] writing entry points to ../../build/catatron_description/catatron_description.egg-info/entry_points.txt
[0.898s] writing requirements to ../../build/catatron_description/catatron_description.egg-info/requires.txt
[0.899s] writing top-level names to ../../build/catatron_description/catatron_description.egg-info/top_level.txt
[0.901s] reading manifest file '../../build/catatron_description/catatron_description.egg-info/SOURCES.txt'
[0.902s] writing manifest file '../../build/catatron_description/catatron_description.egg-info/SOURCES.txt'
[0.902s] running build
[0.902s] running build_py
[0.902s] running install
[0.903s] running install_lib
[0.904s] running install_data
[0.904s] copying urdf/catatron.urdf -> /home/abhinand/Envisage/catatron_ws/install/catatron_description/share/catatron_description/urdf
[0.905s] copying worlds/empty_world.world -> /home/abhinand/Envisage/catatron_ws/install/catatron_description/share/catatron_description/worlds
[0.905s] running install_egg_info
[0.907s] removing '/home/abhinand/Envisage/catatron_ws/install/catatron_description/lib/python3.10/site-packages/catatron_description-0.1.0-py3.10.egg-info' (and everything under it)
[0.907s] Copying ../../build/catatron_description/catatron_description.egg-info to /home/abhinand/Envisage/catatron_ws/install/catatron_description/lib/python3.10/site-packages/catatron_description-0.1.0-py3.10.egg-info
[0.908s] running install_scripts
[0.924s] Installing controller script to /home/abhinand/Envisage/catatron_ws/install/catatron_description/lib/catatron_description
[0.924s] Installing inv_kin_node script to /home/abhinand/Envisage/catatron_ws/install/catatron_description/lib/catatron_description
[0.925s] Installing joint_angles_check script to /home/abhinand/Envisage/catatron_ws/install/catatron_description/lib/catatron_description
[0.925s] Installing joint_angles_param script to /home/abhinand/Envisage/catatron_ws/install/catatron_description/lib/catatron_description
[0.925s] Installing robot_launch script to /home/abhinand/Envisage/catatron_ws/install/catatron_description/lib/catatron_description
[0.925s] writing list of installed files to '/home/abhinand/Envisage/catatron_ws/build/catatron_description/install.log'
[0.957s] Invoked command in '/home/abhinand/Envisage/catatron_ws/src/catatron_description' returned '0': PYTHONPATH=/home/abhinand/Envisage/catatron_ws/build/catatron_description/prefix_override:/usr/lib/python3/dist-packages/colcon_core/task/python/colcon_distutils_commands:/home/abhinand/Envisage/catatron_ws/install/catatron_description/lib/python3.10/site-packages:${PYTHONPATH} /usr/bin/python3 -W ignore:setup.py install is deprecated setup.py egg_info --egg-base ../../build/catatron_description build --build-base /home/abhinand/Envisage/catatron_ws/build/catatron_description/build install --record /home/abhinand/Envisage/catatron_ws/build/catatron_description/install.log --single-version-externally-managed install_data
