running egg_info
creating ../../build/catatron_gait_control/catatron_gait_control.egg-info
writing ../../build/catatron_gait_control/catatron_gait_control.egg-info/PKG-INFO
writing dependency_links to ../../build/catatron_gait_control/catatron_gait_control.egg-info/dependency_links.txt
writing entry points to ../../build/catatron_gait_control/catatron_gait_control.egg-info/entry_points.txt
writing requirements to ../../build/catatron_gait_control/catatron_gait_control.egg-info/requires.txt
writing top-level names to ../../build/catatron_gait_control/catatron_gait_control.egg-info/top_level.txt
writing manifest file '../../build/catatron_gait_control/catatron_gait_control.egg-info/SOURCES.txt'
reading manifest file '../../build/catatron_gait_control/catatron_gait_control.egg-info/SOURCES.txt'
writing manifest file '../../build/catatron_gait_control/catatron_gait_control.egg-info/SOURCES.txt'
running build
running build_py
creating /home/abhinand/Envisage/catatron_ws/build/catatron_gait_control/build
creating /home/abhinand/Envisage/catatron_ws/build/catatron_gait_control/build/lib
creating /home/abhinand/Envisage/catatron_ws/build/catatron_gait_control/build/lib/catatron_gait_control
copying catatron_gait_control/__init__.py -> /home/abhinand/Envisage/catatron_ws/build/catatron_gait_control/build/lib/catatron_gait_control
running install
running install_lib
creating /home/abhinand/Envisage/catatron_ws/install/catatron_gait_control/lib/python3.10/site-packages/catatron_gait_control
copying /home/abhinand/Envisage/catatron_ws/build/catatron_gait_control/build/lib/catatron_gait_control/__init__.py -> /home/abhinand/Envisage/catatron_ws/install/catatron_gait_control/lib/python3.10/site-packages/catatron_gait_control
byte-compiling /home/abhinand/Envisage/catatron_ws/install/catatron_gait_control/lib/python3.10/site-packages/catatron_gait_control/__init__.py to __init__.cpython-310.pyc
running install_data
creating /home/abhinand/Envisage/catatron_ws/install/catatron_gait_control/share/ament_index
creating /home/abhinand/Envisage/catatron_ws/install/catatron_gait_control/share/ament_index/resource_index
creating /home/abhinand/Envisage/catatron_ws/install/catatron_gait_control/share/ament_index/resource_index/packages
copying resource/catatron_gait_control -> /home/abhinand/Envisage/catatron_ws/install/catatron_gait_control/share/ament_index/resource_index/packages
copying package.xml -> /home/abhinand/Envisage/catatron_ws/install/catatron_gait_control/share/catatron_gait_control
running install_egg_info
Copying ../../build/catatron_gait_control/catatron_gait_control.egg-info to /home/abhinand/Envisage/catatron_ws/install/catatron_gait_control/lib/python3.10/site-packages/catatron_gait_control-0.0.0-py3.10.egg-info
running install_scripts
writing list of installed files to '/home/abhinand/Envisage/catatron_ws/build/catatron_gait_control/install.log'
