running develop
running egg_info
writing catatron_description.egg-info/PKG-INFO
writing dependency_links to catatron_description.egg-info/dependency_links.txt
writing entry points to catatron_description.egg-info/entry_points.txt
writing requirements to catatron_description.egg-info/requires.txt
writing top-level names to catatron_description.egg-info/top_level.txt
reading manifest file 'catatron_description.egg-info/SOURCES.txt'
writing manifest file 'catatron_description.egg-info/SOURCES.txt'
running build_ext
Creating /home/ajoymathew07/Catatron/Catatron/install/catatron_description/lib/python3.10/site-packages/catatron-description.egg-link (link to .)
Installing controller script to /home/ajoymathew07/Catatron/Catatron/install/catatron_description/lib/catatron_description
Installing inv_kin_node script to /home/ajoymathew07/Catatron/Catatron/install/catatron_description/lib/catatron_description
Installing joint_angles_check script to /home/ajoymathew07/Catatron/Catatron/install/catatron_description/lib/catatron_description
Installing joint_angles_param script to /home/ajoymathew07/Catatron/Catatron/install/catatron_description/lib/catatron_description
Installing robot_launch script to /home/ajoymathew07/Catatron/Catatron/install/catatron_description/lib/catatron_description

Installed /home/ajoymathew07/Catatron/Catatron/build/catatron_description
running symlink_data
symbolically linking /home/ajoymathew07/Catatron/Catatron/build/catatron_description/resource/catatron_description -> /home/ajoymathew07/Catatron/Catatron/install/catatron_description/share/ament_index/resource_index/packages
symbolically linking /home/ajoymathew07/Catatron/Catatron/build/catatron_description/package.xml -> /home/ajoymathew07/Catatron/Catatron/install/catatron_description/share/catatron_description
symbolically linking /home/ajoymathew07/Catatron/Catatron/build/catatron_description/launch/robot.launch.py -> /home/ajoymathew07/Catatron/Catatron/install/catatron_description/share/catatron_description/launch
symbolically linking /home/ajoymathew07/Catatron/Catatron/build/catatron_description/launch/pushup.launch.py -> /home/ajoymathew07/Catatron/Catatron/install/catatron_description/share/catatron_description/launch
symbolically linking /home/ajoymathew07/Catatron/Catatron/build/catatron_description/urdf/catatron.urdf -> /home/ajoymathew07/Catatron/Catatron/install/catatron_description/share/catatron_description/urdf
symbolically linking /home/ajoymathew07/Catatron/Catatron/build/catatron_description/config/joint_controller.yaml -> /home/ajoymathew07/Catatron/Catatron/install/catatron_description/share/catatron_description/config
symbolically linking /home/ajoymathew07/Catatron/Catatron/build/catatron_description/catatron_description/controller.py -> /home/ajoymathew07/Catatron/Catatron/install/catatron_description/share/catatron_description/catatron_description
symbolically linking /home/ajoymathew07/Catatron/Catatron/build/catatron_description/catatron_description/inv_kin_dual.py -> /home/ajoymathew07/Catatron/Catatron/install/catatron_description/share/catatron_description/catatron_description
symbolically linking /home/ajoymathew07/Catatron/Catatron/build/catatron_description/catatron_description/__init__.py -> /home/ajoymathew07/Catatron/Catatron/install/catatron_description/share/catatron_description/catatron_description
symbolically linking /home/ajoymathew07/Catatron/Catatron/build/catatron_description/catatron_description/joint_angles_param.py -> /home/ajoymathew07/Catatron/Catatron/install/catatron_description/share/catatron_description/catatron_description
symbolically linking /home/ajoymathew07/Catatron/Catatron/build/catatron_description/catatron_description/joint_angles_check.py -> /home/ajoymathew07/Catatron/Catatron/install/catatron_description/share/catatron_description/catatron_description
symbolically linking /home/ajoymathew07/Catatron/Catatron/build/catatron_description/catatron_description/inv_kin_node.py -> /home/ajoymathew07/Catatron/Catatron/install/catatron_description/share/catatron_description/catatron_description
symbolically linking /home/ajoymathew07/Catatron/Catatron/build/catatron_description/worlds/empty_world.world -> /home/ajoymathew07/Catatron/Catatron/install/catatron_description/share/catatron_description/worlds
