[0.945s] Invoking command in '/home/ajoymathew07/Catatron/Catatron/build/catatron_description': PYTHONPATH=/home/ajoymathew07/Catatron/Catatron/build/catatron_description/prefix_override:/usr/lib/python3/dist-packages/colcon_core/task/python/colcon_distutils_commands:/home/ajoymathew07/Catatron/Catatron/install/catatron_description/lib/python3.10/site-packages:${PYTHONPATH} /usr/bin/python3 -W ignore:setup.py install is deprecated -W ignore:easy_install command is deprecated setup.py develop --editable --build-directory /home/ajoymathew07/Catatron/Catatron/build/catatron_description/build --no-deps symlink_data --force
[1.147s] running develop
[1.270s] running egg_info
[1.270s] writing catatron_description.egg-info/PKG-INFO
[1.270s] writing dependency_links to catatron_description.egg-info/dependency_links.txt
[1.271s] writing entry points to catatron_description.egg-info/entry_points.txt
[1.271s] writing requirements to catatron_description.egg-info/requires.txt
[1.271s] writing top-level names to catatron_description.egg-info/top_level.txt
[1.272s] reading manifest file 'catatron_description.egg-info/SOURCES.txt'
[1.273s] writing manifest file 'catatron_description.egg-info/SOURCES.txt'
[1.316s] running build_ext
[1.316s] Creating /home/ajoymathew07/Catatron/Catatron/install/catatron_description/lib/python3.10/site-packages/catatron-description.egg-link (link to .)
[1.317s] Installing controller script to /home/ajoymathew07/Catatron/Catatron/install/catatron_description/lib/catatron_description
[1.317s] Installing inv_kin_node script to /home/ajoymathew07/Catatron/Catatron/install/catatron_description/lib/catatron_description
[1.317s] Installing joint_angles_check script to /home/ajoymathew07/Catatron/Catatron/install/catatron_description/lib/catatron_description
[1.317s] Installing joint_angles_param script to /home/ajoymathew07/Catatron/Catatron/install/catatron_description/lib/catatron_description
[1.317s] Installing robot_launch script to /home/ajoymathew07/Catatron/Catatron/install/catatron_description/lib/catatron_description
[1.318s] 
[1.318s] Installed /home/ajoymathew07/Catatron/Catatron/build/catatron_description
[1.318s] running symlink_data
[1.318s] symbolically linking /home/ajoymathew07/Catatron/Catatron/build/catatron_description/resource/catatron_description -> /home/ajoymathew07/Catatron/Catatron/install/catatron_description/share/ament_index/resource_index/packages
[1.318s] symbolically linking /home/ajoymathew07/Catatron/Catatron/build/catatron_description/package.xml -> /home/ajoymathew07/Catatron/Catatron/install/catatron_description/share/catatron_description
[1.318s] symbolically linking /home/ajoymathew07/Catatron/Catatron/build/catatron_description/launch/robot.launch.py -> /home/ajoymathew07/Catatron/Catatron/install/catatron_description/share/catatron_description/launch
[1.318s] symbolically linking /home/ajoymathew07/Catatron/Catatron/build/catatron_description/launch/pushup.launch.py -> /home/ajoymathew07/Catatron/Catatron/install/catatron_description/share/catatron_description/launch
[1.318s] symbolically linking /home/ajoymathew07/Catatron/Catatron/build/catatron_description/urdf/catatron.urdf -> /home/ajoymathew07/Catatron/Catatron/install/catatron_description/share/catatron_description/urdf
[1.318s] symbolically linking /home/ajoymathew07/Catatron/Catatron/build/catatron_description/config/joint_controller.yaml -> /home/ajoymathew07/Catatron/Catatron/install/catatron_description/share/catatron_description/config
[1.318s] symbolically linking /home/ajoymathew07/Catatron/Catatron/build/catatron_description/catatron_description/controller.py -> /home/ajoymathew07/Catatron/Catatron/install/catatron_description/share/catatron_description/catatron_description
[1.318s] symbolically linking /home/ajoymathew07/Catatron/Catatron/build/catatron_description/catatron_description/inv_kin_dual.py -> /home/ajoymathew07/Catatron/Catatron/install/catatron_description/share/catatron_description/catatron_description
[1.319s] symbolically linking /home/ajoymathew07/Catatron/Catatron/build/catatron_description/catatron_description/__init__.py -> /home/ajoymathew07/Catatron/Catatron/install/catatron_description/share/catatron_description/catatron_description
[1.319s] symbolically linking /home/ajoymathew07/Catatron/Catatron/build/catatron_description/catatron_description/joint_angles_param.py -> /home/ajoymathew07/Catatron/Catatron/install/catatron_description/share/catatron_description/catatron_description
[1.319s] symbolically linking /home/ajoymathew07/Catatron/Catatron/build/catatron_description/catatron_description/joint_angles_check.py -> /home/ajoymathew07/Catatron/Catatron/install/catatron_description/share/catatron_description/catatron_description
[1.319s] symbolically linking /home/ajoymathew07/Catatron/Catatron/build/catatron_description/catatron_description/inv_kin_node.py -> /home/ajoymathew07/Catatron/Catatron/install/catatron_description/share/catatron_description/catatron_description
[1.319s] symbolically linking /home/ajoymathew07/Catatron/Catatron/build/catatron_description/worlds/empty_world.world -> /home/ajoymathew07/Catatron/Catatron/install/catatron_description/share/catatron_description/worlds
[1.369s] Invoked command in '/home/ajoymathew07/Catatron/Catatron/build/catatron_description' returned '0': PYTHONPATH=/home/ajoymathew07/Catatron/Catatron/build/catatron_description/prefix_override:/usr/lib/python3/dist-packages/colcon_core/task/python/colcon_distutils_commands:/home/ajoymathew07/Catatron/Catatron/install/catatron_description/lib/python3.10/site-packages:${PYTHONPATH} /usr/bin/python3 -W ignore:setup.py install is deprecated -W ignore:easy_install command is deprecated setup.py develop --editable --build-directory /home/ajoymathew07/Catatron/Catatron/build/catatron_description/build --no-deps symlink_data --force
