[0.611s] Invoking command in '/home/ajoymathew07/Catatron/Catatron/src/catatron_description': PYTHONPATH=/home/ajoymathew07/Catatron/Catatron/build/catatron_description/prefix_override:/usr/lib/python3/dist-packages/colcon_core/task/python/colcon_distutils_commands:/home/ajoymathew07/Catatron/Catatron/install/catatron_description/lib/python3.10/site-packages:${PYTHONPATH} /usr/bin/python3 -W ignore:setup.py install is deprecated -W ignore:easy_install command is deprecated setup.py egg_info --egg-base ../../build/catatron_description build --build-base /home/ajoymathew07/Catatron/Catatron/build/catatron_description/build install --record /home/ajoymathew07/Catatron/Catatron/build/catatron_description/install.log --single-version-externally-managed install_data
[0.775s] running egg_info
[0.776s] creating ../../build/catatron_description/catatron_description.egg-info
[0.776s] writing ../../build/catatron_description/catatron_description.egg-info/PKG-INFO
[0.776s] writing dependency_links to ../../build/catatron_description/catatron_description.egg-info/dependency_links.txt
[0.776s] writing entry points to ../../build/catatron_description/catatron_description.egg-info/entry_points.txt
[0.776s] writing requirements to ../../build/catatron_description/catatron_description.egg-info/requires.txt
[0.776s] writing top-level names to ../../build/catatron_description/catatron_description.egg-info/top_level.txt
[0.777s] writing manifest file '../../build/catatron_description/catatron_description.egg-info/SOURCES.txt'
[0.777s] reading manifest file '../../build/catatron_description/catatron_description.egg-info/SOURCES.txt'
[0.778s] writing manifest file '../../build/catatron_description/catatron_description.egg-info/SOURCES.txt'
[0.778s] running build
[0.778s] running build_py
[0.778s] creating /home/ajoymathew07/Catatron/Catatron/build/catatron_description/build
[0.778s] creating /home/ajoymathew07/Catatron/Catatron/build/catatron_description/build/lib
[0.778s] creating /home/ajoymathew07/Catatron/Catatron/build/catatron_description/build/lib/catatron_description
[0.778s] copying catatron_description/controller.py -> /home/ajoymathew07/Catatron/Catatron/build/catatron_description/build/lib/catatron_description
[0.778s] copying catatron_description/inv_kin_dual.py -> /home/ajoymathew07/Catatron/Catatron/build/catatron_description/build/lib/catatron_description
[0.778s] copying catatron_description/__init__.py -> /home/ajoymathew07/Catatron/Catatron/build/catatron_description/build/lib/catatron_description
[0.778s] copying catatron_description/joint_angles_param.py -> /home/ajoymathew07/Catatron/Catatron/build/catatron_description/build/lib/catatron_description
[0.778s] copying catatron_description/joint_angles_check.py -> /home/ajoymathew07/Catatron/Catatron/build/catatron_description/build/lib/catatron_description
[0.779s] copying catatron_description/inv_kin_node.py -> /home/ajoymathew07/Catatron/Catatron/build/catatron_description/build/lib/catatron_description
[0.779s] running install
[0.779s] running install_lib
[0.779s] creating /home/ajoymathew07/Catatron/Catatron/install/catatron_description/lib/python3.10/site-packages/catatron_description
[0.779s] copying /home/ajoymathew07/Catatron/Catatron/build/catatron_description/build/lib/catatron_description/controller.py -> /home/ajoymathew07/Catatron/Catatron/install/catatron_description/lib/python3.10/site-packages/catatron_description
[0.780s] copying /home/ajoymathew07/Catatron/Catatron/build/catatron_description/build/lib/catatron_description/inv_kin_dual.py -> /home/ajoymathew07/Catatron/Catatron/install/catatron_description/lib/python3.10/site-packages/catatron_description
[0.780s] copying /home/ajoymathew07/Catatron/Catatron/build/catatron_description/build/lib/catatron_description/__init__.py -> /home/ajoymathew07/Catatron/Catatron/install/catatron_description/lib/python3.10/site-packages/catatron_description
[0.780s] copying /home/ajoymathew07/Catatron/Catatron/build/catatron_description/build/lib/catatron_description/joint_angles_param.py -> /home/ajoymathew07/Catatron/Catatron/install/catatron_description/lib/python3.10/site-packages/catatron_description
[0.780s] copying /home/ajoymathew07/Catatron/Catatron/build/catatron_description/build/lib/catatron_description/joint_angles_check.py -> /home/ajoymathew07/Catatron/Catatron/install/catatron_description/lib/python3.10/site-packages/catatron_description
[0.780s] copying /home/ajoymathew07/Catatron/Catatron/build/catatron_description/build/lib/catatron_description/inv_kin_node.py -> /home/ajoymathew07/Catatron/Catatron/install/catatron_description/lib/python3.10/site-packages/catatron_description
[0.780s] byte-compiling /home/ajoymathew07/Catatron/Catatron/install/catatron_description/lib/python3.10/site-packages/catatron_description/controller.py to controller.cpython-310.pyc
[0.781s] byte-compiling /home/ajoymathew07/Catatron/Catatron/install/catatron_description/lib/python3.10/site-packages/catatron_description/inv_kin_dual.py to inv_kin_dual.cpython-310.pyc
[0.782s] byte-compiling /home/ajoymathew07/Catatron/Catatron/install/catatron_description/lib/python3.10/site-packages/catatron_description/__init__.py to __init__.cpython-310.pyc
[0.782s] byte-compiling /home/ajoymathew07/Catatron/Catatron/install/catatron_description/lib/python3.10/site-packages/catatron_description/joint_angles_param.py to joint_angles_param.cpython-310.pyc
[0.782s] byte-compiling /home/ajoymathew07/Catatron/Catatron/install/catatron_description/lib/python3.10/site-packages/catatron_description/joint_angles_check.py to joint_angles_check.cpython-310.pyc
[0.783s] byte-compiling /home/ajoymathew07/Catatron/Catatron/install/catatron_description/lib/python3.10/site-packages/catatron_description/inv_kin_node.py to inv_kin_node.cpython-310.pyc
[0.784s] running install_data
[0.784s] creating /home/ajoymathew07/Catatron/Catatron/install/catatron_description/share/ament_index
[0.784s] creating /home/ajoymathew07/Catatron/Catatron/install/catatron_description/share/ament_index/resource_index
[0.784s] creating /home/ajoymathew07/Catatron/Catatron/install/catatron_description/share/ament_index/resource_index/packages
[0.784s] copying resource/catatron_description -> /home/ajoymathew07/Catatron/Catatron/install/catatron_description/share/ament_index/resource_index/packages
[0.784s] copying package.xml -> /home/ajoymathew07/Catatron/Catatron/install/catatron_description/share/catatron_description
[0.785s] creating /home/ajoymathew07/Catatron/Catatron/install/catatron_description/share/catatron_description/launch
[0.785s] copying launch/robot.launch.py -> /home/ajoymathew07/Catatron/Catatron/install/catatron_description/share/catatron_description/launch
[0.785s] copying launch/pushup.launch.py -> /home/ajoymathew07/Catatron/Catatron/install/catatron_description/share/catatron_description/launch
[0.785s] creating /home/ajoymathew07/Catatron/Catatron/install/catatron_description/share/catatron_description/urdf
[0.785s] copying urdf/catatron.urdf -> /home/ajoymathew07/Catatron/Catatron/install/catatron_description/share/catatron_description/urdf
[0.785s] creating /home/ajoymathew07/Catatron/Catatron/install/catatron_description/share/catatron_description/mesh_files
[0.785s] creating /home/ajoymathew07/Catatron/Catatron/install/catatron_description/share/catatron_description/mesh_files/dae_files
[0.785s] creating /home/ajoymathew07/Catatron/Catatron/install/catatron_description/share/catatron_description/config
[0.785s] copying config/joint_controller.yaml -> /home/ajoymathew07/Catatron/Catatron/install/catatron_description/share/catatron_description/config
[0.785s] creating /home/ajoymathew07/Catatron/Catatron/install/catatron_description/share/catatron_description/catatron_description
[0.785s] copying catatron_description/controller.py -> /home/ajoymathew07/Catatron/Catatron/install/catatron_description/share/catatron_description/catatron_description
[0.786s] copying catatron_description/inv_kin_dual.py -> /home/ajoymathew07/Catatron/Catatron/install/catatron_description/share/catatron_description/catatron_description
[0.786s] copying catatron_description/__init__.py -> /home/ajoymathew07/Catatron/Catatron/install/catatron_description/share/catatron_description/catatron_description
[0.786s] copying catatron_description/joint_angles_param.py -> /home/ajoymathew07/Catatron/Catatron/install/catatron_description/share/catatron_description/catatron_description
[0.786s] copying catatron_description/joint_angles_check.py -> /home/ajoymathew07/Catatron/Catatron/install/catatron_description/share/catatron_description/catatron_description
[0.786s] copying catatron_description/inv_kin_node.py -> /home/ajoymathew07/Catatron/Catatron/install/catatron_description/share/catatron_description/catatron_description
[0.786s] creating /home/ajoymathew07/Catatron/Catatron/install/catatron_description/share/catatron_description/worlds
[0.786s] copying worlds/empty_world.world -> /home/ajoymathew07/Catatron/Catatron/install/catatron_description/share/catatron_description/worlds
[0.786s] running install_egg_info
[0.787s] Copying ../../build/catatron_description/catatron_description.egg-info to /home/ajoymathew07/Catatron/Catatron/install/catatron_description/lib/python3.10/site-packages/catatron_description-0.1.0-py3.10.egg-info
[0.788s] running install_scripts
[0.803s] Installing controller script to /home/ajoymathew07/Catatron/Catatron/install/catatron_description/lib/catatron_description
[0.803s] Installing inv_kin_node script to /home/ajoymathew07/Catatron/Catatron/install/catatron_description/lib/catatron_description
[0.803s] Installing joint_angles_check script to /home/ajoymathew07/Catatron/Catatron/install/catatron_description/lib/catatron_description
[0.803s] Installing joint_angles_param script to /home/ajoymathew07/Catatron/Catatron/install/catatron_description/lib/catatron_description
[0.803s] Installing robot_launch script to /home/ajoymathew07/Catatron/Catatron/install/catatron_description/lib/catatron_description
[0.804s] writing list of installed files to '/home/ajoymathew07/Catatron/Catatron/build/catatron_description/install.log'
[0.826s] Invoked command in '/home/ajoymathew07/Catatron/Catatron/src/catatron_description' returned '0': PYTHONPATH=/home/ajoymathew07/Catatron/Catatron/build/catatron_description/prefix_override:/usr/lib/python3/dist-packages/colcon_core/task/python/colcon_distutils_commands:/home/ajoymathew07/Catatron/Catatron/install/catatron_description/lib/python3.10/site-packages:${PYTHONPATH} /usr/bin/python3 -W ignore:setup.py install is deprecated -W ignore:easy_install command is deprecated setup.py egg_info --egg-base ../../build/catatron_description build --build-base /home/ajoymathew07/Catatron/Catatron/build/catatron_description/build install --record /home/ajoymathew07/Catatron/Catatron/build/catatron_description/install.log --single-version-externally-managed install_data
