[0.942s] Invoking command in '/home/ajoymathew07/Catatron/Catatron/src/catatron_gait_control': PYTHONPATH=/home/ajoymathew07/Catatron/Catatron/build/catatron_gait_control/prefix_override:/usr/lib/python3/dist-packages/colcon_core/task/python/colcon_distutils_commands:/home/ajoymathew07/Catatron/Catatron/install/catatron_gait_control/lib/python3.10/site-packages:${PYTHONPATH} /usr/bin/python3 -W ignore:setup.py install is deprecated -W ignore:easy_install command is deprecated setup.py egg_info --egg-base ../../build/catatron_gait_control build --build-base /home/ajoymathew07/Catatron/Catatron/build/catatron_gait_control/build install --record /home/ajoymathew07/Catatron/Catatron/build/catatron_gait_control/install.log --single-version-externally-managed install_data
[1.051s] /home/ajoymathew07/.local/lib/python3.10/site-packages/setuptools/_distutils/dist.py:261: UserWarning: Unknown distribution option: 'tests_require'
[1.051s]   warnings.warn(msg)
[1.124s] running egg_info
[1.136s] writing ../../build/catatron_gait_control/catatron_gait_control.egg-info/PKG-INFO
[1.136s] writing dependency_links to ../../build/catatron_gait_control/catatron_gait_control.egg-info/dependency_links.txt
[1.136s] writing entry points to ../../build/catatron_gait_control/catatron_gait_control.egg-info/entry_points.txt
[1.137s] writing requirements to ../../build/catatron_gait_control/catatron_gait_control.egg-info/requires.txt
[1.137s] writing top-level names to ../../build/catatron_gait_control/catatron_gait_control.egg-info/top_level.txt
[1.163s] reading manifest file '../../build/catatron_gait_control/catatron_gait_control.egg-info/SOURCES.txt'
[1.164s] writing manifest file '../../build/catatron_gait_control/catatron_gait_control.egg-info/SOURCES.txt'
[1.165s] running build
[1.165s] running build_py
[1.165s] copying catatron_gait_control/IK.py -> /home/ajoymathew07/Catatron/Catatron/build/catatron_gait_control/build/lib/catatron_gait_control
[1.165s] copying catatron_gait_control/CatatronCrawl.py -> /home/ajoymathew07/Catatron/Catatron/build/catatron_gait_control/build/lib/catatron_gait_control
[1.165s] copying catatron_gait_control/CatatronRest.py -> /home/ajoymathew07/Catatron/Catatron/build/catatron_gait_control/build/lib/catatron_gait_control
[1.166s] copying catatron_gait_control/CatatronStand.py -> /home/ajoymathew07/Catatron/Catatron/build/catatron_gait_control/build/lib/catatron_gait_control
[1.166s] copying catatron_gait_control/__init__.py -> /home/ajoymathew07/Catatron/Catatron/build/catatron_gait_control/build/lib/catatron_gait_control
[1.166s] copying catatron_gait_control/PID.py -> /home/ajoymathew07/Catatron/Catatron/build/catatron_gait_control/build/lib/catatron_gait_control
[1.166s] copying catatron_gait_control/tempCodeRunnerFile.py -> /home/ajoymathew07/Catatron/Catatron/build/catatron_gait_control/build/lib/catatron_gait_control
[1.166s] copying catatron_gait_control/State.py -> /home/ajoymathew07/Catatron/Catatron/build/catatron_gait_control/build/lib/catatron_gait_control
[1.166s] copying catatron_gait_control/Transformations.py -> /home/ajoymathew07/Catatron/Catatron/build/catatron_gait_control/build/lib/catatron_gait_control
[1.167s] copying catatron_gait_control/ArgJoy.py -> /home/ajoymathew07/Catatron/Catatron/build/catatron_gait_control/build/lib/catatron_gait_control
[1.167s] copying catatron_gait_control/GaitProperties.py -> /home/ajoymathew07/Catatron/Catatron/build/catatron_gait_control/build/lib/catatron_gait_control
[1.167s] copying catatron_gait_control/CatatronGaitControl.py -> /home/ajoymathew07/Catatron/Catatron/build/catatron_gait_control/build/lib/catatron_gait_control
[1.167s] copying catatron_gait_control/CatatronTrot.py -> /home/ajoymathew07/Catatron/Catatron/build/catatron_gait_control/build/lib/catatron_gait_control
[1.167s] copying catatron_gait_control/CatatronMainControl.py -> /home/ajoymathew07/Catatron/Catatron/build/catatron_gait_control/build/lib/catatron_gait_control
[1.168s] copying catatron_gait_control/JoystickController.py -> /home/ajoymathew07/Catatron/Catatron/build/catatron_gait_control/build/lib/catatron_gait_control
[1.168s] running install
[1.173s] running install_lib
[1.190s] running install_data
[1.190s] copying resource/catatron_gait_control -> /home/ajoymathew07/Catatron/Catatron/install/catatron_gait_control/share/ament_index/resource_index/packages
[1.190s] copying package.xml -> /home/ajoymathew07/Catatron/Catatron/install/catatron_gait_control/share/catatron_gait_control
[1.190s] copying launch/CatatronGait.launch.py -> /home/ajoymathew07/Catatron/Catatron/install/catatron_gait_control/share/catatron_gait_control/launch
[1.191s] running install_egg_info
[1.203s] removing '/home/ajoymathew07/Catatron/Catatron/install/catatron_gait_control/lib/python3.10/site-packages/catatron_gait_control-0.0.0-py3.10.egg-info' (and everything under it)
[1.204s] Copying ../../build/catatron_gait_control/catatron_gait_control.egg-info to /home/ajoymathew07/Catatron/Catatron/install/catatron_gait_control/lib/python3.10/site-packages/catatron_gait_control-0.0.0-py3.10.egg-info
[1.204s] running install_scripts
[1.306s] Installing joy script to /home/ajoymathew07/Catatron/Catatron/install/catatron_gait_control/lib/catatron_gait_control
[1.306s] Installing joystick_controller script to /home/ajoymathew07/Catatron/Catatron/install/catatron_gait_control/lib/catatron_gait_control
[1.307s] Installing main_control script to /home/ajoymathew07/Catatron/Catatron/install/catatron_gait_control/lib/catatron_gait_control
[1.307s] writing list of installed files to '/home/ajoymathew07/Catatron/Catatron/build/catatron_gait_control/install.log'
[1.342s] Invoked command in '/home/ajoymathew07/Catatron/Catatron/src/catatron_gait_control' returned '0': PYTHONPATH=/home/ajoymathew07/Catatron/Catatron/build/catatron_gait_control/prefix_override:/usr/lib/python3/dist-packages/colcon_core/task/python/colcon_distutils_commands:/home/ajoymathew07/Catatron/Catatron/install/catatron_gait_control/lib/python3.10/site-packages:${PYTHONPATH} /usr/bin/python3 -W ignore:setup.py install is deprecated -W ignore:easy_install command is deprecated setup.py egg_info --egg-base ../../build/catatron_gait_control build --build-base /home/ajoymathew07/Catatron/Catatron/build/catatron_gait_control/build install --record /home/ajoymathew07/Catatron/Catatron/build/catatron_gait_control/install.log --single-version-externally-managed install_data
