[0.801s] Invoking command in '/home/abhinand/Envisage/catatron_ws/src/catatron_description': PYTHONPATH=/home/abhinand/Envisage/catatron_ws/build/catatron_description/prefix_override:/usr/lib/python3/dist-packages/colcon_core/task/python/colcon_distutils_commands:/home/abhinand/Envisage/catatron_ws/install/catatron_description/lib/python3.10/site-packages:${PYTHONPATH} /usr/bin/python3 -W ignore:setup.py install is deprecated setup.py egg_info --egg-base ../../build/catatron_description build --build-base /home/abhinand/Envisage/catatron_ws/build/catatron_description/build install --record /home/abhinand/Envisage/catatron_ws/build/catatron_description/install.log --single-version-externally-managed install_data
[1.057s] running egg_info
[1.058s] writing ../../build/catatron_description/catatron_description.egg-info/PKG-INFO
[1.058s] writing dependency_links to ../../build/catatron_description/catatron_description.egg-info/dependency_links.txt
[1.058s] writing entry points to ../../build/catatron_description/catatron_description.egg-info/entry_points.txt
[1.058s] writing requirements to ../../build/catatron_description/catatron_description.egg-info/requires.txt
[1.059s] writing top-level names to ../../build/catatron_description/catatron_description.egg-info/top_level.txt
[1.060s] reading manifest file '../../build/catatron_description/catatron_description.egg-info/SOURCES.txt'
[1.062s] writing manifest file '../../build/catatron_description/catatron_description.egg-info/SOURCES.txt'
[1.062s] running build
[1.062s] running build_py
[1.062s] copying catatron_description/controller.py -> /home/abhinand/Envisage/catatron_ws/build/catatron_description/build/lib/catatron_description
[1.062s] running install
[1.062s] running install_lib
[1.063s] copying /home/abhinand/Envisage/catatron_ws/build/catatron_description/build/lib/catatron_description/controller.py -> /home/abhinand/Envisage/catatron_ws/install/catatron_description/lib/python3.10/site-packages/catatron_description
[1.064s] byte-compiling /home/abhinand/Envisage/catatron_ws/install/catatron_description/lib/python3.10/site-packages/catatron_description/controller.py to controller.cpython-310.pyc
[1.064s] running install_data
[1.064s] running install_egg_info
[1.066s] removing '/home/abhinand/Envisage/catatron_ws/install/catatron_description/lib/python3.10/site-packages/catatron_description-0.1.0-py3.10.egg-info' (and everything under it)
[1.066s] Copying ../../build/catatron_description/catatron_description.egg-info to /home/abhinand/Envisage/catatron_ws/install/catatron_description/lib/python3.10/site-packages/catatron_description-0.1.0-py3.10.egg-info
[1.067s] running install_scripts
[1.084s] Installing controller script to /home/abhinand/Envisage/catatron_ws/install/catatron_description/lib/catatron_description
[1.084s] Installing robot_launch script to /home/abhinand/Envisage/catatron_ws/install/catatron_description/lib/catatron_description
[1.084s] writing list of installed files to '/home/abhinand/Envisage/catatron_ws/build/catatron_description/install.log'
[1.116s] Invoked command in '/home/abhinand/Envisage/catatron_ws/src/catatron_description' returned '0': PYTHONPATH=/home/abhinand/Envisage/catatron_ws/build/catatron_description/prefix_override:/usr/lib/python3/dist-packages/colcon_core/task/python/colcon_distutils_commands:/home/abhinand/Envisage/catatron_ws/install/catatron_description/lib/python3.10/site-packages:${PYTHONPATH} /usr/bin/python3 -W ignore:setup.py install is deprecated setup.py egg_info --egg-base ../../build/catatron_description build --build-base /home/abhinand/Envisage/catatron_ws/build/catatron_description/build install --record /home/abhinand/Envisage/catatron_ws/build/catatron_description/install.log --single-version-externally-managed install_data
