[0.660s] Invoking command in '/home/abhinand/Envisage/catatron_ws/src/catatron_description': PYTHONPATH=/home/abhinand/Envisage/catatron_ws/build/catatron_description/prefix_override:/usr/lib/python3/dist-packages/colcon_core/task/python/colcon_distutils_commands:/home/abhinand/Envisage/catatron_ws/install/catatron_description/lib/python3.10/site-packages:${PYTHONPATH} /usr/bin/python3 -W ignore:setup.py install is deprecated setup.py egg_info --egg-base ../../build/catatron_description build --build-base /home/abhinand/Envisage/catatron_ws/build/catatron_description/build install --record /home/abhinand/Envisage/catatron_ws/build/catatron_description/install.log --single-version-externally-managed install_data
[0.903s] running egg_info
[0.903s] creating ../../build/catatron_description/catatron_description.egg-info
[0.903s] writing ../../build/catatron_description/catatron_description.egg-info/PKG-INFO
[0.904s] writing dependency_links to ../../build/catatron_description/catatron_description.egg-info/dependency_links.txt
[0.904s] writing entry points to ../../build/catatron_description/catatron_description.egg-info/entry_points.txt
[0.904s] writing requirements to ../../build/catatron_description/catatron_description.egg-info/requires.txt
[0.904s] writing top-level names to ../../build/catatron_description/catatron_description.egg-info/top_level.txt
[0.904s] writing manifest file '../../build/catatron_description/catatron_description.egg-info/SOURCES.txt'
[0.905s] reading manifest file '../../build/catatron_description/catatron_description.egg-info/SOURCES.txt'
[0.906s] writing manifest file '../../build/catatron_description/catatron_description.egg-info/SOURCES.txt'
[0.906s] running build
[0.906s] running build_py
[0.907s] creating /home/abhinand/Envisage/catatron_ws/build/catatron_description/build
[0.907s] creating /home/abhinand/Envisage/catatron_ws/build/catatron_description/build/lib
[0.907s] creating /home/abhinand/Envisage/catatron_ws/build/catatron_description/build/lib/catatron_description
[0.907s] copying catatron_description/joint_angles_check.py -> /home/abhinand/Envisage/catatron_ws/build/catatron_description/build/lib/catatron_description
[0.907s] copying catatron_description/controller.py -> /home/abhinand/Envisage/catatron_ws/build/catatron_description/build/lib/catatron_description
[0.907s] copying catatron_description/inv_kin_node.py -> /home/abhinand/Envisage/catatron_ws/build/catatron_description/build/lib/catatron_description
[0.907s] copying catatron_description/inv_kin_dual.py -> /home/abhinand/Envisage/catatron_ws/build/catatron_description/build/lib/catatron_description
[0.908s] copying catatron_description/__init__.py -> /home/abhinand/Envisage/catatron_ws/build/catatron_description/build/lib/catatron_description
[0.908s] copying catatron_description/joint_angles_param.py -> /home/abhinand/Envisage/catatron_ws/build/catatron_description/build/lib/catatron_description
[0.908s] running install
[0.908s] running install_lib
[0.908s] creating /home/abhinand/Envisage/catatron_ws/install/catatron_description/lib/python3.10/site-packages/catatron_description
[0.908s] copying /home/abhinand/Envisage/catatron_ws/build/catatron_description/build/lib/catatron_description/joint_angles_check.py -> /home/abhinand/Envisage/catatron_ws/install/catatron_description/lib/python3.10/site-packages/catatron_description
[0.908s] copying /home/abhinand/Envisage/catatron_ws/build/catatron_description/build/lib/catatron_description/controller.py -> /home/abhinand/Envisage/catatron_ws/install/catatron_description/lib/python3.10/site-packages/catatron_description
[0.909s] copying /home/abhinand/Envisage/catatron_ws/build/catatron_description/build/lib/catatron_description/inv_kin_node.py -> /home/abhinand/Envisage/catatron_ws/install/catatron_description/lib/python3.10/site-packages/catatron_description
[0.909s] copying /home/abhinand/Envisage/catatron_ws/build/catatron_description/build/lib/catatron_description/inv_kin_dual.py -> /home/abhinand/Envisage/catatron_ws/install/catatron_description/lib/python3.10/site-packages/catatron_description
[0.909s] copying /home/abhinand/Envisage/catatron_ws/build/catatron_description/build/lib/catatron_description/__init__.py -> /home/abhinand/Envisage/catatron_ws/install/catatron_description/lib/python3.10/site-packages/catatron_description
[0.909s] copying /home/abhinand/Envisage/catatron_ws/build/catatron_description/build/lib/catatron_description/joint_angles_param.py -> /home/abhinand/Envisage/catatron_ws/install/catatron_description/lib/python3.10/site-packages/catatron_description
[0.909s] byte-compiling /home/abhinand/Envisage/catatron_ws/install/catatron_description/lib/python3.10/site-packages/catatron_description/joint_angles_check.py to joint_angles_check.cpython-310.pyc
[0.909s] byte-compiling /home/abhinand/Envisage/catatron_ws/install/catatron_description/lib/python3.10/site-packages/catatron_description/controller.py to controller.cpython-310.pyc
[0.910s] byte-compiling /home/abhinand/Envisage/catatron_ws/install/catatron_description/lib/python3.10/site-packages/catatron_description/inv_kin_node.py to inv_kin_node.cpython-310.pyc
[0.911s] byte-compiling /home/abhinand/Envisage/catatron_ws/install/catatron_description/lib/python3.10/site-packages/catatron_description/inv_kin_dual.py to inv_kin_dual.cpython-310.pyc
[0.912s] byte-compiling /home/abhinand/Envisage/catatron_ws/install/catatron_description/lib/python3.10/site-packages/catatron_description/__init__.py to __init__.cpython-310.pyc
[0.913s] byte-compiling /home/abhinand/Envisage/catatron_ws/install/catatron_description/lib/python3.10/site-packages/catatron_description/joint_angles_param.py to joint_angles_param.cpython-310.pyc
[0.913s] running install_data
[0.913s] creating /home/abhinand/Envisage/catatron_ws/install/catatron_description/share/ament_index
[0.913s] creating /home/abhinand/Envisage/catatron_ws/install/catatron_description/share/ament_index/resource_index
[0.913s] creating /home/abhinand/Envisage/catatron_ws/install/catatron_description/share/ament_index/resource_index/packages
[0.914s] copying resource/catatron_description -> /home/abhinand/Envisage/catatron_ws/install/catatron_description/share/ament_index/resource_index/packages
[0.914s] copying package.xml -> /home/abhinand/Envisage/catatron_ws/install/catatron_description/share/catatron_description
[0.914s] creating /home/abhinand/Envisage/catatron_ws/install/catatron_description/share/catatron_description/launch
[0.914s] copying launch/robot.launch.py -> /home/abhinand/Envisage/catatron_ws/install/catatron_description/share/catatron_description/launch
[0.914s] creating /home/abhinand/Envisage/catatron_ws/install/catatron_description/share/catatron_description/urdf
[0.915s] copying urdf/catatron.urdf -> /home/abhinand/Envisage/catatron_ws/install/catatron_description/share/catatron_description/urdf
[0.915s] creating /home/abhinand/Envisage/catatron_ws/install/catatron_description/share/catatron_description/mesh_files
[0.915s] creating /home/abhinand/Envisage/catatron_ws/install/catatron_description/share/catatron_description/mesh_files/dae_files
[0.915s] creating /home/abhinand/Envisage/catatron_ws/install/catatron_description/share/catatron_description/config
[0.915s] copying config/joint_controller.yaml -> /home/abhinand/Envisage/catatron_ws/install/catatron_description/share/catatron_description/config
[0.915s] creating /home/abhinand/Envisage/catatron_ws/install/catatron_description/share/catatron_description/catatron_description
[0.915s] copying catatron_description/joint_angles_check.py -> /home/abhinand/Envisage/catatron_ws/install/catatron_description/share/catatron_description/catatron_description
[0.915s] copying catatron_description/controller.py -> /home/abhinand/Envisage/catatron_ws/install/catatron_description/share/catatron_description/catatron_description
[0.915s] copying catatron_description/inv_kin_node.py -> /home/abhinand/Envisage/catatron_ws/install/catatron_description/share/catatron_description/catatron_description
[0.915s] copying catatron_description/inv_kin_dual.py -> /home/abhinand/Envisage/catatron_ws/install/catatron_description/share/catatron_description/catatron_description
[0.916s] copying catatron_description/__init__.py -> /home/abhinand/Envisage/catatron_ws/install/catatron_description/share/catatron_description/catatron_description
[0.916s] copying catatron_description/joint_angles_param.py -> /home/abhinand/Envisage/catatron_ws/install/catatron_description/share/catatron_description/catatron_description
[0.916s] creating /home/abhinand/Envisage/catatron_ws/install/catatron_description/share/catatron_description/worlds
[0.916s] copying worlds/empty_world.world -> /home/abhinand/Envisage/catatron_ws/install/catatron_description/share/catatron_description/worlds
[0.916s] running install_egg_info
[0.916s] Copying ../../build/catatron_description/catatron_description.egg-info to /home/abhinand/Envisage/catatron_ws/install/catatron_description/lib/python3.10/site-packages/catatron_description-0.1.0-py3.10.egg-info
[0.917s] running install_scripts
[0.933s] Installing controller script to /home/abhinand/Envisage/catatron_ws/install/catatron_description/lib/catatron_description
[0.934s] Installing inv_kin_node script to /home/abhinand/Envisage/catatron_ws/install/catatron_description/lib/catatron_description
[0.934s] Installing joint_angles_check script to /home/abhinand/Envisage/catatron_ws/install/catatron_description/lib/catatron_description
[0.934s] Installing joint_angles_param script to /home/abhinand/Envisage/catatron_ws/install/catatron_description/lib/catatron_description
[0.934s] Installing robot_launch script to /home/abhinand/Envisage/catatron_ws/install/catatron_description/lib/catatron_description
[0.934s] writing list of installed files to '/home/abhinand/Envisage/catatron_ws/build/catatron_description/install.log'
[0.964s] Invoked command in '/home/abhinand/Envisage/catatron_ws/src/catatron_description' returned '0': PYTHONPATH=/home/abhinand/Envisage/catatron_ws/build/catatron_description/prefix_override:/usr/lib/python3/dist-packages/colcon_core/task/python/colcon_distutils_commands:/home/abhinand/Envisage/catatron_ws/install/catatron_description/lib/python3.10/site-packages:${PYTHONPATH} /usr/bin/python3 -W ignore:setup.py install is deprecated setup.py egg_info --egg-base ../../build/catatron_description build --build-base /home/abhinand/Envisage/catatron_ws/build/catatron_description/build install --record /home/abhinand/Envisage/catatron_ws/build/catatron_description/install.log --single-version-externally-managed install_data
