[0.997s] Invoking command in '/home/ajoymathew07/Catatron/Catatron/src/catatron_description': PYTHONPATH=/home/ajoymathew07/Catatron/Catatron/build/catatron_description/prefix_override:/usr/lib/python3/dist-packages/colcon_core/task/python/colcon_distutils_commands:/home/ajoymathew07/Catatron/Catatron/install/catatron_description/lib/python3.10/site-packages:${PYTHONPATH} /usr/bin/python3 -W ignore:setup.py install is deprecated -W ignore:easy_install command is deprecated setup.py egg_info --egg-base ../../build/catatron_description build --build-base /home/ajoymathew07/Catatron/Catatron/build/catatron_description/build install --record /home/ajoymathew07/Catatron/Catatron/build/catatron_description/install.log --single-version-externally-managed install_data
[1.186s] running egg_info
[1.199s] writing ../../build/catatron_description/catatron_description.egg-info/PKG-INFO
[1.199s] writing dependency_links to ../../build/catatron_description/catatron_description.egg-info/dependency_links.txt
[1.199s] writing entry points to ../../build/catatron_description/catatron_description.egg-info/entry_points.txt
[1.199s] writing requirements to ../../build/catatron_description/catatron_description.egg-info/requires.txt
[1.199s] writing top-level names to ../../build/catatron_description/catatron_description.egg-info/top_level.txt
[1.226s] reading manifest file '../../build/catatron_description/catatron_description.egg-info/SOURCES.txt'
[1.227s] writing manifest file '../../build/catatron_description/catatron_description.egg-info/SOURCES.txt'
[1.228s] running build
[1.228s] running build_py
[1.228s] copying catatron_description/controller.py -> /home/ajoymathew07/Catatron/Catatron/build/catatron_description/build/lib/catatron_description
[1.228s] copying catatron_description/inv_kin_dual.py -> /home/ajoymathew07/Catatron/Catatron/build/catatron_description/build/lib/catatron_description
[1.228s] copying catatron_description/__init__.py -> /home/ajoymathew07/Catatron/Catatron/build/catatron_description/build/lib/catatron_description
[1.228s] copying catatron_description/joint_angles_param.py -> /home/ajoymathew07/Catatron/Catatron/build/catatron_description/build/lib/catatron_description
[1.229s] copying catatron_description/joint_angles_check.py -> /home/ajoymathew07/Catatron/Catatron/build/catatron_description/build/lib/catatron_description
[1.229s] copying catatron_description/inv_kin_node.py -> /home/ajoymathew07/Catatron/Catatron/build/catatron_description/build/lib/catatron_description
[1.229s] running install
[1.233s] running install_lib
[1.248s] running install_data
[1.248s] copying resource/catatron_description -> /home/ajoymathew07/Catatron/Catatron/install/catatron_description/share/ament_index/resource_index/packages
[1.248s] copying package.xml -> /home/ajoymathew07/Catatron/Catatron/install/catatron_description/share/catatron_description
[1.248s] copying launch/robot.launch.py -> /home/ajoymathew07/Catatron/Catatron/install/catatron_description/share/catatron_description/launch
[1.249s] copying launch/pushup.launch.py -> /home/ajoymathew07/Catatron/Catatron/install/catatron_description/share/catatron_description/launch
[1.249s] copying urdf/catatron.urdf -> /home/ajoymathew07/Catatron/Catatron/install/catatron_description/share/catatron_description/urdf
[1.249s] copying mesh_files/FR1_obj.obj -> /home/ajoymathew07/Catatron/Catatron/install/catatron_description/share/catatron_description/mesh_files
[1.254s] copying mesh_files/FL1_obj.mtl -> /home/ajoymathew07/Catatron/Catatron/install/catatron_description/share/catatron_description/mesh_files
[1.255s] copying mesh_files/thread.jpg -> /home/ajoymathew07/Catatron/Catatron/install/catatron_description/share/catatron_description/mesh_files
[1.255s] copying mesh_files/L2_obj.mtl -> /home/ajoymathew07/Catatron/Catatron/install/catatron_description/share/catatron_description/mesh_files
[1.255s] copying mesh_files/L3_obj.obj -> /home/ajoymathew07/Catatron/Catatron/install/catatron_description/share/catatron_description/mesh_files
[1.259s] copying mesh_files/R3_obj.mtl -> /home/ajoymathew07/Catatron/Catatron/install/catatron_description/share/catatron_description/mesh_files
[1.259s] copying mesh_files/body_obj.obj -> /home/ajoymathew07/Catatron/Catatron/install/catatron_description/share/catatron_description/mesh_files
[1.333s] copying mesh_files/FR1_obj.mtl -> /home/ajoymathew07/Catatron/Catatron/install/catatron_description/share/catatron_description/mesh_files
[1.333s] copying mesh_files/FL1_obj.obj -> /home/ajoymathew07/Catatron/Catatron/install/catatron_description/share/catatron_description/mesh_files
[1.339s] copying mesh_files/RR1_obj.obj -> /home/ajoymathew07/Catatron/Catatron/install/catatron_description/share/catatron_description/mesh_files
[1.345s] copying mesh_files/RL1_obj.mtl -> /home/ajoymathew07/Catatron/Catatron/install/catatron_description/share/catatron_description/mesh_files
[1.346s] copying mesh_files/RL1_obj.obj -> /home/ajoymathew07/Catatron/Catatron/install/catatron_description/share/catatron_description/mesh_files
[1.351s] copying mesh_files/RR1_obj.mtl -> /home/ajoymathew07/Catatron/Catatron/install/catatron_description/share/catatron_description/mesh_files
[1.351s] copying mesh_files/L2_obj.obj -> /home/ajoymathew07/Catatron/Catatron/install/catatron_description/share/catatron_description/mesh_files
[1.355s] copying mesh_files/R2_obj.mtl -> /home/ajoymathew07/Catatron/Catatron/install/catatron_description/share/catatron_description/mesh_files
[1.355s] copying mesh_files/R2_obj.obj -> /home/ajoymathew07/Catatron/Catatron/install/catatron_description/share/catatron_description/mesh_files
[1.359s] copying mesh_files/L3_obj.mtl -> /home/ajoymathew07/Catatron/Catatron/install/catatron_description/share/catatron_description/mesh_files
[1.360s] copying mesh_files/R3_obj.obj -> /home/ajoymathew07/Catatron/Catatron/install/catatron_description/share/catatron_description/mesh_files
[1.363s] copying mesh_files/body_obj.mtl -> /home/ajoymathew07/Catatron/Catatron/install/catatron_description/share/catatron_description/mesh_files
[1.364s] copying config/joint_controller.yaml -> /home/ajoymathew07/Catatron/Catatron/install/catatron_description/share/catatron_description/config
[1.364s] copying catatron_description/controller.py -> /home/ajoymathew07/Catatron/Catatron/install/catatron_description/share/catatron_description/catatron_description
[1.364s] copying catatron_description/inv_kin_dual.py -> /home/ajoymathew07/Catatron/Catatron/install/catatron_description/share/catatron_description/catatron_description
[1.364s] copying catatron_description/__init__.py -> /home/ajoymathew07/Catatron/Catatron/install/catatron_description/share/catatron_description/catatron_description
[1.364s] copying catatron_description/joint_angles_param.py -> /home/ajoymathew07/Catatron/Catatron/install/catatron_description/share/catatron_description/catatron_description
[1.365s] copying catatron_description/joint_angles_check.py -> /home/ajoymathew07/Catatron/Catatron/install/catatron_description/share/catatron_description/catatron_description
[1.365s] copying catatron_description/inv_kin_node.py -> /home/ajoymathew07/Catatron/Catatron/install/catatron_description/share/catatron_description/catatron_description
[1.365s] copying worlds/empty_world.world -> /home/ajoymathew07/Catatron/Catatron/install/catatron_description/share/catatron_description/worlds
[1.365s] running install_egg_info
[1.381s] removing '/home/ajoymathew07/Catatron/Catatron/install/catatron_description/lib/python3.10/site-packages/catatron_description-0.1.0-py3.10.egg-info' (and everything under it)
[1.381s] Copying ../../build/catatron_description/catatron_description.egg-info to /home/ajoymathew07/Catatron/Catatron/install/catatron_description/lib/python3.10/site-packages/catatron_description-0.1.0-py3.10.egg-info
[1.382s] running install_scripts
[1.494s] Installing controller script to /home/ajoymathew07/Catatron/Catatron/install/catatron_description/lib/catatron_description
[1.494s] Installing inv_kin_node script to /home/ajoymathew07/Catatron/Catatron/install/catatron_description/lib/catatron_description
[1.494s] Installing joint_angles_check script to /home/ajoymathew07/Catatron/Catatron/install/catatron_description/lib/catatron_description
[1.495s] Installing joint_angles_param script to /home/ajoymathew07/Catatron/Catatron/install/catatron_description/lib/catatron_description
[1.495s] Installing robot_launch script to /home/ajoymathew07/Catatron/Catatron/install/catatron_description/lib/catatron_description
[1.495s] writing list of installed files to '/home/ajoymathew07/Catatron/Catatron/build/catatron_description/install.log'
[1.516s] Invoked command in '/home/ajoymathew07/Catatron/Catatron/src/catatron_description' returned '0': PYTHONPATH=/home/ajoymathew07/Catatron/Catatron/build/catatron_description/prefix_override:/usr/lib/python3/dist-packages/colcon_core/task/python/colcon_distutils_commands:/home/ajoymathew07/Catatron/Catatron/install/catatron_description/lib/python3.10/site-packages:${PYTHONPATH} /usr/bin/python3 -W ignore:setup.py install is deprecated -W ignore:easy_install command is deprecated setup.py egg_info --egg-base ../../build/catatron_description build --build-base /home/ajoymathew07/Catatron/Catatron/build/catatron_description/build install --record /home/ajoymathew07/Catatron/Catatron/build/catatron_description/install.log --single-version-externally-managed install_data
