[0.752s] Invoking command in '/home/ajoymathew07/Catatron/Catatron/src/catatron_description': PS1=\[\e]0;\u@\h: \w\a\]${debian_chroot:+($debian_chroot)}\[\033[01;32m\]\u@\h\[\033[00m\]:\[\033[01;34m\]\w\[\033[00m\]\$ PYTHONPATH=/home/ajoymathew07/Catatron/Catatron/build/catatron_description/prefix_override:/usr/lib/python3/dist-packages/colcon_core/task/python/colcon_distutils_commands:/home/ajoymathew07/Catatron/Catatron/install/catatron_description/lib/python3.10/site-packages:${PYTHONPATH} VIRTUAL_ENV_PROMPT=(myenv) /usr/bin/python3 -W ignore:setup.py install is deprecated -W ignore:easy_install command is deprecated setup.py egg_info --egg-base ../../build/catatron_description build --build-base /home/ajoymathew07/Catatron/Catatron/build/catatron_description/build install --record /home/ajoymathew07/Catatron/Catatron/build/catatron_description/install.log --single-version-externally-managed install_data
[0.935s] running egg_info
[0.947s] writing ../../build/catatron_description/catatron_description.egg-info/PKG-INFO
[0.948s] writing dependency_links to ../../build/catatron_description/catatron_description.egg-info/dependency_links.txt
[0.948s] writing entry points to ../../build/catatron_description/catatron_description.egg-info/entry_points.txt
[0.948s] writing requirements to ../../build/catatron_description/catatron_description.egg-info/requires.txt
[0.948s] writing top-level names to ../../build/catatron_description/catatron_description.egg-info/top_level.txt
[0.973s] reading manifest file '../../build/catatron_description/catatron_description.egg-info/SOURCES.txt'
[0.974s] writing manifest file '../../build/catatron_description/catatron_description.egg-info/SOURCES.txt'
[0.974s] running build
[0.974s] running build_py
[0.974s] copying catatron_description/controller.py -> /home/ajoymathew07/Catatron/Catatron/build/catatron_description/build/lib/catatron_description
[0.975s] copying catatron_description/inv_kin_dual.py -> /home/ajoymathew07/Catatron/Catatron/build/catatron_description/build/lib/catatron_description
[0.975s] copying catatron_description/__init__.py -> /home/ajoymathew07/Catatron/Catatron/build/catatron_description/build/lib/catatron_description
[0.975s] copying catatron_description/joint_angles_param.py -> /home/ajoymathew07/Catatron/Catatron/build/catatron_description/build/lib/catatron_description
[0.975s] copying catatron_description/joint_angles_check.py -> /home/ajoymathew07/Catatron/Catatron/build/catatron_description/build/lib/catatron_description
[0.975s] copying catatron_description/inv_kin_node.py -> /home/ajoymathew07/Catatron/Catatron/build/catatron_description/build/lib/catatron_description
[0.976s] running install
[0.979s] running install_lib
[0.994s] copying /home/ajoymathew07/Catatron/Catatron/build/catatron_description/build/lib/catatron_description/joint_angles_param.py -> /home/ajoymathew07/Catatron/Catatron/install/catatron_description/lib/python3.10/site-packages/catatron_description
[0.994s] byte-compiling /home/ajoymathew07/Catatron/Catatron/install/catatron_description/lib/python3.10/site-packages/catatron_description/joint_angles_param.py to joint_angles_param.cpython-310.pyc
[0.995s] running install_data
[0.995s] copying resource/catatron_description -> /home/ajoymathew07/Catatron/Catatron/install/catatron_description/share/ament_index/resource_index/packages
[0.995s] copying package.xml -> /home/ajoymathew07/Catatron/Catatron/install/catatron_description/share/catatron_description
[0.995s] copying launch/robot.launch.py -> /home/ajoymathew07/Catatron/Catatron/install/catatron_description/share/catatron_description/launch
[0.995s] copying launch/pushup.launch.py -> /home/ajoymathew07/Catatron/Catatron/install/catatron_description/share/catatron_description/launch
[0.996s] copying urdf/catatron.urdf -> /home/ajoymathew07/Catatron/Catatron/install/catatron_description/share/catatron_description/urdf
[0.996s] copying config/joint_controller.yaml -> /home/ajoymathew07/Catatron/Catatron/install/catatron_description/share/catatron_description/config
[0.996s] copying catatron_description/controller.py -> /home/ajoymathew07/Catatron/Catatron/install/catatron_description/share/catatron_description/catatron_description
[0.996s] copying catatron_description/inv_kin_dual.py -> /home/ajoymathew07/Catatron/Catatron/install/catatron_description/share/catatron_description/catatron_description
[0.996s] copying catatron_description/__init__.py -> /home/ajoymathew07/Catatron/Catatron/install/catatron_description/share/catatron_description/catatron_description
[0.997s] copying catatron_description/joint_angles_param.py -> /home/ajoymathew07/Catatron/Catatron/install/catatron_description/share/catatron_description/catatron_description
[0.997s] copying catatron_description/joint_angles_check.py -> /home/ajoymathew07/Catatron/Catatron/install/catatron_description/share/catatron_description/catatron_description
[0.997s] copying catatron_description/inv_kin_node.py -> /home/ajoymathew07/Catatron/Catatron/install/catatron_description/share/catatron_description/catatron_description
[0.997s] copying worlds/empty_world.world -> /home/ajoymathew07/Catatron/Catatron/install/catatron_description/share/catatron_description/worlds
[0.997s] running install_egg_info
[1.012s] removing '/home/ajoymathew07/Catatron/Catatron/install/catatron_description/lib/python3.10/site-packages/catatron_description-0.1.0-py3.10.egg-info' (and everything under it)
[1.012s] Copying ../../build/catatron_description/catatron_description.egg-info to /home/ajoymathew07/Catatron/Catatron/install/catatron_description/lib/python3.10/site-packages/catatron_description-0.1.0-py3.10.egg-info
[1.013s] running install_scripts
[1.116s] Installing controller script to /home/ajoymathew07/Catatron/Catatron/install/catatron_description/lib/catatron_description
[1.117s] Installing inv_kin_node script to /home/ajoymathew07/Catatron/Catatron/install/catatron_description/lib/catatron_description
[1.117s] Installing joint_angles_check script to /home/ajoymathew07/Catatron/Catatron/install/catatron_description/lib/catatron_description
[1.117s] Installing joint_angles_param script to /home/ajoymathew07/Catatron/Catatron/install/catatron_description/lib/catatron_description
[1.117s] Installing robot_launch script to /home/ajoymathew07/Catatron/Catatron/install/catatron_description/lib/catatron_description
[1.117s] writing list of installed files to '/home/ajoymathew07/Catatron/Catatron/build/catatron_description/install.log'
[1.137s] Invoked command in '/home/ajoymathew07/Catatron/Catatron/src/catatron_description' returned '0': PS1=\[\e]0;\u@\h: \w\a\]${debian_chroot:+($debian_chroot)}\[\033[01;32m\]\u@\h\[\033[00m\]:\[\033[01;34m\]\w\[\033[00m\]\$ PYTHONPATH=/home/ajoymathew07/Catatron/Catatron/build/catatron_description/prefix_override:/usr/lib/python3/dist-packages/colcon_core/task/python/colcon_distutils_commands:/home/ajoymathew07/Catatron/Catatron/install/catatron_description/lib/python3.10/site-packages:${PYTHONPATH} VIRTUAL_ENV_PROMPT=(myenv) /usr/bin/python3 -W ignore:setup.py install is deprecated -W ignore:easy_install command is deprecated setup.py egg_info --egg-base ../../build/catatron_description build --build-base /home/ajoymathew07/Catatron/Catatron/build/catatron_description/build install --record /home/ajoymathew07/Catatron/Catatron/build/catatron_description/install.log --single-version-externally-managed install_data
