running egg_info
creating ../../build/catatron_description/catatron_description.egg-info
writing ../../build/catatron_description/catatron_description.egg-info/PKG-INFO
writing dependency_links to ../../build/catatron_description/catatron_description.egg-info/dependency_links.txt
writing entry points to ../../build/catatron_description/catatron_description.egg-info/entry_points.txt
writing requirements to ../../build/catatron_description/catatron_description.egg-info/requires.txt
writing top-level names to ../../build/catatron_description/catatron_description.egg-info/top_level.txt
writing manifest file '../../build/catatron_description/catatron_description.egg-info/SOURCES.txt'
reading manifest file '../../build/catatron_description/catatron_description.egg-info/SOURCES.txt'
writing manifest file '../../build/catatron_description/catatron_description.egg-info/SOURCES.txt'
running build
running build_py
creating /home/abhinand/Envisage/catatron_ws/build/catatron_description/build
creating /home/abhinand/Envisage/catatron_ws/build/catatron_description/build/lib
creating /home/abhinand/Envisage/catatron_ws/build/catatron_description/build/lib/catatron_description
copying catatron_description/__init__.py -> /home/abhinand/Envisage/catatron_ws/build/catatron_description/build/lib/catatron_description
running install
running install_lib
creating /home/abhinand/Envisage/catatron_ws/install/catatron_description/lib/python3.10/site-packages/catatron_description
copying /home/abhinand/Envisage/catatron_ws/build/catatron_description/build/lib/catatron_description/__init__.py -> /home/abhinand/Envisage/catatron_ws/install/catatron_description/lib/python3.10/site-packages/catatron_description
byte-compiling /home/abhinand/Envisage/catatron_ws/install/catatron_description/lib/python3.10/site-packages/catatron_description/__init__.py to __init__.cpython-310.pyc
running install_data
creating /home/abhinand/Envisage/catatron_ws/install/catatron_description/share/ament_index
creating /home/abhinand/Envisage/catatron_ws/install/catatron_description/share/ament_index/resource_index
creating /home/abhinand/Envisage/catatron_ws/install/catatron_description/share/ament_index/resource_index/packages
copying resource/catatron_description -> /home/abhinand/Envisage/catatron_ws/install/catatron_description/share/ament_index/resource_index/packages
copying package.xml -> /home/abhinand/Envisage/catatron_ws/install/catatron_description/share/catatron_description
creating /home/abhinand/Envisage/catatron_ws/install/catatron_description/share/catatron_description/launch
copying launch/robot.launch.py -> /home/abhinand/Envisage/catatron_ws/install/catatron_description/share/catatron_description/launch
creating /home/abhinand/Envisage/catatron_ws/install/catatron_description/share/catatron_description/urdf
copying urdf/catatron.urdf -> /home/abhinand/Envisage/catatron_ws/install/catatron_description/share/catatron_description/urdf
creating /home/abhinand/Envisage/catatron_ws/install/catatron_description/share/catatron_description/worlds
copying worlds/empty_world.world -> /home/abhinand/Envisage/catatron_ws/install/catatron_description/share/catatron_description/worlds
creating /home/abhinand/Envisage/catatron_ws/install/catatron_description/share/catatron_description/config
copying config/joint_controller.yaml -> /home/abhinand/Envisage/catatron_ws/install/catatron_description/share/catatron_description/config
running install_egg_info
Copying ../../build/catatron_description/catatron_description.egg-info to /home/abhinand/Envisage/catatron_ws/install/catatron_description/lib/python3.10/site-packages/catatron_description-0.1.0-py3.10.egg-info
running install_scripts
Installing robot.launch script to /home/abhinand/Envisage/catatron_ws/install/catatron_description/lib/catatron_description
writing list of installed files to '/home/abhinand/Envisage/catatron_ws/build/catatron_description/install.log'
