[0.933s] Invoking command in '/home/ajoymathew07/Catatron/Catatron/src/catatron_description': PYTHONPATH=/home/ajoymathew07/Catatron/Catatron/build/catatron_description/prefix_override:/usr/lib/python3/dist-packages/colcon_core/task/python/colcon_distutils_commands:/home/ajoymathew07/Catatron/Catatron/install/catatron_description/lib/python3.10/site-packages:${PYTHONPATH} /usr/bin/python3 -W ignore:setup.py install is deprecated -W ignore:easy_install command is deprecated setup.py egg_info --egg-base ../../build/catatron_description build --build-base /home/ajoymathew07/Catatron/Catatron/build/catatron_description/build install --record /home/ajoymathew07/Catatron/Catatron/build/catatron_description/install.log --single-version-externally-managed install_data
[1.111s] running egg_info
[1.112s] writing ../../build/catatron_description/catatron_description.egg-info/PKG-INFO
[1.112s] writing dependency_links to ../../build/catatron_description/catatron_description.egg-info/dependency_links.txt
[1.112s] writing entry points to ../../build/catatron_description/catatron_description.egg-info/entry_points.txt
[1.112s] writing requirements to ../../build/catatron_description/catatron_description.egg-info/requires.txt
[1.112s] writing top-level names to ../../build/catatron_description/catatron_description.egg-info/top_level.txt
[1.115s] reading manifest file '../../build/catatron_description/catatron_description.egg-info/SOURCES.txt'
[1.116s] writing manifest file '../../build/catatron_description/catatron_description.egg-info/SOURCES.txt'
[1.116s] running build
[1.116s] running build_py
[1.116s] running install
[1.116s] running install_lib
[1.118s] running install_data
[1.118s] running install_egg_info
[1.119s] removing '/home/ajoymathew07/Catatron/Catatron/install/catatron_description/lib/python3.10/site-packages/catatron_description-0.1.0-py3.10.egg-info' (and everything under it)
[1.120s] Copying ../../build/catatron_description/catatron_description.egg-info to /home/ajoymathew07/Catatron/Catatron/install/catatron_description/lib/python3.10/site-packages/catatron_description-0.1.0-py3.10.egg-info
[1.121s] running install_scripts
[1.138s] Installing controller script to /home/ajoymathew07/Catatron/Catatron/install/catatron_description/lib/catatron_description
[1.138s] Installing inv_kin_node script to /home/ajoymathew07/Catatron/Catatron/install/catatron_description/lib/catatron_description
[1.138s] Installing joint_angles_check script to /home/ajoymathew07/Catatron/Catatron/install/catatron_description/lib/catatron_description
[1.138s] Installing joint_angles_param script to /home/ajoymathew07/Catatron/Catatron/install/catatron_description/lib/catatron_description
[1.138s] Installing robot_launch script to /home/ajoymathew07/Catatron/Catatron/install/catatron_description/lib/catatron_description
[1.139s] writing list of installed files to '/home/ajoymathew07/Catatron/Catatron/build/catatron_description/install.log'
[1.176s] Invoked command in '/home/ajoymathew07/Catatron/Catatron/src/catatron_description' returned '0': PYTHONPATH=/home/ajoymathew07/Catatron/Catatron/build/catatron_description/prefix_override:/usr/lib/python3/dist-packages/colcon_core/task/python/colcon_distutils_commands:/home/ajoymathew07/Catatron/Catatron/install/catatron_description/lib/python3.10/site-packages:${PYTHONPATH} /usr/bin/python3 -W ignore:setup.py install is deprecated -W ignore:easy_install command is deprecated setup.py egg_info --egg-base ../../build/catatron_description build --build-base /home/ajoymathew07/Catatron/Catatron/build/catatron_description/build install --record /home/ajoymathew07/Catatron/Catatron/build/catatron_description/install.log --single-version-externally-managed install_data
