[0.365s] Invoking command in '/home/sudharsan/catatron_ws/src/catatron_description': PYTHONPATH=/home/sudharsan/catatron_ws/build/catatron_description/prefix_override:/usr/lib/python3/dist-packages/colcon_core/task/python/colcon_distutils_commands:/home/sudharsan/catatron_ws/install/catatron_description/lib/python3.10/site-packages:${PYTHONPATH} /usr/bin/python3 -W ignore:setup.py install is deprecated setup.py egg_info --egg-base ../../build/catatron_description build --build-base /home/sudharsan/catatron_ws/build/catatron_description/build install --record /home/sudharsan/catatron_ws/build/catatron_description/install.log --single-version-externally-managed install_data
[0.516s] running egg_info
[0.516s] creating ../../build/catatron_description/catatron_description.egg-info
[0.517s] writing ../../build/catatron_description/catatron_description.egg-info/PKG-INFO
[0.517s] writing dependency_links to ../../build/catatron_description/catatron_description.egg-info/dependency_links.txt
[0.517s] writing entry points to ../../build/catatron_description/catatron_description.egg-info/entry_points.txt
[0.517s] writing requirements to ../../build/catatron_description/catatron_description.egg-info/requires.txt
[0.517s] writing top-level names to ../../build/catatron_description/catatron_description.egg-info/top_level.txt
[0.517s] writing manifest file '../../build/catatron_description/catatron_description.egg-info/SOURCES.txt'
[0.518s] reading manifest file '../../build/catatron_description/catatron_description.egg-info/SOURCES.txt'
[0.518s] writing manifest file '../../build/catatron_description/catatron_description.egg-info/SOURCES.txt'
[0.518s] running build
[0.519s] running build_py
[0.519s] creating /home/sudharsan/catatron_ws/build/catatron_description/build
[0.519s] creating /home/sudharsan/catatron_ws/build/catatron_description/build/lib
[0.519s] creating /home/sudharsan/catatron_ws/build/catatron_description/build/lib/catatron_description
[0.519s] copying catatron_description/__init__.py -> /home/sudharsan/catatron_ws/build/catatron_description/build/lib/catatron_description
[0.519s] running install
[0.519s] running install_lib
[0.519s] creating /home/sudharsan/catatron_ws/install/catatron_description/lib/python3.10/site-packages/catatron_description
[0.520s] copying /home/sudharsan/catatron_ws/build/catatron_description/build/lib/catatron_description/__init__.py -> /home/sudharsan/catatron_ws/install/catatron_description/lib/python3.10/site-packages/catatron_description
[0.520s] byte-compiling /home/sudharsan/catatron_ws/install/catatron_description/lib/python3.10/site-packages/catatron_description/__init__.py to __init__.cpython-310.pyc
[0.520s] running install_data
[0.520s] creating /home/sudharsan/catatron_ws/install/catatron_description/share/ament_index
[0.520s] creating /home/sudharsan/catatron_ws/install/catatron_description/share/ament_index/resource_index
[0.520s] creating /home/sudharsan/catatron_ws/install/catatron_description/share/ament_index/resource_index/packages
[0.520s] copying resource/catatron_description -> /home/sudharsan/catatron_ws/install/catatron_description/share/ament_index/resource_index/packages
[0.520s] copying package.xml -> /home/sudharsan/catatron_ws/install/catatron_description/share/catatron_description
[0.520s] creating /home/sudharsan/catatron_ws/install/catatron_description/share/catatron_description/launch
[0.521s] copying launch/robot.launch.py -> /home/sudharsan/catatron_ws/install/catatron_description/share/catatron_description/launch
[0.521s] creating /home/sudharsan/catatron_ws/install/catatron_description/share/catatron_description/urdf
[0.521s] copying urdf/catatron.urdf -> /home/sudharsan/catatron_ws/install/catatron_description/share/catatron_description/urdf
[0.521s] creating /home/sudharsan/catatron_ws/install/catatron_description/share/catatron_description/worlds
[0.521s] copying worlds/empty_world.world -> /home/sudharsan/catatron_ws/install/catatron_description/share/catatron_description/worlds
[0.521s] creating /home/sudharsan/catatron_ws/install/catatron_description/share/catatron_description/config
[0.521s] copying config/joint_controller.yaml -> /home/sudharsan/catatron_ws/install/catatron_description/share/catatron_description/config
[0.521s] running install_egg_info
[0.522s] Copying ../../build/catatron_description/catatron_description.egg-info to /home/sudharsan/catatron_ws/install/catatron_description/lib/python3.10/site-packages/catatron_description-0.1.0-py3.10.egg-info
[0.522s] running install_scripts
[0.538s] Installing robot.launch script to /home/sudharsan/catatron_ws/install/catatron_description/lib/catatron_description
[0.538s] writing list of installed files to '/home/sudharsan/catatron_ws/build/catatron_description/install.log'
[0.553s] Invoked command in '/home/sudharsan/catatron_ws/src/catatron_description' returned '0': PYTHONPATH=/home/sudharsan/catatron_ws/build/catatron_description/prefix_override:/usr/lib/python3/dist-packages/colcon_core/task/python/colcon_distutils_commands:/home/sudharsan/catatron_ws/install/catatron_description/lib/python3.10/site-packages:${PYTHONPATH} /usr/bin/python3 -W ignore:setup.py install is deprecated setup.py egg_info --egg-base ../../build/catatron_description build --build-base /home/sudharsan/catatron_ws/build/catatron_description/build install --record /home/sudharsan/catatron_ws/build/catatron_description/install.log --single-version-externally-managed install_data
