running egg_info
writing ../../build/catatron_description/catatron_description.egg-info/PKG-INFO
writing dependency_links to ../../build/catatron_description/catatron_description.egg-info/dependency_links.txt
writing entry points to ../../build/catatron_description/catatron_description.egg-info/entry_points.txt
writing requirements to ../../build/catatron_description/catatron_description.egg-info/requires.txt
writing top-level names to ../../build/catatron_description/catatron_description.egg-info/top_level.txt
reading manifest file '../../build/catatron_description/catatron_description.egg-info/SOURCES.txt'
writing manifest file '../../build/catatron_description/catatron_description.egg-info/SOURCES.txt'
running build
running build_py
copying catatron_description/inv_kin_node.py -> /home/abhinand/Envisage/catatron_ws/build/catatron_description/build/lib/catatron_description
running install
running install_lib
copying /home/abhinand/Envisage/catatron_ws/build/catatron_description/build/lib/catatron_description/inv_kin_node.py -> /home/abhinand/Envisage/catatron_ws/install/catatron_description/lib/python3.10/site-packages/catatron_description
byte-compiling /home/abhinand/Envisage/catatron_ws/install/catatron_description/lib/python3.10/site-packages/catatron_description/inv_kin_node.py to inv_kin_node.cpython-310.pyc
running install_data
copying catatron_description/inv_kin_node.py -> /home/abhinand/Envisage/catatron_ws/install/catatron_description/share/catatron_description/catatron_description
running install_egg_info
removing '/home/abhinand/Envisage/catatron_ws/install/catatron_description/lib/python3.10/site-packages/catatron_description-0.1.0-py3.10.egg-info' (and everything under it)
Copying ../../build/catatron_description/catatron_description.egg-info to /home/abhinand/Envisage/catatron_ws/install/catatron_description/lib/python3.10/site-packages/catatron_description-0.1.0-py3.10.egg-info
running install_scripts
Installing controller script to /home/abhinand/Envisage/catatron_ws/install/catatron_description/lib/catatron_description
Installing inv_kin_node script to /home/abhinand/Envisage/catatron_ws/install/catatron_description/lib/catatron_description
Installing joint_angles_check script to /home/abhinand/Envisage/catatron_ws/install/catatron_description/lib/catatron_description
Installing joint_angles_param script to /home/abhinand/Envisage/catatron_ws/install/catatron_description/lib/catatron_description
Installing robot_launch script to /home/abhinand/Envisage/catatron_ws/install/catatron_description/lib/catatron_description
writing list of installed files to '/home/abhinand/Envisage/catatron_ws/build/catatron_description/install.log'
