[0.790s] Invoking command in '/home/ajoymathew07/Catatron/Catatron/src/catatron_description': PYTHONPATH=/home/ajoymathew07/Catatron/Catatron/build/catatron_description/prefix_override:/usr/lib/python3/dist-packages/colcon_core/task/python/colcon_distutils_commands:/home/ajoymathew07/Catatron/Catatron/install/catatron_description/lib/python3.10/site-packages:${PYTHONPATH} /usr/bin/python3 -W ignore:setup.py install is deprecated -W ignore:easy_install command is deprecated setup.py egg_info --egg-base ../../build/catatron_description build --build-base /home/ajoymathew07/Catatron/Catatron/build/catatron_description/build install --record /home/ajoymathew07/Catatron/Catatron/build/catatron_description/install.log --single-version-externally-managed install_data
[0.975s] running egg_info
[0.988s] writing ../../build/catatron_description/catatron_description.egg-info/PKG-INFO
[0.988s] writing dependency_links to ../../build/catatron_description/catatron_description.egg-info/dependency_links.txt
[0.988s] writing entry points to ../../build/catatron_description/catatron_description.egg-info/entry_points.txt
[0.988s] writing requirements to ../../build/catatron_description/catatron_description.egg-info/requires.txt
[0.988s] writing top-level names to ../../build/catatron_description/catatron_description.egg-info/top_level.txt
[1.014s] reading manifest file '../../build/catatron_description/catatron_description.egg-info/SOURCES.txt'
[1.016s] writing manifest file '../../build/catatron_description/catatron_description.egg-info/SOURCES.txt'
[1.016s] running build
[1.016s] running build_py
[1.016s] copying catatron_description/controller.py -> /home/ajoymathew07/Catatron/Catatron/build/catatron_description/build/lib/catatron_description
[1.016s] copying catatron_description/inv_kin_dual.py -> /home/ajoymathew07/Catatron/Catatron/build/catatron_description/build/lib/catatron_description
[1.016s] copying catatron_description/__init__.py -> /home/ajoymathew07/Catatron/Catatron/build/catatron_description/build/lib/catatron_description
[1.016s] copying catatron_description/joint_angles_param.py -> /home/ajoymathew07/Catatron/Catatron/build/catatron_description/build/lib/catatron_description
[1.017s] copying catatron_description/joint_angles_check.py -> /home/ajoymathew07/Catatron/Catatron/build/catatron_description/build/lib/catatron_description
[1.017s] copying catatron_description/inv_kin_node.py -> /home/ajoymathew07/Catatron/Catatron/build/catatron_description/build/lib/catatron_description
[1.017s] running install
[1.020s] running install_lib
[1.035s] running install_data
[1.035s] copying resource/catatron_description -> /home/ajoymathew07/Catatron/Catatron/install/catatron_description/share/ament_index/resource_index/packages
[1.035s] copying package.xml -> /home/ajoymathew07/Catatron/Catatron/install/catatron_description/share/catatron_description
[1.035s] copying launch/robot.launch.py -> /home/ajoymathew07/Catatron/Catatron/install/catatron_description/share/catatron_description/launch
[1.036s] copying launch/pushup.launch.py -> /home/ajoymathew07/Catatron/Catatron/install/catatron_description/share/catatron_description/launch
[1.036s] copying urdf/catatron.urdf -> /home/ajoymathew07/Catatron/Catatron/install/catatron_description/share/catatron_description/urdf
[1.036s] copying mesh_files/FR1_obj.obj -> /home/ajoymathew07/Catatron/Catatron/install/catatron_description/share/catatron_description/mesh_files
[1.042s] copying mesh_files/FL1_obj.mtl -> /home/ajoymathew07/Catatron/Catatron/install/catatron_description/share/catatron_description/mesh_files
[1.042s] copying mesh_files/thread.jpg -> /home/ajoymathew07/Catatron/Catatron/install/catatron_description/share/catatron_description/mesh_files
[1.042s] copying mesh_files/L2_obj.mtl -> /home/ajoymathew07/Catatron/Catatron/install/catatron_description/share/catatron_description/mesh_files
[1.042s] copying mesh_files/L3_obj.obj -> /home/ajoymathew07/Catatron/Catatron/install/catatron_description/share/catatron_description/mesh_files
[1.046s] copying mesh_files/R3_obj.mtl -> /home/ajoymathew07/Catatron/Catatron/install/catatron_description/share/catatron_description/mesh_files
[1.046s] copying mesh_files/body_obj.obj -> /home/ajoymathew07/Catatron/Catatron/install/catatron_description/share/catatron_description/mesh_files
[1.118s] copying mesh_files/FR1_obj.mtl -> /home/ajoymathew07/Catatron/Catatron/install/catatron_description/share/catatron_description/mesh_files
[1.118s] copying mesh_files/FL1_obj.obj -> /home/ajoymathew07/Catatron/Catatron/install/catatron_description/share/catatron_description/mesh_files
[1.123s] copying mesh_files/RR1_obj.obj -> /home/ajoymathew07/Catatron/Catatron/install/catatron_description/share/catatron_description/mesh_files
[1.127s] copying mesh_files/RL1_obj.mtl -> /home/ajoymathew07/Catatron/Catatron/install/catatron_description/share/catatron_description/mesh_files
[1.128s] copying mesh_files/RL1_obj.obj -> /home/ajoymathew07/Catatron/Catatron/install/catatron_description/share/catatron_description/mesh_files
[1.133s] copying mesh_files/RR1_obj.mtl -> /home/ajoymathew07/Catatron/Catatron/install/catatron_description/share/catatron_description/mesh_files
[1.134s] copying mesh_files/L2_obj.obj -> /home/ajoymathew07/Catatron/Catatron/install/catatron_description/share/catatron_description/mesh_files
[1.137s] copying mesh_files/R2_obj.mtl -> /home/ajoymathew07/Catatron/Catatron/install/catatron_description/share/catatron_description/mesh_files
[1.137s] copying mesh_files/R2_obj.obj -> /home/ajoymathew07/Catatron/Catatron/install/catatron_description/share/catatron_description/mesh_files
[1.141s] copying mesh_files/L3_obj.mtl -> /home/ajoymathew07/Catatron/Catatron/install/catatron_description/share/catatron_description/mesh_files
[1.141s] copying mesh_files/R3_obj.obj -> /home/ajoymathew07/Catatron/Catatron/install/catatron_description/share/catatron_description/mesh_files
[1.144s] copying mesh_files/body_obj.mtl -> /home/ajoymathew07/Catatron/Catatron/install/catatron_description/share/catatron_description/mesh_files
[1.144s] copying config/joint_controller.yaml -> /home/ajoymathew07/Catatron/Catatron/install/catatron_description/share/catatron_description/config
[1.145s] copying catatron_description/controller.py -> /home/ajoymathew07/Catatron/Catatron/install/catatron_description/share/catatron_description/catatron_description
[1.145s] copying catatron_description/inv_kin_dual.py -> /home/ajoymathew07/Catatron/Catatron/install/catatron_description/share/catatron_description/catatron_description
[1.145s] copying catatron_description/__init__.py -> /home/ajoymathew07/Catatron/Catatron/install/catatron_description/share/catatron_description/catatron_description
[1.145s] copying catatron_description/joint_angles_param.py -> /home/ajoymathew07/Catatron/Catatron/install/catatron_description/share/catatron_description/catatron_description
[1.145s] copying catatron_description/joint_angles_check.py -> /home/ajoymathew07/Catatron/Catatron/install/catatron_description/share/catatron_description/catatron_description
[1.145s] copying catatron_description/inv_kin_node.py -> /home/ajoymathew07/Catatron/Catatron/install/catatron_description/share/catatron_description/catatron_description
[1.146s] copying worlds/empty_world.world -> /home/ajoymathew07/Catatron/Catatron/install/catatron_description/share/catatron_description/worlds
[1.146s] running install_egg_info
[1.162s] removing '/home/ajoymathew07/Catatron/Catatron/install/catatron_description/lib/python3.10/site-packages/catatron_description-0.1.0-py3.10.egg-info' (and everything under it)
[1.162s] Copying ../../build/catatron_description/catatron_description.egg-info to /home/ajoymathew07/Catatron/Catatron/install/catatron_description/lib/python3.10/site-packages/catatron_description-0.1.0-py3.10.egg-info
[1.163s] running install_scripts
[1.270s] Installing controller script to /home/ajoymathew07/Catatron/Catatron/install/catatron_description/lib/catatron_description
[1.271s] Installing inv_kin_node script to /home/ajoymathew07/Catatron/Catatron/install/catatron_description/lib/catatron_description
[1.271s] Installing joint_angles_check script to /home/ajoymathew07/Catatron/Catatron/install/catatron_description/lib/catatron_description
[1.271s] Installing joint_angles_param script to /home/ajoymathew07/Catatron/Catatron/install/catatron_description/lib/catatron_description
[1.271s] Installing robot_launch script to /home/ajoymathew07/Catatron/Catatron/install/catatron_description/lib/catatron_description
[1.271s] writing list of installed files to '/home/ajoymathew07/Catatron/Catatron/build/catatron_description/install.log'
[1.297s] Invoked command in '/home/ajoymathew07/Catatron/Catatron/src/catatron_description' returned '0': PYTHONPATH=/home/ajoymathew07/Catatron/Catatron/build/catatron_description/prefix_override:/usr/lib/python3/dist-packages/colcon_core/task/python/colcon_distutils_commands:/home/ajoymathew07/Catatron/Catatron/install/catatron_description/lib/python3.10/site-packages:${PYTHONPATH} /usr/bin/python3 -W ignore:setup.py install is deprecated -W ignore:easy_install command is deprecated setup.py egg_info --egg-base ../../build/catatron_description build --build-base /home/ajoymathew07/Catatron/Catatron/build/catatron_description/build install --record /home/ajoymathew07/Catatron/Catatron/build/catatron_description/install.log --single-version-externally-managed install_data
