[0.814s] Invoking command in '/home/abhinand/Envisage/catatron_ws/src/catatron_description': PYTHONPATH=/home/abhinand/Envisage/catatron_ws/build/catatron_description/prefix_override:/usr/lib/python3/dist-packages/colcon_core/task/python/colcon_distutils_commands:/home/abhinand/Envisage/catatron_ws/install/catatron_description/lib/python3.10/site-packages:${PYTHONPATH} /usr/bin/python3 -W ignore:setup.py install is deprecated setup.py egg_info --egg-base ../../build/catatron_description build --build-base /home/abhinand/Envisage/catatron_ws/build/catatron_description/build install --record /home/abhinand/Envisage/catatron_ws/build/catatron_description/install.log --single-version-externally-managed install_data
[1.077s] running egg_info
[1.077s] creating ../../build/catatron_description/catatron_description.egg-info
[1.077s] writing ../../build/catatron_description/catatron_description.egg-info/PKG-INFO
[1.078s] writing dependency_links to ../../build/catatron_description/catatron_description.egg-info/dependency_links.txt
[1.078s] writing entry points to ../../build/catatron_description/catatron_description.egg-info/entry_points.txt
[1.078s] writing requirements to ../../build/catatron_description/catatron_description.egg-info/requires.txt
[1.078s] writing top-level names to ../../build/catatron_description/catatron_description.egg-info/top_level.txt
[1.078s] writing manifest file '../../build/catatron_description/catatron_description.egg-info/SOURCES.txt'
[1.080s] reading manifest file '../../build/catatron_description/catatron_description.egg-info/SOURCES.txt'
[1.081s] writing manifest file '../../build/catatron_description/catatron_description.egg-info/SOURCES.txt'
[1.081s] running build
[1.081s] running build_py
[1.081s] creating /home/abhinand/Envisage/catatron_ws/build/catatron_description/build
[1.081s] creating /home/abhinand/Envisage/catatron_ws/build/catatron_description/build/lib
[1.082s] creating /home/abhinand/Envisage/catatron_ws/build/catatron_description/build/lib/catatron_description
[1.082s] copying catatron_description/__init__.py -> /home/abhinand/Envisage/catatron_ws/build/catatron_description/build/lib/catatron_description
[1.082s] running install
[1.082s] running install_lib
[1.082s] creating /home/abhinand/Envisage/catatron_ws/install/catatron_description/lib/python3.10/site-packages/catatron_description
[1.083s] copying /home/abhinand/Envisage/catatron_ws/build/catatron_description/build/lib/catatron_description/__init__.py -> /home/abhinand/Envisage/catatron_ws/install/catatron_description/lib/python3.10/site-packages/catatron_description
[1.083s] byte-compiling /home/abhinand/Envisage/catatron_ws/install/catatron_description/lib/python3.10/site-packages/catatron_description/__init__.py to __init__.cpython-310.pyc
[1.083s] running install_data
[1.083s] creating /home/abhinand/Envisage/catatron_ws/install/catatron_description/share/ament_index
[1.084s] creating /home/abhinand/Envisage/catatron_ws/install/catatron_description/share/ament_index/resource_index
[1.084s] creating /home/abhinand/Envisage/catatron_ws/install/catatron_description/share/ament_index/resource_index/packages
[1.084s] copying resource/catatron_description -> /home/abhinand/Envisage/catatron_ws/install/catatron_description/share/ament_index/resource_index/packages
[1.084s] copying package.xml -> /home/abhinand/Envisage/catatron_ws/install/catatron_description/share/catatron_description
[1.084s] creating /home/abhinand/Envisage/catatron_ws/install/catatron_description/share/catatron_description/launch
[1.084s] copying launch/robot.launch.py -> /home/abhinand/Envisage/catatron_ws/install/catatron_description/share/catatron_description/launch
[1.084s] creating /home/abhinand/Envisage/catatron_ws/install/catatron_description/share/catatron_description/urdf
[1.085s] copying urdf/catatron.urdf -> /home/abhinand/Envisage/catatron_ws/install/catatron_description/share/catatron_description/urdf
[1.085s] creating /home/abhinand/Envisage/catatron_ws/install/catatron_description/share/catatron_description/mesh_files
[1.085s] creating /home/abhinand/Envisage/catatron_ws/install/catatron_description/share/catatron_description/mesh_files/dae_files
[1.085s] creating /home/abhinand/Envisage/catatron_ws/install/catatron_description/share/catatron_description/config
[1.085s] copying config/joint_controller.yaml -> /home/abhinand/Envisage/catatron_ws/install/catatron_description/share/catatron_description/config
[1.085s] creating /home/abhinand/Envisage/catatron_ws/install/catatron_description/share/catatron_description/scripts
[1.085s] copying scripts/controller.py -> /home/abhinand/Envisage/catatron_ws/install/catatron_description/share/catatron_description/scripts
[1.085s] running install_egg_info
[1.086s] Copying ../../build/catatron_description/catatron_description.egg-info to /home/abhinand/Envisage/catatron_ws/install/catatron_description/lib/python3.10/site-packages/catatron_description-0.1.0-py3.10.egg-info
[1.087s] running install_scripts
[1.103s] Installing controller script to /home/abhinand/Envisage/catatron_ws/install/catatron_description/lib/catatron_description
[1.104s] Installing robot_launch script to /home/abhinand/Envisage/catatron_ws/install/catatron_description/lib/catatron_description
[1.104s] writing list of installed files to '/home/abhinand/Envisage/catatron_ws/build/catatron_description/install.log'
[1.136s] Invoked command in '/home/abhinand/Envisage/catatron_ws/src/catatron_description' returned '0': PYTHONPATH=/home/abhinand/Envisage/catatron_ws/build/catatron_description/prefix_override:/usr/lib/python3/dist-packages/colcon_core/task/python/colcon_distutils_commands:/home/abhinand/Envisage/catatron_ws/install/catatron_description/lib/python3.10/site-packages:${PYTHONPATH} /usr/bin/python3 -W ignore:setup.py install is deprecated setup.py egg_info --egg-base ../../build/catatron_description build --build-base /home/abhinand/Envisage/catatron_ws/build/catatron_description/build install --record /home/abhinand/Envisage/catatron_ws/build/catatron_description/install.log --single-version-externally-managed install_data
