[0.654s] Invoking command in '/home/abhinand/Envisage/catatron_ws/src/catatron_description': PYTHONPATH=/home/abhinand/Envisage/catatron_ws/build/catatron_description/prefix_override:/usr/lib/python3/dist-packages/colcon_core/task/python/colcon_distutils_commands:/home/abhinand/Envisage/catatron_ws/install/catatron_description/lib/python3.10/site-packages:${PYTHONPATH} /usr/bin/python3 -W ignore:setup.py install is deprecated setup.py egg_info --egg-base ../../build/catatron_description build --build-base /home/abhinand/Envisage/catatron_ws/build/catatron_description/build install --record /home/abhinand/Envisage/catatron_ws/build/catatron_description/install.log --single-version-externally-managed install_data
[0.907s] running egg_info
[0.908s] writing ../../build/catatron_description/catatron_description.egg-info/PKG-INFO
[0.908s] writing dependency_links to ../../build/catatron_description/catatron_description.egg-info/dependency_links.txt
[0.908s] writing entry points to ../../build/catatron_description/catatron_description.egg-info/entry_points.txt
[0.908s] writing requirements to ../../build/catatron_description/catatron_description.egg-info/requires.txt
[0.909s] writing top-level names to ../../build/catatron_description/catatron_description.egg-info/top_level.txt
[0.910s] reading manifest file '../../build/catatron_description/catatron_description.egg-info/SOURCES.txt'
[0.911s] writing manifest file '../../build/catatron_description/catatron_description.egg-info/SOURCES.txt'
[0.911s] running build
[0.911s] running build_py
[0.911s] copying catatron_description/inv_kin_node.py -> /home/abhinand/Envisage/catatron_ws/build/catatron_description/build/lib/catatron_description
[0.912s] running install
[0.912s] running install_lib
[0.912s] copying /home/abhinand/Envisage/catatron_ws/build/catatron_description/build/lib/catatron_description/inv_kin_node.py -> /home/abhinand/Envisage/catatron_ws/install/catatron_description/lib/python3.10/site-packages/catatron_description
[0.913s] byte-compiling /home/abhinand/Envisage/catatron_ws/install/catatron_description/lib/python3.10/site-packages/catatron_description/inv_kin_node.py to inv_kin_node.cpython-310.pyc
[0.914s] running install_data
[0.915s] copying catatron_description/inv_kin_node.py -> /home/abhinand/Envisage/catatron_ws/install/catatron_description/share/catatron_description/catatron_description
[0.915s] running install_egg_info
[0.916s] removing '/home/abhinand/Envisage/catatron_ws/install/catatron_description/lib/python3.10/site-packages/catatron_description-0.1.0-py3.10.egg-info' (and everything under it)
[0.917s] Copying ../../build/catatron_description/catatron_description.egg-info to /home/abhinand/Envisage/catatron_ws/install/catatron_description/lib/python3.10/site-packages/catatron_description-0.1.0-py3.10.egg-info
[0.917s] running install_scripts
[0.934s] Installing controller script to /home/abhinand/Envisage/catatron_ws/install/catatron_description/lib/catatron_description
[0.934s] Installing inv_kin_node script to /home/abhinand/Envisage/catatron_ws/install/catatron_description/lib/catatron_description
[0.935s] Installing joint_angles_check script to /home/abhinand/Envisage/catatron_ws/install/catatron_description/lib/catatron_description
[0.935s] Installing robot_launch script to /home/abhinand/Envisage/catatron_ws/install/catatron_description/lib/catatron_description
[0.935s] writing list of installed files to '/home/abhinand/Envisage/catatron_ws/build/catatron_description/install.log'
[0.964s] Invoked command in '/home/abhinand/Envisage/catatron_ws/src/catatron_description' returned '0': PYTHONPATH=/home/abhinand/Envisage/catatron_ws/build/catatron_description/prefix_override:/usr/lib/python3/dist-packages/colcon_core/task/python/colcon_distutils_commands:/home/abhinand/Envisage/catatron_ws/install/catatron_description/lib/python3.10/site-packages:${PYTHONPATH} /usr/bin/python3 -W ignore:setup.py install is deprecated setup.py egg_info --egg-base ../../build/catatron_description build --build-base /home/abhinand/Envisage/catatron_ws/build/catatron_description/build install --record /home/abhinand/Envisage/catatron_ws/build/catatron_description/install.log --single-version-externally-managed install_data
