[1.040s] Invoking command in '/home/abhinand/Envisage/catatron_ws/src/catatron_gait_control': PYTHONPATH=/home/abhinand/Envisage/catatron_ws/build/catatron_gait_control/prefix_override:/usr/lib/python3/dist-packages/colcon_core/task/python/colcon_distutils_commands:/home/abhinand/Envisage/catatron_ws/install/catatron_gait_control/lib/python3.10/site-packages:${PYTHONPATH} /usr/bin/python3 -W ignore:setup.py install is deprecated setup.py egg_info --egg-base ../../build/catatron_gait_control build --build-base /home/abhinand/Envisage/catatron_ws/build/catatron_gait_control/build install --record /home/abhinand/Envisage/catatron_ws/build/catatron_gait_control/install.log --single-version-externally-managed install_data
[1.310s] running egg_info
[1.311s] writing ../../build/catatron_gait_control/catatron_gait_control.egg-info/PKG-INFO
[1.311s] writing dependency_links to ../../build/catatron_gait_control/catatron_gait_control.egg-info/dependency_links.txt
[1.311s] writing entry points to ../../build/catatron_gait_control/catatron_gait_control.egg-info/entry_points.txt
[1.311s] writing requirements to ../../build/catatron_gait_control/catatron_gait_control.egg-info/requires.txt
[1.311s] writing top-level names to ../../build/catatron_gait_control/catatron_gait_control.egg-info/top_level.txt
[1.313s] reading manifest file '../../build/catatron_gait_control/catatron_gait_control.egg-info/SOURCES.txt'
[1.314s] writing manifest file '../../build/catatron_gait_control/catatron_gait_control.egg-info/SOURCES.txt'
[1.314s] running build
[1.315s] running build_py
[1.315s] copying catatron_gait_control/CatatronGaitControl.py -> /home/abhinand/Envisage/catatron_ws/build/catatron_gait_control/build/lib/catatron_gait_control
[1.315s] copying catatron_gait_control/JoystickController.py -> /home/abhinand/Envisage/catatron_ws/build/catatron_gait_control/build/lib/catatron_gait_control
[1.315s] running install
[1.316s] running install_lib
[1.316s] copying /home/abhinand/Envisage/catatron_ws/build/catatron_gait_control/build/lib/catatron_gait_control/CatatronGaitControl.py -> /home/abhinand/Envisage/catatron_ws/install/catatron_gait_control/lib/python3.10/site-packages/catatron_gait_control
[1.317s] copying /home/abhinand/Envisage/catatron_ws/build/catatron_gait_control/build/lib/catatron_gait_control/JoystickController.py -> /home/abhinand/Envisage/catatron_ws/install/catatron_gait_control/lib/python3.10/site-packages/catatron_gait_control
[1.318s] byte-compiling /home/abhinand/Envisage/catatron_ws/install/catatron_gait_control/lib/python3.10/site-packages/catatron_gait_control/CatatronGaitControl.py to CatatronGaitControl.cpython-310.pyc
[1.319s] byte-compiling /home/abhinand/Envisage/catatron_ws/install/catatron_gait_control/lib/python3.10/site-packages/catatron_gait_control/JoystickController.py to JoystickController.cpython-310.pyc
[1.320s] running install_data
[1.320s] copying catatron_gait_control/CatatronGaitControl.py -> /home/abhinand/Envisage/catatron_ws/install/catatron_gait_control/share/catatron_gait_control/catatron_gait_control
[1.320s] copying catatron_gait_control/JoystickController.py -> /home/abhinand/Envisage/catatron_ws/install/catatron_gait_control/share/catatron_gait_control/catatron_gait_control
[1.320s] running install_egg_info
[1.322s] removing '/home/abhinand/Envisage/catatron_ws/install/catatron_gait_control/lib/python3.10/site-packages/catatron_gait_control-0.0.0-py3.10.egg-info' (and everything under it)
[1.323s] Copying ../../build/catatron_gait_control/catatron_gait_control.egg-info to /home/abhinand/Envisage/catatron_ws/install/catatron_gait_control/lib/python3.10/site-packages/catatron_gait_control-0.0.0-py3.10.egg-info
[1.323s] running install_scripts
[1.341s] Installing joy script to /home/abhinand/Envisage/catatron_ws/install/catatron_gait_control/lib/catatron_gait_control
[1.341s] Installing joystick_controller script to /home/abhinand/Envisage/catatron_ws/install/catatron_gait_control/lib/catatron_gait_control
[1.341s] Installing main_control script to /home/abhinand/Envisage/catatron_ws/install/catatron_gait_control/lib/catatron_gait_control
[1.342s] writing list of installed files to '/home/abhinand/Envisage/catatron_ws/build/catatron_gait_control/install.log'
[1.377s] Invoked command in '/home/abhinand/Envisage/catatron_ws/src/catatron_gait_control' returned '0': PYTHONPATH=/home/abhinand/Envisage/catatron_ws/build/catatron_gait_control/prefix_override:/usr/lib/python3/dist-packages/colcon_core/task/python/colcon_distutils_commands:/home/abhinand/Envisage/catatron_ws/install/catatron_gait_control/lib/python3.10/site-packages:${PYTHONPATH} /usr/bin/python3 -W ignore:setup.py install is deprecated setup.py egg_info --egg-base ../../build/catatron_gait_control build --build-base /home/abhinand/Envisage/catatron_ws/build/catatron_gait_control/build install --record /home/abhinand/Envisage/catatron_ws/build/catatron_gait_control/install.log --single-version-externally-managed install_data
