[0.963s] Invoking command in '/home/ajoymathew07/Catatron/Catatron/src/catatron_description': PYTHONPATH=/home/ajoymathew07/Catatron/Catatron/build/catatron_description/prefix_override:/usr/lib/python3/dist-packages/colcon_core/task/python/colcon_distutils_commands:/home/ajoymathew07/Catatron/Catatron/install/catatron_description/lib/python3.10/site-packages:${PYTHONPATH} /usr/bin/python3 -W ignore:setup.py install is deprecated -W ignore:easy_install command is deprecated setup.py egg_info --egg-base ../../build/catatron_description build --build-base /home/ajoymathew07/Catatron/Catatron/build/catatron_description/build install --record /home/ajoymathew07/Catatron/Catatron/build/catatron_description/install.log --single-version-externally-managed install_data
[1.142s] running egg_info
[1.154s] writing ../../build/catatron_description/catatron_description.egg-info/PKG-INFO
[1.155s] writing dependency_links to ../../build/catatron_description/catatron_description.egg-info/dependency_links.txt
[1.155s] writing entry points to ../../build/catatron_description/catatron_description.egg-info/entry_points.txt
[1.155s] writing requirements to ../../build/catatron_description/catatron_description.egg-info/requires.txt
[1.155s] writing top-level names to ../../build/catatron_description/catatron_description.egg-info/top_level.txt
[1.180s] reading manifest file '../../build/catatron_description/catatron_description.egg-info/SOURCES.txt'
[1.182s] writing manifest file '../../build/catatron_description/catatron_description.egg-info/SOURCES.txt'
[1.182s] running build
[1.182s] running build_py
[1.182s] copying catatron_description/controller.py -> /home/ajoymathew07/Catatron/Catatron/build/catatron_description/build/lib/catatron_description
[1.182s] copying catatron_description/inv_kin_dual.py -> /home/ajoymathew07/Catatron/Catatron/build/catatron_description/build/lib/catatron_description
[1.182s] copying catatron_description/__init__.py -> /home/ajoymathew07/Catatron/Catatron/build/catatron_description/build/lib/catatron_description
[1.182s] copying catatron_description/joint_angles_param.py -> /home/ajoymathew07/Catatron/Catatron/build/catatron_description/build/lib/catatron_description
[1.183s] copying catatron_description/joint_angles_check.py -> /home/ajoymathew07/Catatron/Catatron/build/catatron_description/build/lib/catatron_description
[1.183s] copying catatron_description/inv_kin_node.py -> /home/ajoymathew07/Catatron/Catatron/build/catatron_description/build/lib/catatron_description
[1.183s] running install
[1.187s] running install_lib
[1.201s] running install_data
[1.201s] copying resource/catatron_description -> /home/ajoymathew07/Catatron/Catatron/install/catatron_description/share/ament_index/resource_index/packages
[1.202s] copying package.xml -> /home/ajoymathew07/Catatron/Catatron/install/catatron_description/share/catatron_description
[1.202s] copying launch/robot.launch.py -> /home/ajoymathew07/Catatron/Catatron/install/catatron_description/share/catatron_description/launch
[1.202s] copying launch/pushup.launch.py -> /home/ajoymathew07/Catatron/Catatron/install/catatron_description/share/catatron_description/launch
[1.202s] copying urdf/catatron.urdf -> /home/ajoymathew07/Catatron/Catatron/install/catatron_description/share/catatron_description/urdf
[1.203s] copying config/joint_controller.yaml -> /home/ajoymathew07/Catatron/Catatron/install/catatron_description/share/catatron_description/config
[1.203s] copying catatron_description/controller.py -> /home/ajoymathew07/Catatron/Catatron/install/catatron_description/share/catatron_description/catatron_description
[1.203s] copying catatron_description/inv_kin_dual.py -> /home/ajoymathew07/Catatron/Catatron/install/catatron_description/share/catatron_description/catatron_description
[1.203s] copying catatron_description/__init__.py -> /home/ajoymathew07/Catatron/Catatron/install/catatron_description/share/catatron_description/catatron_description
[1.204s] copying catatron_description/joint_angles_param.py -> /home/ajoymathew07/Catatron/Catatron/install/catatron_description/share/catatron_description/catatron_description
[1.204s] copying catatron_description/joint_angles_check.py -> /home/ajoymathew07/Catatron/Catatron/install/catatron_description/share/catatron_description/catatron_description
[1.204s] copying catatron_description/inv_kin_node.py -> /home/ajoymathew07/Catatron/Catatron/install/catatron_description/share/catatron_description/catatron_description
[1.204s] copying worlds/empty_world.world -> /home/ajoymathew07/Catatron/Catatron/install/catatron_description/share/catatron_description/worlds
[1.204s] running install_egg_info
[1.219s] removing '/home/ajoymathew07/Catatron/Catatron/install/catatron_description/lib/python3.10/site-packages/catatron_description-0.1.0-py3.10.egg-info' (and everything under it)
[1.219s] Copying ../../build/catatron_description/catatron_description.egg-info to /home/ajoymathew07/Catatron/Catatron/install/catatron_description/lib/python3.10/site-packages/catatron_description-0.1.0-py3.10.egg-info
[1.220s] running install_scripts
[1.324s] Installing controller script to /home/ajoymathew07/Catatron/Catatron/install/catatron_description/lib/catatron_description
[1.324s] Installing inv_kin_node script to /home/ajoymathew07/Catatron/Catatron/install/catatron_description/lib/catatron_description
[1.324s] Installing joint_angles_check script to /home/ajoymathew07/Catatron/Catatron/install/catatron_description/lib/catatron_description
[1.324s] Installing joint_angles_param script to /home/ajoymathew07/Catatron/Catatron/install/catatron_description/lib/catatron_description
[1.324s] Installing robot_launch script to /home/ajoymathew07/Catatron/Catatron/install/catatron_description/lib/catatron_description
[1.324s] writing list of installed files to '/home/ajoymathew07/Catatron/Catatron/build/catatron_description/install.log'
[1.360s] Invoked command in '/home/ajoymathew07/Catatron/Catatron/src/catatron_description' returned '0': PYTHONPATH=/home/ajoymathew07/Catatron/Catatron/build/catatron_description/prefix_override:/usr/lib/python3/dist-packages/colcon_core/task/python/colcon_distutils_commands:/home/ajoymathew07/Catatron/Catatron/install/catatron_description/lib/python3.10/site-packages:${PYTHONPATH} /usr/bin/python3 -W ignore:setup.py install is deprecated -W ignore:easy_install command is deprecated setup.py egg_info --egg-base ../../build/catatron_description build --build-base /home/ajoymathew07/Catatron/Catatron/build/catatron_description/build install --record /home/ajoymathew07/Catatron/Catatron/build/catatron_description/install.log --single-version-externally-managed install_data
